<?xml version="1.0" encoding="UTF-8"?>
<testsuite xmlns:xsi="http://www.w3.org/2001/XMLSchema-instance" xsi:noNamespaceSchemaLocation="https://maven.apache.org/surefire/maven-surefire-plugin/xsd/surefire-test-report-3.0.xsd" version="3.0" name="TestSuite" time="83.423" tests="3" errors="0" skipped="0" failures="0">
  <properties>
    <property name="sun.desktop" value="windows"/>
    <property name="awt.toolkit" value="sun.awt.windows.WToolkit"/>
    <property name="file.encoding.pkg" value="sun.io"/>
    <property name="java.specification.version" value="1.8"/>
    <property name="sun.cpu.isalist" value="amd64"/>
    <property name="sun.jnu.encoding" value="Cp1252"/>
    <property name="java.class.path" value="D:\AppiumTutorial\Projects\AppiumFramework\target\test-classes;D:\AppiumTutorial\Projects\AppiumFramework\target\classes;C:\Users\ANANTHAROOBAN\.m2\repository\junit\junit\3.8.1\junit-3.8.1.jar;C:\Users\ANANTHAROOBAN\.m2\repository\org\slf4j\slf4j-simple\1.7.30\slf4j-simple-1.7.30.jar;C:\Users\ANANTHAROOBAN\.m2\repository\org\slf4j\slf4j-api\1.7.30\slf4j-api-1.7.30.jar;C:\Users\ANANTHAROOBAN\.m2\repository\org\apache\commons\commons-lang3\3.9\commons-lang3-3.9.jar;C:\Users\ANANTHAROOBAN\.m2\repository\commons-io\commons-io\2.6\commons-io-2.6.jar;C:\Users\ANANTHAROOBAN\.m2\repository\commons-validator\commons-validator\1.6\commons-validator-1.6.jar;C:\Users\ANANTHAROOBAN\.m2\repository\commons-beanutils\commons-beanutils\1.9.2\commons-beanutils-1.9.2.jar;C:\Users\ANANTHAROOBAN\.m2\repository\commons-digester\commons-digester\1.8.1\commons-digester-1.8.1.jar;C:\Users\ANANTHAROOBAN\.m2\repository\commons-logging\commons-logging\1.2\commons-logging-1.2.jar;C:\Users\ANANTHAROOBAN\.m2\repository\commons-collections\commons-collections\3.2.2\commons-collections-3.2.2.jar;C:\Users\ANANTHAROOBAN\.m2\repository\org\seleniumhq\selenium\selenium-java\3.141.59\selenium-java-3.141.59.jar;C:\Users\ANANTHAROOBAN\.m2\repository\org\seleniumhq\selenium\selenium-api\3.141.59\selenium-api-3.141.59.jar;C:\Users\ANANTHAROOBAN\.m2\repository\org\seleniumhq\selenium\selenium-chrome-driver\3.141.59\selenium-chrome-driver-3.141.59.jar;C:\Users\ANANTHAROOBAN\.m2\repository\org\seleniumhq\selenium\selenium-edge-driver\3.141.59\selenium-edge-driver-3.141.59.jar;C:\Users\ANANTHAROOBAN\.m2\repository\org\seleniumhq\selenium\selenium-firefox-driver\3.141.59\selenium-firefox-driver-3.141.59.jar;C:\Users\ANANTHAROOBAN\.m2\repository\org\seleniumhq\selenium\selenium-ie-driver\3.141.59\selenium-ie-driver-3.141.59.jar;C:\Users\ANANTHAROOBAN\.m2\repository\org\seleniumhq\selenium\selenium-opera-driver\3.141.59\selenium-opera-driver-3.141.59.jar;C:\Users\ANANTHAROOBAN\.m2\repository\org\seleniumhq\selenium\selenium-remote-driver\3.141.59\selenium-remote-driver-3.141.59.jar;C:\Users\ANANTHAROOBAN\.m2\repository\org\seleniumhq\selenium\selenium-safari-driver\3.141.59\selenium-safari-driver-3.141.59.jar;C:\Users\ANANTHAROOBAN\.m2\repository\org\seleniumhq\selenium\selenium-support\3.141.59\selenium-support-3.141.59.jar;C:\Users\ANANTHAROOBAN\.m2\repository\net\bytebuddy\byte-buddy\1.8.15\byte-buddy-1.8.15.jar;C:\Users\ANANTHAROOBAN\.m2\repository\org\apache\commons\commons-exec\1.3\commons-exec-1.3.jar;C:\Users\ANANTHAROOBAN\.m2\repository\com\google\guava\guava\25.0-jre\guava-25.0-jre.jar;C:\Users\ANANTHAROOBAN\.m2\repository\com\google\code\findbugs\jsr305\1.3.9\jsr305-1.3.9.jar;C:\Users\ANANTHAROOBAN\.m2\repository\org\checkerframework\checker-compat-qual\2.0.0\checker-compat-qual-2.0.0.jar;C:\Users\ANANTHAROOBAN\.m2\repository\com\google\errorprone\error_prone_annotations\2.1.3\error_prone_annotations-2.1.3.jar;C:\Users\ANANTHAROOBAN\.m2\repository\com\google\j2objc\j2objc-annotations\1.1\j2objc-annotations-1.1.jar;C:\Users\ANANTHAROOBAN\.m2\repository\org\codehaus\mojo\animal-sniffer-annotations\1.14\animal-sniffer-annotations-1.14.jar;C:\Users\ANANTHAROOBAN\.m2\repository\com\squareup\okhttp3\okhttp\3.11.0\okhttp-3.11.0.jar;C:\Users\ANANTHAROOBAN\.m2\repository\com\squareup\okio\okio\1.14.0\okio-1.14.0.jar;C:\Users\ANANTHAROOBAN\.m2\repository\io\appium\java-client\6.1.0\java-client-6.1.0.jar;C:\Users\ANANTHAROOBAN\.m2\repository\com\google\code\gson\gson\2.8.4\gson-2.8.4.jar;C:\Users\ANANTHAROOBAN\.m2\repository\org\apache\httpcomponents\httpclient\4.5.5\httpclient-4.5.5.jar;C:\Users\ANANTHAROOBAN\.m2\repository\org\apache\httpcomponents\httpcore\4.4.9\httpcore-4.4.9.jar;C:\Users\ANANTHAROOBAN\.m2\repository\commons-codec\commons-codec\1.10\commons-codec-1.10.jar;C:\Users\ANANTHAROOBAN\.m2\repository\cglib\cglib\3.2.6\cglib-3.2.6.jar;C:\Users\ANANTHAROOBAN\.m2\repository\org\ow2\asm\asm\6.0\asm-6.0.jar;C:\Users\ANANTHAROOBAN\.m2\repository\org\apache\ant\ant\1.9.6\ant-1.9.6.jar;C:\Users\ANANTHAROOBAN\.m2\repository\org\apache\ant\ant-launcher\1.9.6\ant-launcher-1.9.6.jar;C:\Users\ANANTHAROOBAN\.m2\repository\org\springframework\spring-context\5.0.5.RELEASE\spring-context-5.0.5.RELEASE.jar;C:\Users\ANANTHAROOBAN\.m2\repository\org\springframework\spring-aop\5.0.5.RELEASE\spring-aop-5.0.5.RELEASE.jar;C:\Users\ANANTHAROOBAN\.m2\repository\org\springframework\spring-beans\5.0.5.RELEASE\spring-beans-5.0.5.RELEASE.jar;C:\Users\ANANTHAROOBAN\.m2\repository\org\springframework\spring-core\5.0.5.RELEASE\spring-core-5.0.5.RELEASE.jar;C:\Users\ANANTHAROOBAN\.m2\repository\org\springframework\spring-jcl\5.0.5.RELEASE\spring-jcl-5.0.5.RELEASE.jar;C:\Users\ANANTHAROOBAN\.m2\repository\org\springframework\spring-expression\5.0.5.RELEASE\spring-expression-5.0.5.RELEASE.jar;C:\Users\ANANTHAROOBAN\.m2\repository\org\aspectj\aspectjweaver\1.9.1\aspectjweaver-1.9.1.jar;C:\Users\ANANTHAROOBAN\.m2\repository\org\openpnp\opencv\3.2.0-1\opencv-3.2.0-1.jar;C:\Users\ANANTHAROOBAN\.m2\repository\org\testng\testng\6.9.4\testng-6.9.4.jar;C:\Users\ANANTHAROOBAN\.m2\repository\org\beanshell\bsh\2.0b4\bsh-2.0b4.jar;C:\Users\ANANTHAROOBAN\.m2\repository\com\beust\jcommander\1.48\jcommander-1.48.jar;C:\Users\ANANTHAROOBAN\.m2\repository\com\aventstack\extentreports\4.0.0\extentreports-4.0.0.jar;C:\Users\ANANTHAROOBAN\.m2\repository\org\freemarker\freemarker\2.3.23\freemarker-2.3.23.jar;C:\Users\ANANTHAROOBAN\.m2\repository\org\mongodb\mongodb-driver\3.3.0\mongodb-driver-3.3.0.jar;C:\Users\ANANTHAROOBAN\.m2\repository\org\mongodb\mongodb-driver-core\3.3.0\mongodb-driver-core-3.3.0.jar;C:\Users\ANANTHAROOBAN\.m2\repository\org\mongodb\bson\3.3.0\bson-3.3.0.jar;C:\Users\ANANTHAROOBAN\.m2\repository\org\apache\httpcomponents\httpmime\4.5.2\httpmime-4.5.2.jar;"/>
    <property name="java.vm.vendor" value="Oracle Corporation"/>
    <property name="deviceName" value="Nexus5XPie9Emulator"/>
    <property name="sun.arch.data.model" value="64"/>
    <property name="user.variant" value=""/>
    <property name="java.vendor.url" value="http://java.oracle.com/"/>
    <property name="user.timezone" value="Asia/Singapore"/>
    <property name="java.vm.specification.version" value="1.8"/>
    <property name="os.name" value="Windows 10"/>
    <property name="user.country" value="MY"/>
    <property name="sun.java.launcher" value="SUN_STANDARD"/>
    <property name="sun.boot.library.path" value="C:\Program Files\Java\jdk1.8.0_241\jre\bin"/>
    <property name="sun.java.command" value="C:\Users\ANANTHAROOBAN\AppData\Local\Temp\surefire1032078003095230599\surefirebooter1446873242432837751.jar C:\Users\ANANTHAROOBAN\AppData\Local\Temp\surefire1032078003095230599 2020-06-22T22-36-07_667-jvmRun1 surefire713717244812313062tmp surefire_08062890691998881747tmp"/>
    <property name="surefire.test.class.path" value="D:\AppiumTutorial\Projects\AppiumFramework\target\test-classes;D:\AppiumTutorial\Projects\AppiumFramework\target\classes;C:\Users\ANANTHAROOBAN\.m2\repository\junit\junit\3.8.1\junit-3.8.1.jar;C:\Users\ANANTHAROOBAN\.m2\repository\org\slf4j\slf4j-simple\1.7.30\slf4j-simple-1.7.30.jar;C:\Users\ANANTHAROOBAN\.m2\repository\org\slf4j\slf4j-api\1.7.30\slf4j-api-1.7.30.jar;C:\Users\ANANTHAROOBAN\.m2\repository\org\apache\commons\commons-lang3\3.9\commons-lang3-3.9.jar;C:\Users\ANANTHAROOBAN\.m2\repository\commons-io\commons-io\2.6\commons-io-2.6.jar;C:\Users\ANANTHAROOBAN\.m2\repository\commons-validator\commons-validator\1.6\commons-validator-1.6.jar;C:\Users\ANANTHAROOBAN\.m2\repository\commons-beanutils\commons-beanutils\1.9.2\commons-beanutils-1.9.2.jar;C:\Users\ANANTHAROOBAN\.m2\repository\commons-digester\commons-digester\1.8.1\commons-digester-1.8.1.jar;C:\Users\ANANTHAROOBAN\.m2\repository\commons-logging\commons-logging\1.2\commons-logging-1.2.jar;C:\Users\ANANTHAROOBAN\.m2\repository\commons-collections\commons-collections\3.2.2\commons-collections-3.2.2.jar;C:\Users\ANANTHAROOBAN\.m2\repository\org\seleniumhq\selenium\selenium-java\3.141.59\selenium-java-3.141.59.jar;C:\Users\ANANTHAROOBAN\.m2\repository\org\seleniumhq\selenium\selenium-api\3.141.59\selenium-api-3.141.59.jar;C:\Users\ANANTHAROOBAN\.m2\repository\org\seleniumhq\selenium\selenium-chrome-driver\3.141.59\selenium-chrome-driver-3.141.59.jar;C:\Users\ANANTHAROOBAN\.m2\repository\org\seleniumhq\selenium\selenium-edge-driver\3.141.59\selenium-edge-driver-3.141.59.jar;C:\Users\ANANTHAROOBAN\.m2\repository\org\seleniumhq\selenium\selenium-firefox-driver\3.141.59\selenium-firefox-driver-3.141.59.jar;C:\Users\ANANTHAROOBAN\.m2\repository\org\seleniumhq\selenium\selenium-ie-driver\3.141.59\selenium-ie-driver-3.141.59.jar;C:\Users\ANANTHAROOBAN\.m2\repository\org\seleniumhq\selenium\selenium-opera-driver\3.141.59\selenium-opera-driver-3.141.59.jar;C:\Users\ANANTHAROOBAN\.m2\repository\org\seleniumhq\selenium\selenium-remote-driver\3.141.59\selenium-remote-driver-3.141.59.jar;C:\Users\ANANTHAROOBAN\.m2\repository\org\seleniumhq\selenium\selenium-safari-driver\3.141.59\selenium-safari-driver-3.141.59.jar;C:\Users\ANANTHAROOBAN\.m2\repository\org\seleniumhq\selenium\selenium-support\3.141.59\selenium-support-3.141.59.jar;C:\Users\ANANTHAROOBAN\.m2\repository\net\bytebuddy\byte-buddy\1.8.15\byte-buddy-1.8.15.jar;C:\Users\ANANTHAROOBAN\.m2\repository\org\apache\commons\commons-exec\1.3\commons-exec-1.3.jar;C:\Users\ANANTHAROOBAN\.m2\repository\com\google\guava\guava\25.0-jre\guava-25.0-jre.jar;C:\Users\ANANTHAROOBAN\.m2\repository\com\google\code\findbugs\jsr305\1.3.9\jsr305-1.3.9.jar;C:\Users\ANANTHAROOBAN\.m2\repository\org\checkerframework\checker-compat-qual\2.0.0\checker-compat-qual-2.0.0.jar;C:\Users\ANANTHAROOBAN\.m2\repository\com\google\errorprone\error_prone_annotations\2.1.3\error_prone_annotations-2.1.3.jar;C:\Users\ANANTHAROOBAN\.m2\repository\com\google\j2objc\j2objc-annotations\1.1\j2objc-annotations-1.1.jar;C:\Users\ANANTHAROOBAN\.m2\repository\org\codehaus\mojo\animal-sniffer-annotations\1.14\animal-sniffer-annotations-1.14.jar;C:\Users\ANANTHAROOBAN\.m2\repository\com\squareup\okhttp3\okhttp\3.11.0\okhttp-3.11.0.jar;C:\Users\ANANTHAROOBAN\.m2\repository\com\squareup\okio\okio\1.14.0\okio-1.14.0.jar;C:\Users\ANANTHAROOBAN\.m2\repository\io\appium\java-client\6.1.0\java-client-6.1.0.jar;C:\Users\ANANTHAROOBAN\.m2\repository\com\google\code\gson\gson\2.8.4\gson-2.8.4.jar;C:\Users\ANANTHAROOBAN\.m2\repository\org\apache\httpcomponents\httpclient\4.5.5\httpclient-4.5.5.jar;C:\Users\ANANTHAROOBAN\.m2\repository\org\apache\httpcomponents\httpcore\4.4.9\httpcore-4.4.9.jar;C:\Users\ANANTHAROOBAN\.m2\repository\commons-codec\commons-codec\1.10\commons-codec-1.10.jar;C:\Users\ANANTHAROOBAN\.m2\repository\cglib\cglib\3.2.6\cglib-3.2.6.jar;C:\Users\ANANTHAROOBAN\.m2\repository\org\ow2\asm\asm\6.0\asm-6.0.jar;C:\Users\ANANTHAROOBAN\.m2\repository\org\apache\ant\ant\1.9.6\ant-1.9.6.jar;C:\Users\ANANTHAROOBAN\.m2\repository\org\apache\ant\ant-launcher\1.9.6\ant-launcher-1.9.6.jar;C:\Users\ANANTHAROOBAN\.m2\repository\org\springframework\spring-context\5.0.5.RELEASE\spring-context-5.0.5.RELEASE.jar;C:\Users\ANANTHAROOBAN\.m2\repository\org\springframework\spring-aop\5.0.5.RELEASE\spring-aop-5.0.5.RELEASE.jar;C:\Users\ANANTHAROOBAN\.m2\repository\org\springframework\spring-beans\5.0.5.RELEASE\spring-beans-5.0.5.RELEASE.jar;C:\Users\ANANTHAROOBAN\.m2\repository\org\springframework\spring-core\5.0.5.RELEASE\spring-core-5.0.5.RELEASE.jar;C:\Users\ANANTHAROOBAN\.m2\repository\org\springframework\spring-jcl\5.0.5.RELEASE\spring-jcl-5.0.5.RELEASE.jar;C:\Users\ANANTHAROOBAN\.m2\repository\org\springframework\spring-expression\5.0.5.RELEASE\spring-expression-5.0.5.RELEASE.jar;C:\Users\ANANTHAROOBAN\.m2\repository\org\aspectj\aspectjweaver\1.9.1\aspectjweaver-1.9.1.jar;C:\Users\ANANTHAROOBAN\.m2\repository\org\openpnp\opencv\3.2.0-1\opencv-3.2.0-1.jar;C:\Users\ANANTHAROOBAN\.m2\repository\org\testng\testng\6.9.4\testng-6.9.4.jar;C:\Users\ANANTHAROOBAN\.m2\repository\org\beanshell\bsh\2.0b4\bsh-2.0b4.jar;C:\Users\ANANTHAROOBAN\.m2\repository\com\beust\jcommander\1.48\jcommander-1.48.jar;C:\Users\ANANTHAROOBAN\.m2\repository\com\aventstack\extentreports\4.0.0\extentreports-4.0.0.jar;C:\Users\ANANTHAROOBAN\.m2\repository\org\freemarker\freemarker\2.3.23\freemarker-2.3.23.jar;C:\Users\ANANTHAROOBAN\.m2\repository\org\mongodb\mongodb-driver\3.3.0\mongodb-driver-3.3.0.jar;C:\Users\ANANTHAROOBAN\.m2\repository\org\mongodb\mongodb-driver-core\3.3.0\mongodb-driver-core-3.3.0.jar;C:\Users\ANANTHAROOBAN\.m2\repository\org\mongodb\bson\3.3.0\bson-3.3.0.jar;C:\Users\ANANTHAROOBAN\.m2\repository\org\apache\httpcomponents\httpmime\4.5.2\httpmime-4.5.2.jar;"/>
    <property name="sun.cpu.endian" value="little"/>
    <property name="user.home" value="C:\Users\ANANTHAROOBAN"/>
    <property name="user.language" value="en"/>
    <property name="java.specification.vendor" value="Oracle Corporation"/>
    <property name="java.home" value="C:\Program Files\Java\jdk1.8.0_241\jre"/>
    <property name="basedir" value="D:\AppiumTutorial\Projects\AppiumFramework"/>
    <property name="file.separator" value="\"/>
    <property name="line.separator" value="&#10;"/>
    <property name="java.vm.specification.vendor" value="Oracle Corporation"/>
    <property name="java.specification.name" value="Java Platform API Specification"/>
    <property name="java.awt.graphicsenv" value="sun.awt.Win32GraphicsEnvironment"/>
    <property name="surefire.real.class.path" value="C:\Users\ANANTHAROOBAN\AppData\Local\Temp\surefire1032078003095230599\surefirebooter1446873242432837751.jar"/>
    <property name="sun.boot.class.path" value="C:\Program Files\Java\jdk1.8.0_241\jre\lib\resources.jar;C:\Program Files\Java\jdk1.8.0_241\jre\lib\rt.jar;C:\Program Files\Java\jdk1.8.0_241\jre\lib\sunrsasign.jar;C:\Program Files\Java\jdk1.8.0_241\jre\lib\jsse.jar;C:\Program Files\Java\jdk1.8.0_241\jre\lib\jce.jar;C:\Program Files\Java\jdk1.8.0_241\jre\lib\charsets.jar;C:\Program Files\Java\jdk1.8.0_241\jre\lib\jfr.jar;C:\Program Files\Java\jdk1.8.0_241\jre\classes"/>
    <property name="user.script" value=""/>
    <property name="sun.management.compiler" value="HotSpot 64-Bit Tiered Compilers"/>
    <property name="java.runtime.version" value="1.8.0_241-b07"/>
    <property name="user.name" value="ANANTHAROOBAN"/>
    <property name="path.separator" value=";"/>
    <property name="os.version" value="10.0"/>
    <property name="java.endorsed.dirs" value="C:\Program Files\Java\jdk1.8.0_241\jre\lib\endorsed"/>
    <property name="java.runtime.name" value="Java(TM) SE Runtime Environment"/>
    <property name="file.encoding" value="Cp1252"/>
    <property name="java.vm.name" value="Java HotSpot(TM) 64-Bit Server VM"/>
    <property name="localRepository" value="C:\Users\ANANTHAROOBAN\.m2\repository"/>
    <property name="java.vendor.url.bug" value="http://bugreport.sun.com/bugreport/"/>
    <property name="java.io.tmpdir" value="C:\Users\ANANTH~1\AppData\Local\Temp\"/>
    <property name="java.version" value="1.8.0_241"/>
    <property name="user.dir" value="D:\AppiumTutorial\Projects\AppiumFramework"/>
    <property name="os.arch" value="amd64"/>
    <property name="java.vm.specification.name" value="Java Virtual Machine Specification"/>
    <property name="java.awt.printerjob" value="sun.awt.windows.WPrinterJob"/>
    <property name="sun.os.patch.level" value=""/>
    <property name="java.library.path" value="C:\Program Files\Java\jdk1.8.0_241\jre\bin;C:\WINDOWS\Sun\Java\bin;C:\WINDOWS\system32;C:\WINDOWS;C:\Program Files (x86)\Common Files\Oracle\Java\javapath;C:\Python\Python38\Scripts\;C:\Python\Python38\;C:\Program Files (x86)\Intel\iCLS Client\;C:\Program Files\Intel\iCLS Client\;C:\Windows\system32;C:\Windows;C:\Windows\System32\Wbem;C:\Windows\System32\WindowsPowerShell\v1.0\;C:\Program Files (x86)\Intel\Intel(R) Management Engine Components\DAL;C:\Program Files\Intel\Intel(R) Management Engine Components\DAL;C:\Program Files (x86)\Intel\Intel(R) Management Engine Components\IPT;C:\Program Files\Intel\Intel(R) Management Engine Components\IPT;C:\Program Files (x86)\NVIDIA Corporation\PhysX\Common;C:\WINDOWS\system32;C:\WINDOWS;C:\WINDOWS\System32\Wbem;C:\WINDOWS\System32\WindowsPowerShell\v1.0\;C:\WINDOWS\System32\OpenSSH\;C:\Program Files\Intel\WiFi\bin\;C:\Program Files\Common Files\Intel\WirelessCommon\;C:\Program Files\NVIDIA Corporation\NVIDIA NvDLISR;C:\Program Files\dotnet\;C:\Program Files\Microsoft SQL Server\130\Tools\Binn\;C:\Program Files\Microsoft SQL Server\Client SDK\ODBC\170\Tools\Binn\;C:\WINDOWS\system32;C:\WINDOWS;C:\WINDOWS\System32\Wbem;C:\WINDOWS\System32\WindowsPowerShell\v1.0\;C:\WINDOWS\System32\OpenSSH\;C:\Program Files\nodejs\;C:\ProgramData\chocolatey\bin;C:\Program Files (x86)\Microsoft SQL Server\150\Tools\Binn\;C:\Program Files\Microsoft SQL Server\150\Tools\Binn\;C:\Program Files\Microsoft SQL Server\150\DTS\Binn\;C:\Program Files (x86)\Microsoft SQL Server\150\DTS\Binn\;C:\Program Files\Java\jdk1.8.0_241\bin;D:\SeleniumTutorial\Installer\Maven\apache-maven-3.6.3\bin;C:\Program Files\Git\cmd;C:\Selenium-Ant\apache-ant-1.9.15\bin;C:\Program Files (x86)\Brackets\command;C:\Users\ANANTHAROOBAN\AppData\Local\Android\Sdk\tools\bin;C:\Users\ANANTHAROOBAN\AppData\Local\Android\Sdk\tools;C:\Users\ANANTHAROOBAN\AppData\Local\Android\Sdk\platform-tools;C:\Program Files\nodejs\node_modules\npm\bin;C:\Program Files\MySQL\MySQL Shell 8.0\bin\;C:\Program Files (x86)\Python\Python38\Scripts\;C:\Program Files (x86)\Python\Python38\;C:\Users\ANANTHAROOBAN\Python38\Scripts\;C:\Users\ANANTHAROOBAN\Python38\;C:\Users\ANANTHAROOBAN\AppData\Local\Microsoft\WindowsApps;C:\Users\ANANTHAROOBAN\AppData\Roaming\npm;."/>
    <property name="java.vm.info" value="mixed mode"/>
    <property name="java.vendor" value="Oracle Corporation"/>
    <property name="java.vm.version" value="25.241-b07"/>
    <property name="java.ext.dirs" value="C:\Program Files\Java\jdk1.8.0_241\jre\lib\ext;C:\WINDOWS\Sun\Java\lib\ext"/>
    <property name="sun.io.unicode.encoding" value="UnicodeLittle"/>
    <property name="java.class.version" value="52.0"/>
  </properties>
  <testcase name="ValidateTotal" classname="Project.Ecommerce" time="39.469">
    <system-out><![CDATA[&amp#27;[35m[Appium]&amp#27;[39m Welcome to Appium v1.17.1
&amp#27;[35m[Appium]&amp#27;[39m Appium REST http interface listener started on 0.0.0.0:4723
&amp#27;[35m[HTTP]&amp#27;[39m &amp#27;[37m-->&amp#27;[39m &amp#27;[37mGET&amp#27;[39m &amp#27;[37m/wd/hub/status&amp#27;[39m
&amp#27;[35m[HTTP]&amp#27;[39m &amp#27;[90m{}&amp#27;[39m
[debug] &amp#27;[35m[GENERIC]&amp#27;[39m Calling AppiumDriver.getStatus() with args: []
[debug] &amp#27;[35m[GENERIC]&amp#27;[39m Responding to client with driver.getStatus() result: {"build":{"version":"1.17.1"}}
&amp#27;[35m[HTTP]&amp#27;[39m &amp#27;[37m<-- GET /wd/hub/status &amp#27;[39m&amp#27;[32m200&amp#27;[39m &amp#27;[90m6 ms - 68&amp#27;[39m
&amp#27;[35m[HTTP]&amp#27;[39m &amp#27;[90m&amp#27;[39m
&amp#27;[35m[HTTP]&amp#27;[39m &amp#27;[37m-->&amp#27;[39m &amp#27;[37mPOST&amp#27;[39m &amp#27;[37m/wd/hub/session&amp#27;[39m
&amp#27;[35m[HTTP]&amp#27;[39m &amp#27;[90m{"desiredCapabilities":{"app":"D:\\AppiumTutorial\\Projects\\AppiumFramework\\src\\General-Store.apk","chromedriverExecutable":"D:\\AppiumTutorial\\Projects\\Introduction\\BrowserDriver\\Google\\chromedriver.exe","newCommandTimeout":15,"automationName":"Uiautomator2","platformName":"Android","deviceName":"Nexus5XPie9Emulator"},"capabilities":{"alwaysMatch":{"appium:app":"D:\\AppiumTutorial\\Projects\\AppiumFramework\\src\\General-Store.apk","appium:automationName":"Uiautomator2","appium:chromedriverExecutable":"D:\\AppiumTutorial\\Projects\\Introduction\\BrowserDriver\\Google\\chromedriver.exe","appium:deviceName":"Nexus5XPie9Emulator","appium:newCommandTimeout":15,"platformName":"android"},"firstMatch":[{}]}}&amp#27;[39m
[debug] &amp#27;[35m[W3C]&amp#27;[39m Calling AppiumDriver.createSession() with args: [{"app":"D:\\AppiumTutorial\\Projects\\AppiumFramework\\src\\General-Store.apk","chromedriverExecutable":"D:\\AppiumTutorial\\Projects\\Introduction\\BrowserDriver\\Google\\chromedriver.exe","newCommandTimeout":15,"automationName":"Uiautomator2","platformName":"Android","deviceName":"Nexus5XPie9Emulator"},null,{"alwaysMatch":{"appium:app":"D:\\AppiumTutorial\\Projects\\AppiumFramework\\src\\General-Store.apk","appium:automationName":"Uiautomator2","appium:chromedriverExecutable":"D:\\AppiumTutorial\\Projects\\Introduction\\BrowserDriver\\Google\\chromedriver.exe","appium:deviceName":"Nexus5XPie9Emulator","appium:newCommandTimeout":15,"platformName":"android"},"firstMatch":[{}]}]
[debug] &amp#27;[35m[BaseDriver]&amp#27;[39m Event 'newSessionRequested' logged at 1592836574191 (22:36:14 GMT+0800 (Malaysia Time))
&amp#27;[35m[Appium]&amp#27;[39m Appium v1.17.1 creating new AndroidUiautomator2Driver (v1.44.2) session
[debug] &amp#27;[35m[BaseDriver]&amp#27;[39m W3C capabilities and MJSONWP desired capabilities were provided
[debug] &amp#27;[35m[BaseDriver]&amp#27;[39m Creating session with W3C capabilities: {
[debug] &amp#27;[35m[BaseDriver]&amp#27;[39m   "alwaysMatch": {
[debug] &amp#27;[35m[BaseDriver]&amp#27;[39m     "platformName": "android",
[debug] &amp#27;[35m[BaseDriver]&amp#27;[39m     "appium:app": "D:\\AppiumTutorial\\Projects\\AppiumFramework\\src\\General-Store.apk",
[debug] &amp#27;[35m[BaseDriver]&amp#27;[39m     "appium:automationName": "Uiautomator2",
[debug] &amp#27;[35m[BaseDriver]&amp#27;[39m     "appium:chromedriverExecutable": "D:\\AppiumTutorial\\Projects\\Introduction\\BrowserDriver\\Google\\chromedriver.exe",
[debug] &amp#27;[35m[BaseDriver]&amp#27;[39m     "appium:deviceName": "Nexus5XPie9Emulator",
[debug] &amp#27;[35m[BaseDriver]&amp#27;[39m     "appium:newCommandTimeout": 15
[debug] &amp#27;[35m[BaseDriver]&amp#27;[39m   },
[debug] &amp#27;[35m[BaseDriver]&amp#27;[39m   "firstMatch": [
[debug] &amp#27;[35m[BaseDriver]&amp#27;[39m     {}
[debug] &amp#27;[35m[BaseDriver]&amp#27;[39m   ]
[debug] &amp#27;[35m[BaseDriver]&amp#27;[39m }
&amp#27;[35m[BaseDriver]&amp#27;[39m Session created with session id: 96bdc753-10df-4008-9717-9af196ea7a09
&amp#27;[35m[BaseDriver]&amp#27;[39m Using local app 'D:\AppiumTutorial\Projects\AppiumFramework\src\General-Store.apk'
[debug] &amp#27;[35m[UiAutomator2]&amp#27;[39m Checking whether app is actually present
&amp#27;[35m[ADB]&amp#27;[39m Found 1 'build-tools' folders under 'C:\Users\ANANTHAROOBAN\AppData\Local\Android\Sdk' (newest first):
&amp#27;[35m[ADB]&amp#27;[39m     C:/Users/ANANTHAROOBAN/AppData/Local/Android/Sdk/build-tools/29.0.3
&amp#27;[35m[ADB]&amp#27;[39m Using 'adb.exe' from 'C:\Users\ANANTHAROOBAN\AppData\Local\Android\Sdk\platform-tools\adb.exe'
&amp#27;[35m[AndroidDriver]&amp#27;[39m Retrieving device list
[debug] &amp#27;[35m[ADB]&amp#27;[39m Trying to find a connected android device
[debug] &amp#27;[35m[ADB]&amp#27;[39m Getting connected devices...
[debug] &amp#27;[35m[ADB]&amp#27;[39m Connected devices: [{"udid":"emulator-5554","state":"device"}]
&amp#27;[35m[AndroidDriver]&amp#27;[39m Using device: emulator-5554
&amp#27;[35m[ADB]&amp#27;[39m Using 'adb.exe' from 'C:\Users\ANANTHAROOBAN\AppData\Local\Android\Sdk\platform-tools\adb.exe'
[debug] &amp#27;[35m[ADB]&amp#27;[39m Setting device id to emulator-5554
[debug] &amp#27;[35m[ADB]&amp#27;[39m Running 'C:\Users\ANANTHAROOBAN\AppData\Local\Android\Sdk\platform-tools\adb.exe -P 5037 -s emulator-5554 shell getprop ro.build.version.sdk'
[debug] &amp#27;[35m[ADB]&amp#27;[39m Current device property 'ro.build.version.sdk': 28
&amp#27;[35m[ADB]&amp#27;[39m Getting device platform version
[debug] &amp#27;[35m[ADB]&amp#27;[39m Running 'C:\Users\ANANTHAROOBAN\AppData\Local\Android\Sdk\platform-tools\adb.exe -P 5037 -s emulator-5554 shell getprop ro.build.version.release'
[debug] &amp#27;[35m[ADB]&amp#27;[39m Current device property 'ro.build.version.release': 9
[debug] &amp#27;[35m[ADB]&amp#27;[39m Device API level: 28
&amp#27;[35m[UiAutomator2]&amp#27;[39m Relaxing hidden api policy
[debug] &amp#27;[35m[ADB]&amp#27;[39m Running 'C:\Users\ANANTHAROOBAN\AppData\Local\Android\Sdk\platform-tools\adb.exe -P 5037 -s emulator-5554 shell settings put global hidden_api_policy_pre_p_apps 1'
[debug] &amp#27;[35m[ADB]&amp#27;[39m Running 'C:\Users\ANANTHAROOBAN\AppData\Local\Android\Sdk\platform-tools\adb.exe -P 5037 -s emulator-5554 shell settings put global hidden_api_policy_p_apps 1'
[debug] &amp#27;[35m[ADB]&amp#27;[39m Running 'C:\Users\ANANTHAROOBAN\AppData\Local\Android\Sdk\platform-tools\adb.exe -P 5037 -s emulator-5554 shell settings put global hidden_api_policy 1'
[debug] &amp#27;[35m[AndroidDriver]&amp#27;[39m Parsing package and activity from app manifest
&amp#27;[35m[ADB]&amp#27;[39m Package name: 'com.androidsample.generalstore'
&amp#27;[35m[ADB]&amp#27;[39m Main activity name: 'com.androidsample.generalstore.SplashActivity'
[debug] &amp#27;[35m[AndroidDriver]&amp#27;[39m Parsed package and activity are: com.androidsample.generalstore/com.androidsample.generalstore.SplashActivity
[debug] &amp#27;[35m[ADB]&amp#27;[39m Running 'C:\Users\ANANTHAROOBAN\AppData\Local\Android\Sdk\platform-tools\adb.exe -P 5037 -s emulator-5554 wait-for-device'
[debug] &amp#27;[35m[ADB]&amp#27;[39m Running 'C:\Users\ANANTHAROOBAN\AppData\Local\Android\Sdk\platform-tools\adb.exe -P 5037 -s emulator-5554 shell echo ping'
[debug] &amp#27;[35m[AndroidDriver]&amp#27;[39m Pushing settings apk to device...
[debug] &amp#27;[35m[ADB]&amp#27;[39m Getting install status for io.appium.settings
[debug] &amp#27;[35m[ADB]&amp#27;[39m Running 'C:\Users\ANANTHAROOBAN\AppData\Local\Android\Sdk\platform-tools\adb.exe -P 5037 -s emulator-5554 shell dumpsys package io.appium.settings'
[debug] &amp#27;[35m[ADB]&amp#27;[39m 'io.appium.settings' is installed
[debug] &amp#27;[35m[ADB]&amp#27;[39m Getting package info for 'io.appium.settings'
[debug] &amp#27;[35m[ADB]&amp#27;[39m Running 'C:\Users\ANANTHAROOBAN\AppData\Local\Android\Sdk\platform-tools\adb.exe -P 5037 -s emulator-5554 shell dumpsys package io.appium.settings'
[debug] &amp#27;[35m[ADB]&amp#27;[39m The version name of the installed 'io.appium.settings' is greater or equal to the application version name ('3.1.0' >= '3.1.0')
[debug] &amp#27;[35m[ADB]&amp#27;[39m There is no need to install/upgrade 'C:\Users\ANANTHAROOBAN\AppData\Roaming\npm\node_modules\appium\node_modules\io.appium.settings\apks\settings_apk-debug.apk'
[debug] &amp#27;[35m[ADB]&amp#27;[39m Getting IDs of all 'io.appium.settings' processes
[debug] &amp#27;[35m[ADB]&amp#27;[39m Running 'C:\Users\ANANTHAROOBAN\AppData\Local\Android\Sdk\platform-tools\adb.exe -P 5037 -s emulator-5554 shell 'pgrep --help; echo $?''
[debug] &amp#27;[35m[ADB]&amp#27;[39m Running 'C:\Users\ANANTHAROOBAN\AppData\Local\Android\Sdk\platform-tools\adb.exe -P 5037 -s emulator-5554 shell pgrep -f io\\.appium\\.settings'
[debug] &amp#27;[35m[AndroidDriver]&amp#27;[39m io.appium.settings is already running. There is no need to reset its permissions.
[debug] &amp#27;[35m[ADB]&amp#27;[39m Running 'C:\Users\ANANTHAROOBAN\AppData\Local\Android\Sdk\platform-tools\adb.exe -P 5037 -s emulator-5554 shell appops set io.appium.settings android\:mock_location allow'
[debug] &amp#27;[35m[Logcat]&amp#27;[39m Starting logcat capture
[debug] &amp#27;[35m[UiAutomator2]&amp#27;[39m Forwarding UiAutomator2 Server port 6790 to 8215
[debug] &amp#27;[35m[ADB]&amp#27;[39m Forwarding system: 8215 to device: 6790
[debug] &amp#27;[35m[ADB]&amp#27;[39m Running 'C:\Users\ANANTHAROOBAN\AppData\Local\Android\Sdk\platform-tools\adb.exe -P 5037 -s emulator-5554 forward tcp\:8215 tcp\:6790'
[debug] &amp#27;[35m[ADB]&amp#27;[39m Getting install status for io.appium.uiautomator2.server
[debug] &amp#27;[35m[ADB]&amp#27;[39m Running 'C:\Users\ANANTHAROOBAN\AppData\Local\Android\Sdk\platform-tools\adb.exe -P 5037 -s emulator-5554 shell dumpsys package io.appium.uiautomator2.server'
[debug] &amp#27;[35m[ADB]&amp#27;[39m 'io.appium.uiautomator2.server' is installed
[debug] &amp#27;[35m[ADB]&amp#27;[39m Getting package info for 'io.appium.uiautomator2.server'
[debug] &amp#27;[35m[ADB]&amp#27;[39m Running 'C:\Users\ANANTHAROOBAN\AppData\Local\Android\Sdk\platform-tools\adb.exe -P 5037 -s emulator-5554 shell dumpsys package io.appium.uiautomator2.server'
[debug] &amp#27;[35m[ADB]&amp#27;[39m The version name of the installed 'io.appium.uiautomator2.server' is greater or equal to the application version name ('4.5.5' >= '4.5.5')
[debug] &amp#27;[35m[UiAutomator2]&amp#27;[39m io.appium.uiautomator2.server installation state: sameVersionInstalled
[debug] &amp#27;[35m[ADB]&amp#27;[39m Checking app cert for C:\Users\ANANTHAROOBAN\AppData\Roaming\npm\node_modules\appium\node_modules\appium-uiautomator2-server\apks\appium-uiautomator2-server-v4.5.5.apk
&amp#27;[35m[ADB]&amp#27;[39m Using 'apksigner.jar' from 'C:\Users\ANANTHAROOBAN\AppData\Local\Android\Sdk\build-tools\29.0.3\lib\apksigner.jar'
[debug] &amp#27;[35m[ADB]&amp#27;[39m Starting apksigner: 'C:\\Program Files\\Java\\jdk1.8.0_241\\bin\\java.exe' -Xmx1024M -Xss1m -jar C:\\Users\\ANANTHAROOBAN\\AppData\\Local\\Android\\Sdk\\build-tools\\29.0.3\\lib\\apksigner.jar verify --print-certs C:\\Users\\ANANTHAROOBAN\\AppData\\Roaming\\npm\\node_modules\\appium\\node_modules\\appium-uiautomator2-server\\apks\\appium-uiautomator2-server-v4.5.5.apk
[debug] &amp#27;[35m[ADB]&amp#27;[39m apksigner stdout: Signer #1 certificate DN: EMAILADDRESS=android@android.com, CN=Android, OU=Android, O=Android, L=Mountain View, ST=California, C=US
[debug] &amp#27;[35m[ADB]&amp#27;[39m Signer #1 certificate SHA-256 digest: a40da80a59d170caa950cf15c18c454d47a39b26989d8b640ecd745ba71bf5dc
[debug] &amp#27;[35m[ADB]&amp#27;[39m Signer #1 certificate SHA-1 digest: 61ed377e85d386a8dfee6b864bd85b0bfaa5af81
[debug] &amp#27;[35m[ADB]&amp#27;[39m Signer #1 certificate MD5 digest: e89b158e4bcf988ebd09eb83f5378e87
[debug] &amp#27;[35m[ADB]&amp#27;[39m 
[debug] &amp#27;[35m[ADB]&amp#27;[39m 'C:\Users\ANANTHAROOBAN\AppData\Roaming\npm\node_modules\appium\node_modules\appium-uiautomator2-server\apks\appium-uiautomator2-server-v4.5.5.apk' is signed with the default certificate
[debug] &amp#27;[35m[ADB]&amp#27;[39m Getting install status for io.appium.uiautomator2.server.test
[debug] &amp#27;[35m[ADB]&amp#27;[39m Running 'C:\Users\ANANTHAROOBAN\AppData\Local\Android\Sdk\platform-tools\adb.exe -P 5037 -s emulator-5554 shell dumpsys package io.appium.uiautomator2.server.test'
[debug] &amp#27;[35m[ADB]&amp#27;[39m 'io.appium.uiautomator2.server.test' is installed
[debug] &amp#27;[35m[ADB]&amp#27;[39m Checking app cert for C:\Users\ANANTHAROOBAN\AppData\Roaming\npm\node_modules\appium\node_modules\appium-uiautomator2-server\apks\appium-uiautomator2-server-debug-androidTest.apk
[debug] &amp#27;[35m[ADB]&amp#27;[39m Starting apksigner: 'C:\\Program Files\\Java\\jdk1.8.0_241\\bin\\java.exe' -Xmx1024M -Xss1m -jar C:\\Users\\ANANTHAROOBAN\\AppData\\Local\\Android\\Sdk\\build-tools\\29.0.3\\lib\\apksigner.jar verify --print-certs C:\\Users\\ANANTHAROOBAN\\AppData\\Roaming\\npm\\node_modules\\appium\\node_modules\\appium-uiautomator2-server\\apks\\appium-uiautomator2-server-debug-androidTest.apk
[debug] &amp#27;[35m[ADB]&amp#27;[39m apksigner stdout: Signer #1 certificate DN: EMAILADDRESS=android@android.com, CN=Android, OU=Android, O=Android, L=Mountain View, ST=California, C=US
[debug] &amp#27;[35m[ADB]&amp#27;[39m Signer #1 certificate SHA-256 digest: a40da80a59d170caa950cf15c18c454d47a39b26989d8b640ecd745ba71bf5dc
[debug] &amp#27;[35m[ADB]&amp#27;[39m Signer #1 certificate SHA-1 digest: 61ed377e85d386a8dfee6b864bd85b0bfaa5af81
[debug] &amp#27;[35m[ADB]&amp#27;[39m Signer #1 certificate MD5 digest: e89b158e4bcf988ebd09eb83f5378e87
[debug] &amp#27;[35m[ADB]&amp#27;[39m 
[debug] &amp#27;[35m[ADB]&amp#27;[39m 'C:\Users\ANANTHAROOBAN\AppData\Roaming\npm\node_modules\appium\node_modules\appium-uiautomator2-server\apks\appium-uiautomator2-server-debug-androidTest.apk' is signed with the default certificate
&amp#27;[35m[UiAutomator2]&amp#27;[39m Server packages are not going to be (re)installed
[debug] &amp#27;[35m[UiAutomator2]&amp#27;[39m Waiting up to 30000ms for services to be available
[debug] &amp#27;[35m[ADB]&amp#27;[39m Running 'C:\Users\ANANTHAROOBAN\AppData\Local\Android\Sdk\platform-tools\adb.exe -P 5037 -s emulator-5554 shell pm list instrumentation'
[debug] &amp#27;[35m[UiAutomator2]&amp#27;[39m Instrumentation target 'io.appium.uiautomator2.server.test/androidx.test.runner.AndroidJUnitRunner' is available
[debug] &amp#27;[35m[ADB]&amp#27;[39m Checking app cert for D:\AppiumTutorial\Projects\AppiumFramework\src\General-Store.apk
[debug] &amp#27;[35m[ADB]&amp#27;[39m Starting apksigner: 'C:\\Program Files\\Java\\jdk1.8.0_241\\bin\\java.exe' -Xmx1024M -Xss1m -jar C:\\Users\\ANANTHAROOBAN\\AppData\\Local\\Android\\Sdk\\build-tools\\29.0.3\\lib\\apksigner.jar verify --print-certs D:\\AppiumTutorial\\Projects\\AppiumFramework\\src\\General-Store.apk
[debug] &amp#27;[35m[ADB]&amp#27;[39m apksigner stdout: Signer #1 certificate DN: EMAILADDRESS=android@android.com, CN=Android, OU=Android, O=Android, L=Mountain View, ST=California, C=US
[debug] &amp#27;[35m[ADB]&amp#27;[39m Signer #1 certificate SHA-256 digest: a40da80a59d170caa950cf15c18c454d47a39b26989d8b640ecd745ba71bf5dc
[debug] &amp#27;[35m[ADB]&amp#27;[39m Signer #1 certificate SHA-1 digest: 61ed377e85d386a8dfee6b864bd85b0bfaa5af81
[debug] &amp#27;[35m[ADB]&amp#27;[39m Signer #1 certificate MD5 digest: e89b158e4bcf988ebd09eb83f5378e87
[debug] &amp#27;[35m[ADB]&amp#27;[39m 
[debug] &amp#27;[35m[ADB]&amp#27;[39m 'D:\AppiumTutorial\Projects\AppiumFramework\src\General-Store.apk' is signed with the default certificate
[debug] &amp#27;[35m[ADB]&amp#27;[39m Getting install status for com.androidsample.generalstore
[debug] &amp#27;[35m[ADB]&amp#27;[39m Running 'C:\Users\ANANTHAROOBAN\AppData\Local\Android\Sdk\platform-tools\adb.exe -P 5037 -s emulator-5554 shell dumpsys package com.androidsample.generalstore'
[debug] &amp#27;[35m[ADB]&amp#27;[39m 'com.androidsample.generalstore' is installed
[debug] &amp#27;[35m[ADB]&amp#27;[39m Getting package info for 'com.androidsample.generalstore'
[debug] &amp#27;[35m[ADB]&amp#27;[39m Running 'C:\Users\ANANTHAROOBAN\AppData\Local\Android\Sdk\platform-tools\adb.exe -P 5037 -s emulator-5554 shell dumpsys package com.androidsample.generalstore'
[debug] &amp#27;[35m[ADB]&amp#27;[39m The version name of the installed 'com.androidsample.generalstore' is greater or equal to the application version name ('1.0.0' >= '1.0.0')
[debug] &amp#27;[35m[ADB]&amp#27;[39m There is no need to install/upgrade 'D:\AppiumTutorial\Projects\AppiumFramework\src\General-Store.apk'
&amp#27;[35m[AndroidDriver]&amp#27;[39m Performing fast reset on 'com.androidsample.generalstore'
[debug] &amp#27;[35m[ADB]&amp#27;[39m Getting install status for com.androidsample.generalstore
[debug] &amp#27;[35m[ADB]&amp#27;[39m Running 'C:\Users\ANANTHAROOBAN\AppData\Local\Android\Sdk\platform-tools\adb.exe -P 5037 -s emulator-5554 shell dumpsys package com.androidsample.generalstore'
[debug] &amp#27;[35m[ADB]&amp#27;[39m 'com.androidsample.generalstore' is installed
[debug] &amp#27;[35m[ADB]&amp#27;[39m Running 'C:\Users\ANANTHAROOBAN\AppData\Local\Android\Sdk\platform-tools\adb.exe -P 5037 -s emulator-5554 shell am force-stop com.androidsample.generalstore'
[debug] &amp#27;[35m[ADB]&amp#27;[39m Running 'C:\Users\ANANTHAROOBAN\AppData\Local\Android\Sdk\platform-tools\adb.exe -P 5037 -s emulator-5554 shell pm clear com.androidsample.generalstore'
[debug] &amp#27;[35m[AndroidDriver]&amp#27;[39m Performed fast reset on the installed 'com.androidsample.generalstore' application (stop and clear)
[debug] &amp#27;[35m[UiAutomator2]&amp#27;[39m Performing shallow cleanup of automation leftovers
[debug] &amp#27;[35m[UiAutomator2]&amp#27;[39m The following obsolete sessions are still running: ["eb3921d7-676e-4da8-9336-0f1d1efdc6bd"]
[debug] &amp#27;[35m[UiAutomator2]&amp#27;[39m Cleaning up the obsolete sessions
[debug] &amp#27;[35m[ADB]&amp#27;[39m Running 'C:\Users\ANANTHAROOBAN\AppData\Local\Android\Sdk\platform-tools\adb.exe -P 5037 -s emulator-5554 shell am force-stop io.appium.uiautomator2.server.test'
&amp#27;[35m[UiAutomator2]&amp#27;[39m Starting UIAutomator2 server 4.5.5
&amp#27;[35m[UiAutomator2]&amp#27;[39m Using UIAutomator2 server from 'C:\Users\ANANTHAROOBAN\AppData\Roaming\npm\node_modules\appium\node_modules\appium-uiautomator2-server\apks\appium-uiautomator2-server-v4.5.5.apk' and test from 'C:\Users\ANANTHAROOBAN\AppData\Roaming\npm\node_modules\appium\node_modules\appium-uiautomator2-server\apks\appium-uiautomator2-server-debug-androidTest.apk'
&amp#27;[35m[UiAutomator2]&amp#27;[39m Waiting up to 30000ms for UiAutomator2 to be online...
[debug] &amp#27;[35m[ADB]&amp#27;[39m Creating ADB subprocess with args: ["-P",5037,"-s","emulator-5554","shell","am","instrument","-w","io.appium.uiautomator2.server.test/androidx.test.runner.AndroidJUnitRunner"]
[debug] &amp#27;[35m[Instrumentation]&amp#27;[39m io.appium.uiautomator2.server.test.AppiumUiAutomator2Server:
[debug] &amp#27;[35m[WD Proxy]&amp#27;[39m Matched '/status' to command name 'getStatus'
[debug] &amp#27;[35m[WD Proxy]&amp#27;[39m Proxying [GET /status] to [GET http://127.0.0.1:8215/wd/hub/status] with no body
&amp#27;[35m[WD Proxy]&amp#27;[39m Got response with unknown status: {"code":"ECONNRESET"}
[debug] &amp#27;[35m[WD Proxy]&amp#27;[39m Matched '/status' to command name 'getStatus'
[debug] &amp#27;[35m[WD Proxy]&amp#27;[39m Proxying [GET /status] to [GET http://127.0.0.1:8215/wd/hub/status] with no body
&amp#27;[35m[WD Proxy]&amp#27;[39m Got response with unknown status: {"code":"ECONNRESET"}
[debug] &amp#27;[35m[WD Proxy]&amp#27;[39m Matched '/status' to command name 'getStatus'
[debug] &amp#27;[35m[WD Proxy]&amp#27;[39m Proxying [GET /status] to [GET http://127.0.0.1:8215/wd/hub/status] with no body
[debug] &amp#27;[35m[WD Proxy]&amp#27;[39m Got response with status 200: {"sessionId":"None","value":{"ready":true,"message":"UiAutomator2 Server is ready to accept commands"}}
[debug] &amp#27;[35m[UiAutomator2]&amp#27;[39m The initialization of the instrumentation process took 3122ms
[debug] &amp#27;[35m[WD Proxy]&amp#27;[39m Matched '/session' to command name 'createSession'
[debug] &amp#27;[35m[WD Proxy]&amp#27;[39m Proxying [POST /session] to [POST http://127.0.0.1:8215/wd/hub/session] with body: {"capabilities":{"firstMatch":[{"platform":"LINUX","webStorageEnabled":false,"takesScreenshot":true,"javascriptEnabled":true,"databaseEnabled":false,"networkConnectionEnabled":true,"locationContextEnabled":false,"warnings":{},"desired":{"platformName":"android","app":"D:\\AppiumTutorial\\Projects\\AppiumFramework\\src\\General-Store.apk","automationName":"Uiautomator2","chromedriverExecutable":"D:\\AppiumTutorial\\Projects\\Introduction\\BrowserDriver\\Google\\chromedriver.exe","deviceName":"Nexus5XPie9Emulator","newCommandTimeout":15},"platformName":"android","app":"D:\\AppiumTutorial\\Projects\\AppiumFramework\\src\\General-Store.apk","automationName":"Uiautomator2","chromedriverExecutable":"D:\\AppiumTutorial\\Projects\\Introduction\\BrowserDriver\\Google\\chromedriver.exe","deviceName":"emulator-5554","newCommandTimeout":15,"deviceUDID":"emulator-5554","appPackage":"com.androidsample.generalstore"}],"alwaysMatch":{}}}
[debug] &amp#27;[35m[WD Proxy]&amp#27;[39m Got response with status 200: {"sessionId":"d67f93d4-068a-4627-a64d-e0d2787506f4","value":{"sessionId":"d67f93d4-068a-4627-a64d-e0d2787506f4","capabilities":{"firstMatch":[{"platform":"LINUX","webStorageEnabled":false,"takesScreenshot":true,"javascriptEnabled":true,"databaseEnabled":false,"networkConnectionEnabled":true,"locationContextEnabled":false,"warnings":{},"desired":{"platformName":"android","app":"D:\\AppiumTutorial\\Projects\\AppiumFramework\\src\\General-Store.apk","automationName":"Uiautomator2","chromedriverExecutable":"D:\\AppiumTutorial\\Projects\\Introduction\\BrowserDriver\\Google\\chromedriver.exe","deviceName":"Nexus5XPie9Emulator","newCommandTimeout":15},"platformName":"android","app":"D:\\AppiumTutorial\\Projects\\AppiumFramework\\src\\General-Store.apk","automationName":"Uiautomator2","chromedriverExecutable":"D:\\AppiumTutorial\\Projects\\Introduction\\BrowserDriver\\Google\\chromedriver.exe","deviceName":"emulator-5554","newCommandTimeout":15,"deviceUDID":"emulator-5554","appPackage":"com.androidsample.generalst...
&amp#27;[35m[WD Proxy]&amp#27;[39m Determined the downstream protocol as 'W3C'
[debug] &amp#27;[35m[WD Proxy]&amp#27;[39m Proxying [GET /appium/device/info] to [GET http://127.0.0.1:8215/wd/hub/session/d67f93d4-068a-4627-a64d-e0d2787506f4/appium/device/info] with no body
[debug] &amp#27;[35m[WD Proxy]&amp#27;[39m Got response with status 200: {"sessionId":"d67f93d4-068a-4627-a64d-e0d2787506f4","value":{"androidId":"bd81ae029876c0c2","manufacturer":"Google","model":"AOSP on IA Emulator","brand":"google","apiVersion":"28","platformVersion":"9","carrierName":"Android","realDisplaySize":"1080x1920","displayDensity":420,"networks":[{"type":1,"typeName":"WIFI","subtype":0,"subtypeName":"","isConnected":true,"detailedState":"CONNECTED","state":"CONNECTED","extraInfo":null,"isAvailable":true,"isFailover":false,"isRoaming":false,"capabilities":{"transportTypes":"TRANSPORT_WIFI","networkCapabilities":"NET_CAPABILITY_NOT_METERED,NET_CAPABILITY_INTERNET,NET_CAPABILITY_NOT_RESTRICTED,NET_CAPABILITY_TRUSTED,NET_CAPABILITY_NOT_VPN,NET_CAPABILITY_VALIDATED,NET_CAPABILITY_NOT_ROAMING,NET_CAPABILITY_FOREGROUND,NET_CAPABILITY_NOT_CONGESTED,NET_CAPABILITY_NOT_SUSPENDED","linkUpstreamBandwidthKbps":1048576,"linkDownBandwidthKbps":1048576,"signalStrength":-50,"networkSpecifier":null,"SSID":null}},{"type":0,"typeName":"MOBILE","subtype":13,"subtypeName":"LTE","isConn...
[debug] &amp#27;[35m[ADB]&amp#27;[39m Running 'C:\Users\ANANTHAROOBAN\AppData\Local\Android\Sdk\platform-tools\adb.exe -P 5037 -s emulator-5554 shell dumpsys window'
&amp#27;[35m[AndroidDriver]&amp#27;[39m Screen already unlocked, doing nothing
&amp#27;[35m[UiAutomator2]&amp#27;[39m Starting 'com.androidsample.generalstore/com.androidsample.generalstore.SplashActivity and waiting for 'com.androidsample.generalstore/com.androidsample.generalstore.SplashActivity'
[debug] &amp#27;[35m[ADB]&amp#27;[39m Running 'C:\Users\ANANTHAROOBAN\AppData\Local\Android\Sdk\platform-tools\adb.exe -P 5037 -s emulator-5554 shell am start -W -n com.androidsample.generalstore/com.androidsample.generalstore.SplashActivity -S -a android.intent.action.MAIN -c android.intent.category.LAUNCHER -f 0x10200000'
[debug] &amp#27;[35m[ADB]&amp#27;[39m Waiting up to 20000ms for activity matching pkg: 'com.androidsample.generalstore' and activity: 'com.androidsample.generalstore.SplashActivity' to be focused
[debug] &amp#27;[35m[ADB]&amp#27;[39m Possible activities, to be checked: 'com.androidsample.generalstore.SplashActivity', 'com.androidsample.generalstore.com.androidsample.generalstore.SplashActivity'
[debug] &amp#27;[35m[ADB]&amp#27;[39m Getting focused package and activity
[debug] &amp#27;[35m[ADB]&amp#27;[39m Running 'C:\Users\ANANTHAROOBAN\AppData\Local\Android\Sdk\platform-tools\adb.exe -P 5037 -s emulator-5554 shell dumpsys window windows'
[debug] &amp#27;[35m[ADB]&amp#27;[39m Found package: 'com.androidsample.generalstore' and fully qualified activity name : 'com.androidsample.generalstore.SplashActivity'
[debug] &amp#27;[35m[WD Proxy]&amp#27;[39m Proxying [GET /appium/device/pixel_ratio] to [GET http://127.0.0.1:8215/wd/hub/session/d67f93d4-068a-4627-a64d-e0d2787506f4/appium/device/pixel_ratio] with body: {}
[debug] &amp#27;[35m[WD Proxy]&amp#27;[39m Got response with status 200: {"sessionId":"d67f93d4-068a-4627-a64d-e0d2787506f4","value":2.625}
[debug] &amp#27;[35m[WD Proxy]&amp#27;[39m Matched '/appium/device/system_bars' to command name 'getSystemBars'
[debug] &amp#27;[35m[WD Proxy]&amp#27;[39m Proxying [GET /appium/device/system_bars] to [GET http://127.0.0.1:8215/wd/hub/session/d67f93d4-068a-4627-a64d-e0d2787506f4/appium/device/system_bars] with body: {}
[debug] &amp#27;[35m[WD Proxy]&amp#27;[39m Got response with status 200: {"sessionId":"d67f93d4-068a-4627-a64d-e0d2787506f4","value":{"statusBar":63}}
[debug] &amp#27;[35m[WD Proxy]&amp#27;[39m Matched '/window/current/size' to command name 'getWindowSize'
[debug] &amp#27;[35m[WD Proxy]&amp#27;[39m Proxying [GET /window/current/size] to [GET http://127.0.0.1:8215/wd/hub/session/d67f93d4-068a-4627-a64d-e0d2787506f4/window/current/size] with body: {}
[debug] &amp#27;[35m[WD Proxy]&amp#27;[39m Got response with status 200: {"sessionId":"d67f93d4-068a-4627-a64d-e0d2787506f4","value":{"height":1794,"width":1080}}
&amp#27;[35m[Appium]&amp#27;[39m New AndroidUiautomator2Driver session created successfully, session 96bdc753-10df-4008-9717-9af196ea7a09 added to master session list
[debug] &amp#27;[35m[BaseDriver]&amp#27;[39m Event 'newSessionStarted' logged at 1592836583179 (22:36:23 GMT+0800 (Malaysia Time))
[debug] &amp#27;[35m[W3C (96bdc753)]&amp#27;[39m Cached the protocol value 'W3C' for the new session 96bdc753-10df-4008-9717-9af196ea7a09
[debug] &amp#27;[35m[W3C (96bdc753)]&amp#27;[39m Responding to client with driver.createSession() result: {"capabilities":{"platform":"LINUX","webStorageEnabled":false,"takesScreenshot":true,"javascriptEnabled":true,"databaseEnabled":false,"networkConnectionEnabled":true,"locationContextEnabled":false,"warnings":{},"desired":{"platformName":"android","app":"D:\\AppiumTutorial\\Projects\\AppiumFramework\\src\\General-Store.apk","automationName":"Uiautomator2","chromedriverExecutable":"D:\\AppiumTutorial\\Projects\\Introduction\\BrowserDriver\\Google\\chromedriver.exe","deviceName":"Nexus5XPie9Emulator","newCommandTimeout":15},"platformName":"android","app":"D:\\AppiumTutorial\\Projects\\AppiumFramework\\src\\General-Store.apk","automationName":"Uiautomator2","chromedriverExecutable":"D:\\AppiumTutorial\\Projects\\Introduction\\BrowserDriver\\Google\\chromedriver.exe","deviceName":"emulator-5554","newCommandTimeout":15,"deviceUDID":"emulator-5554","appPackage":"com.androidsample.generalstore","deviceApiLevel":28,"platformVersion":"9","deviceScreenSize":"1080x1920","deviceScreenDensity":420,"deviceModel":"AOSP on...
&amp#27;[35m[HTTP]&amp#27;[39m &amp#27;[37m<-- POST /wd/hub/session &amp#27;[39m&amp#27;[32m200&amp#27;[39m &amp#27;[90m8995 ms - 1227&amp#27;[39m
&amp#27;[35m[HTTP]&amp#27;[39m &amp#27;[90m&amp#27;[39m
&amp#27;[35m[HTTP]&amp#27;[39m &amp#27;[37m-->&amp#27;[39m &amp#27;[37mGET&amp#27;[39m &amp#27;[37m/wd/hub/session/96bdc753-10df-4008-9717-9af196ea7a09&amp#27;[39m
&amp#27;[35m[HTTP]&amp#27;[39m &amp#27;[90m{}&amp#27;[39m
[debug] &amp#27;[35m[W3C (96bdc753)]&amp#27;[39m Calling AppiumDriver.getSession() with args: ["96bdc753-10df-4008-9717-9af196ea7a09"]
[debug] &amp#27;[35m[UiAutomator2]&amp#27;[39m Getting session details from server to mix in
[debug] &amp#27;[35m[WD Proxy]&amp#27;[39m Matched '/' to command name 'getSession'
[debug] &amp#27;[35m[WD Proxy]&amp#27;[39m Proxying [GET /] to [GET http://127.0.0.1:8215/wd/hub/session/d67f93d4-068a-4627-a64d-e0d2787506f4] with body: {}
[debug] &amp#27;[35m[WD Proxy]&amp#27;[39m Got response with status 200: {"sessionId":"d67f93d4-068a-4627-a64d-e0d2787506f4","value":{}}
[debug] &amp#27;[35m[W3C (96bdc753)]&amp#27;[39m Responding to client with driver.getSession() result: {"platform":"LINUX","webStorageEnabled":false,"takesScreenshot":true,"javascriptEnabled":true,"databaseEnabled":false,"networkConnectionEnabled":true,"locationContextEnabled":false,"warnings":{},"desired":{"platformName":"android","app":"D:\\AppiumTutorial\\Projects\\AppiumFramework\\src\\General-Store.apk","automationName":"Uiautomator2","chromedriverExecutable":"D:\\AppiumTutorial\\Projects\\Introduction\\BrowserDriver\\Google\\chromedriver.exe","deviceName":"Nexus5XPie9Emulator","newCommandTimeout":15},"platformName":"android","app":"D:\\AppiumTutorial\\Projects\\AppiumFramework\\src\\General-Store.apk","automationName":"Uiautomator2","chromedriverExecutable":"D:\\AppiumTutorial\\Projects\\Introduction\\BrowserDriver\\Google\\chromedriver.exe","deviceName":"emulator-5554","newCommandTimeout":15,"deviceUDID":"emulator-5554","appPackage":"com.androidsample.generalstore","deviceApiLevel":28,"platformVersion":"9","deviceScreenSize":"1080x1920","deviceScreenDensity":420,"deviceModel":"AOSP on IA Emulator","d...
&amp#27;[35m[HTTP]&amp#27;[39m &amp#27;[37m<-- GET /wd/hub/session/96bdc753-10df-4008-9717-9af196ea7a09 &amp#27;[39m&amp#27;[32m200&amp#27;[39m &amp#27;[90m13 ms - 1159&amp#27;[39m
&amp#27;[35m[HTTP]&amp#27;[39m &amp#27;[90m&amp#27;[39m
&amp#27;[35m[HTTP]&amp#27;[39m &amp#27;[37m-->&amp#27;[39m &amp#27;[37mGET&amp#27;[39m &amp#27;[37m/wd/hub/session/96bdc753-10df-4008-9717-9af196ea7a09&amp#27;[39m
&amp#27;[35m[HTTP]&amp#27;[39m &amp#27;[90m{}&amp#27;[39m
[debug] &amp#27;[35m[W3C (96bdc753)]&amp#27;[39m Calling AppiumDriver.getSession() with args: ["96bdc753-10df-4008-9717-9af196ea7a09"]
[debug] &amp#27;[35m[UiAutomator2]&amp#27;[39m Getting session details from server to mix in
[debug] &amp#27;[35m[WD Proxy]&amp#27;[39m Matched '/' to command name 'getSession'
[debug] &amp#27;[35m[WD Proxy]&amp#27;[39m Proxying [GET /] to [GET http://127.0.0.1:8215/wd/hub/session/d67f93d4-068a-4627-a64d-e0d2787506f4] with body: {}
[debug] &amp#27;[35m[WD Proxy]&amp#27;[39m Got response with status 200: {"sessionId":"d67f93d4-068a-4627-a64d-e0d2787506f4","value":{}}
[debug] &amp#27;[35m[W3C (96bdc753)]&amp#27;[39m Responding to client with driver.getSession() result: {"platform":"LINUX","webStorageEnabled":false,"takesScreenshot":true,"javascriptEnabled":true,"databaseEnabled":false,"networkConnectionEnabled":true,"locationContextEnabled":false,"warnings":{},"desired":{"platformName":"android","app":"D:\\AppiumTutorial\\Projects\\AppiumFramework\\src\\General-Store.apk","automationName":"Uiautomator2","chromedriverExecutable":"D:\\AppiumTutorial\\Projects\\Introduction\\BrowserDriver\\Google\\chromedriver.exe","deviceName":"Nexus5XPie9Emulator","newCommandTimeout":15},"platformName":"android","app":"D:\\AppiumTutorial\\Projects\\AppiumFramework\\src\\General-Store.apk","automationName":"Uiautomator2","chromedriverExecutable":"D:\\AppiumTutorial\\Projects\\Introduction\\BrowserDriver\\Google\\chromedriver.exe","deviceName":"emulator-5554","newCommandTimeout":15,"deviceUDID":"emulator-5554","appPackage":"com.androidsample.generalstore","deviceApiLevel":28,"platformVersion":"9","deviceScreenSize":"1080x1920","deviceScreenDensity":420,"deviceModel":"AOSP on IA Emulator","d...
&amp#27;[35m[HTTP]&amp#27;[39m &amp#27;[37m<-- GET /wd/hub/session/96bdc753-10df-4008-9717-9af196ea7a09 &amp#27;[39m&amp#27;[32m200&amp#27;[39m &amp#27;[90m13 ms - 1159&amp#27;[39m
&amp#27;[35m[HTTP]&amp#27;[39m &amp#27;[90m&amp#27;[39m
&amp#27;[35m[HTTP]&amp#27;[39m &amp#27;[37m-->&amp#27;[39m &amp#27;[37mPOST&amp#27;[39m &amp#27;[37m/wd/hub/session/96bdc753-10df-4008-9717-9af196ea7a09/timeouts&amp#27;[39m
&amp#27;[35m[HTTP]&amp#27;[39m &amp#27;[90m{"implicit":10000}&amp#27;[39m
[debug] &amp#27;[35m[W3C (96bdc753)]&amp#27;[39m Calling AppiumDriver.timeouts() with args: [null,null,null,null,10000,"96bdc753-10df-4008-9717-9af196ea7a09"]
[debug] &amp#27;[35m[BaseDriver]&amp#27;[39m W3C timeout argument: {"implicit":10000}}
[debug] &amp#27;[35m[BaseDriver]&amp#27;[39m Set implicit wait to 10000ms
[debug] &amp#27;[35m[W3C (96bdc753)]&amp#27;[39m Responding to client with driver.timeouts() result: null
&amp#27;[35m[HTTP]&amp#27;[39m &amp#27;[37m<-- POST /wd/hub/session/96bdc753-10df-4008-9717-9af196ea7a09/timeouts &amp#27;[39m&amp#27;[32m200&amp#27;[39m &amp#27;[90m5 ms - 14&amp#27;[39m
&amp#27;[35m[HTTP]&amp#27;[39m &amp#27;[90m&amp#27;[39m
&amp#27;[35m[HTTP]&amp#27;[39m &amp#27;[37m-->&amp#27;[39m &amp#27;[37mPOST&amp#27;[39m &amp#27;[37m/wd/hub/session/96bdc753-10df-4008-9717-9af196ea7a09/timeouts&amp#27;[39m
&amp#27;[35m[HTTP]&amp#27;[39m &amp#27;[90m{"implicit":10000}&amp#27;[39m
[debug] &amp#27;[35m[W3C (96bdc753)]&amp#27;[39m Calling AppiumDriver.timeouts() with args: [null,null,null,null,10000,"96bdc753-10df-4008-9717-9af196ea7a09"]
[debug] &amp#27;[35m[BaseDriver]&amp#27;[39m W3C timeout argument: {"implicit":10000}}
[debug] &amp#27;[35m[BaseDriver]&amp#27;[39m Set implicit wait to 10000ms
[debug] &amp#27;[35m[W3C (96bdc753)]&amp#27;[39m Responding to client with driver.timeouts() result: null
&amp#27;[35m[HTTP]&amp#27;[39m &amp#27;[37m<-- POST /wd/hub/session/96bdc753-10df-4008-9717-9af196ea7a09/timeouts &amp#27;[39m&amp#27;[32m200&amp#27;[39m &amp#27;[90m3 ms - 14&amp#27;[39m
&amp#27;[35m[HTTP]&amp#27;[39m &amp#27;[90m&amp#27;[39m
&amp#27;[35m[HTTP]&amp#27;[39m &amp#27;[37m-->&amp#27;[39m &amp#27;[37mGET&amp#27;[39m &amp#27;[37m/wd/hub/session/96bdc753-10df-4008-9717-9af196ea7a09&amp#27;[39m
&amp#27;[35m[HTTP]&amp#27;[39m &amp#27;[90m{}&amp#27;[39m
[debug] &amp#27;[35m[W3C (96bdc753)]&amp#27;[39m Calling AppiumDriver.getSession() with args: ["96bdc753-10df-4008-9717-9af196ea7a09"]
[debug] &amp#27;[35m[UiAutomator2]&amp#27;[39m Getting session details from server to mix in
[debug] &amp#27;[35m[WD Proxy]&amp#27;[39m Matched '/' to command name 'getSession'
[debug] &amp#27;[35m[WD Proxy]&amp#27;[39m Proxying [GET /] to [GET http://127.0.0.1:8215/wd/hub/session/d67f93d4-068a-4627-a64d-e0d2787506f4] with body: {}
[debug] &amp#27;[35m[WD Proxy]&amp#27;[39m Got response with status 200: {"sessionId":"d67f93d4-068a-4627-a64d-e0d2787506f4","value":{}}
[debug] &amp#27;[35m[W3C (96bdc753)]&amp#27;[39m Responding to client with driver.getSession() result: {"platform":"LINUX","webStorageEnabled":false,"takesScreenshot":true,"javascriptEnabled":true,"databaseEnabled":false,"networkConnectionEnabled":true,"locationContextEnabled":false,"warnings":{},"desired":{"platformName":"android","app":"D:\\AppiumTutorial\\Projects\\AppiumFramework\\src\\General-Store.apk","automationName":"Uiautomator2","chromedriverExecutable":"D:\\AppiumTutorial\\Projects\\Introduction\\BrowserDriver\\Google\\chromedriver.exe","deviceName":"Nexus5XPie9Emulator","newCommandTimeout":15},"platformName":"android","app":"D:\\AppiumTutorial\\Projects\\AppiumFramework\\src\\General-Store.apk","automationName":"Uiautomator2","chromedriverExecutable":"D:\\AppiumTutorial\\Projects\\Introduction\\BrowserDriver\\Google\\chromedriver.exe","deviceName":"emulator-5554","newCommandTimeout":15,"deviceUDID":"emulator-5554","appPackage":"com.androidsample.generalstore","deviceApiLevel":28,"platformVersion":"9","deviceScreenSize":"1080x1920","deviceScreenDensity":420,"deviceModel":"AOSP on IA Emulator","d...
&amp#27;[35m[HTTP]&amp#27;[39m &amp#27;[37m<-- GET /wd/hub/session/96bdc753-10df-4008-9717-9af196ea7a09 &amp#27;[39m&amp#27;[32m200&amp#27;[39m &amp#27;[90m23 ms - 1159&amp#27;[39m
&amp#27;[35m[HTTP]&amp#27;[39m &amp#27;[90m&amp#27;[39m
&amp#27;[35m[HTTP]&amp#27;[39m &amp#27;[37m-->&amp#27;[39m &amp#27;[37mGET&amp#27;[39m &amp#27;[37m/wd/hub/session/96bdc753-10df-4008-9717-9af196ea7a09&amp#27;[39m
&amp#27;[35m[HTTP]&amp#27;[39m &amp#27;[90m{}&amp#27;[39m
[debug] &amp#27;[35m[W3C (96bdc753)]&amp#27;[39m Calling AppiumDriver.getSession() with args: ["96bdc753-10df-4008-9717-9af196ea7a09"]
[debug] &amp#27;[35m[UiAutomator2]&amp#27;[39m Getting session details from server to mix in
[debug] &amp#27;[35m[WD Proxy]&amp#27;[39m Matched '/' to command name 'getSession'
[debug] &amp#27;[35m[WD Proxy]&amp#27;[39m Proxying [GET /] to [GET http://127.0.0.1:8215/wd/hub/session/d67f93d4-068a-4627-a64d-e0d2787506f4] with body: {}
[debug] &amp#27;[35m[WD Proxy]&amp#27;[39m Got response with status 200: {"sessionId":"d67f93d4-068a-4627-a64d-e0d2787506f4","value":{}}
[debug] &amp#27;[35m[W3C (96bdc753)]&amp#27;[39m Responding to client with driver.getSession() result: {"platform":"LINUX","webStorageEnabled":false,"takesScreenshot":true,"javascriptEnabled":true,"databaseEnabled":false,"networkConnectionEnabled":true,"locationContextEnabled":false,"warnings":{},"desired":{"platformName":"android","app":"D:\\AppiumTutorial\\Projects\\AppiumFramework\\src\\General-Store.apk","automationName":"Uiautomator2","chromedriverExecutable":"D:\\AppiumTutorial\\Projects\\Introduction\\BrowserDriver\\Google\\chromedriver.exe","deviceName":"Nexus5XPie9Emulator","newCommandTimeout":15},"platformName":"android","app":"D:\\AppiumTutorial\\Projects\\AppiumFramework\\src\\General-Store.apk","automationName":"Uiautomator2","chromedriverExecutable":"D:\\AppiumTutorial\\Projects\\Introduction\\BrowserDriver\\Google\\chromedriver.exe","deviceName":"emulator-5554","newCommandTimeout":15,"deviceUDID":"emulator-5554","appPackage":"com.androidsample.generalstore","deviceApiLevel":28,"platformVersion":"9","deviceScreenSize":"1080x1920","deviceScreenDensity":420,"deviceModel":"AOSP on IA Emulator","d...
&amp#27;[35m[HTTP]&amp#27;[39m &amp#27;[37m<-- GET /wd/hub/session/96bdc753-10df-4008-9717-9af196ea7a09 &amp#27;[39m&amp#27;[32m200&amp#27;[39m &amp#27;[90m10 ms - 1159&amp#27;[39m
&amp#27;[35m[HTTP]&amp#27;[39m &amp#27;[90m&amp#27;[39m
&amp#27;[35m[HTTP]&amp#27;[39m &amp#27;[37m-->&amp#27;[39m &amp#27;[37mGET&amp#27;[39m &amp#27;[37m/wd/hub/session/96bdc753-10df-4008-9717-9af196ea7a09&amp#27;[39m
&amp#27;[35m[HTTP]&amp#27;[39m &amp#27;[90m{}&amp#27;[39m
[debug] &amp#27;[35m[W3C (96bdc753)]&amp#27;[39m Calling AppiumDriver.getSession() with args: ["96bdc753-10df-4008-9717-9af196ea7a09"]
[debug] &amp#27;[35m[UiAutomator2]&amp#27;[39m Getting session details from server to mix in
[debug] &amp#27;[35m[WD Proxy]&amp#27;[39m Matched '/' to command name 'getSession'
[debug] &amp#27;[35m[WD Proxy]&amp#27;[39m Proxying [GET /] to [GET http://127.0.0.1:8215/wd/hub/session/d67f93d4-068a-4627-a64d-e0d2787506f4] with body: {}
[debug] &amp#27;[35m[WD Proxy]&amp#27;[39m Got response with status 200: {"sessionId":"d67f93d4-068a-4627-a64d-e0d2787506f4","value":{}}
[debug] &amp#27;[35m[W3C (96bdc753)]&amp#27;[39m Responding to client with driver.getSession() result: {"platform":"LINUX","webStorageEnabled":false,"takesScreenshot":true,"javascriptEnabled":true,"databaseEnabled":false,"networkConnectionEnabled":true,"locationContextEnabled":false,"warnings":{},"desired":{"platformName":"android","app":"D:\\AppiumTutorial\\Projects\\AppiumFramework\\src\\General-Store.apk","automationName":"Uiautomator2","chromedriverExecutable":"D:\\AppiumTutorial\\Projects\\Introduction\\BrowserDriver\\Google\\chromedriver.exe","deviceName":"Nexus5XPie9Emulator","newCommandTimeout":15},"platformName":"android","app":"D:\\AppiumTutorial\\Projects\\AppiumFramework\\src\\General-Store.apk","automationName":"Uiautomator2","chromedriverExecutable":"D:\\AppiumTutorial\\Projects\\Introduction\\BrowserDriver\\Google\\chromedriver.exe","deviceName":"emulator-5554","newCommandTimeout":15,"deviceUDID":"emulator-5554","appPackage":"com.androidsample.generalstore","deviceApiLevel":28,"platformVersion":"9","deviceScreenSize":"1080x1920","deviceScreenDensity":420,"deviceModel":"AOSP on IA Emulator","d...
&amp#27;[35m[HTTP]&amp#27;[39m &amp#27;[37m<-- GET /wd/hub/session/96bdc753-10df-4008-9717-9af196ea7a09 &amp#27;[39m&amp#27;[32m200&amp#27;[39m &amp#27;[90m12 ms - 1159&amp#27;[39m
&amp#27;[35m[HTTP]&amp#27;[39m &amp#27;[90m&amp#27;[39m
&amp#27;[35m[HTTP]&amp#27;[39m &amp#27;[37m-->&amp#27;[39m &amp#27;[37mPOST&amp#27;[39m &amp#27;[37m/wd/hub/session/96bdc753-10df-4008-9717-9af196ea7a09/element&amp#27;[39m
&amp#27;[35m[HTTP]&amp#27;[39m &amp#27;[90m{"using":"id","value":"android:id/text1"}&amp#27;[39m
[debug] &amp#27;[35m[W3C (96bdc753)]&amp#27;[39m Calling AppiumDriver.findElement() with args: ["id","android:id/text1","96bdc753-10df-4008-9717-9af196ea7a09"]
[debug] &amp#27;[35m[BaseDriver]&amp#27;[39m Valid locator strategies for this request: xpath, id, class name, accessibility id, -android uiautomator
[debug] &amp#27;[35m[BaseDriver]&amp#27;[39m Waiting up to 10000 ms for condition
[debug] &amp#27;[35m[WD Proxy]&amp#27;[39m Matched '/element' to command name 'findElement'
[debug] &amp#27;[35m[WD Proxy]&amp#27;[39m Proxying [POST /element] to [POST http://127.0.0.1:8215/wd/hub/session/d67f93d4-068a-4627-a64d-e0d2787506f4/element] with body: {"strategy":"id","selector":"android:id/text1","context":"","multiple":false}
&amp#27;[35m[WD Proxy]&amp#27;[39m Got response with status 404: {"sessionId":"d67f93d4-068a-4627-a64d-e0d2787506f4","value":{"error":"no such element","message":"An element could not be located on the page using the given search parameters","stacktrace":"io.appium.uiautomator2.common.exceptions.ElementNotFoundException: An element could not be located on the page using the given search parameters\n\tat io.appium.uiautomator2.handler.FindElement.safeHandle(FindElement.java:78)\n\tat io.appium.uiautomator2.handler.request.SafeRequestHandler.handle(SafeRequestHandler.java:38)\n\tat io.appium.uiautomator2.server.AppiumServlet.handleRequest(AppiumServlet.java:252)\n\tat io.appium.uiautomator2.server.AppiumServlet.handleHttpRequest(AppiumServlet.java:242)\n\tat io.appium.uiautomator2.http.ServerHandler.channelRead(ServerHandler.java:51)\n\tat io.netty.channel.AbstractChannelHandlerContext.invokeChannelRead(AbstractChannelHandlerContext.java:366)\n\tat io.netty.channel.AbstractChannelHandlerContext.invokeChannelRead(AbstractChannelHandlerContext.java:352)\n\tat io.netty.chann...
[debug] &amp#27;[35m[W3C]&amp#27;[39m Matched W3C error code 'no such element' to NoSuchElementError
[debug] &amp#27;[35m[BaseDriver]&amp#27;[39m Waited for 251 ms so far
[debug] &amp#27;[35m[WD Proxy]&amp#27;[39m Matched '/element' to command name 'findElement'
[debug] &amp#27;[35m[WD Proxy]&amp#27;[39m Proxying [POST /element] to [POST http://127.0.0.1:8215/wd/hub/session/d67f93d4-068a-4627-a64d-e0d2787506f4/element] with body: {"strategy":"id","selector":"android:id/text1","context":"","multiple":false}
&amp#27;[35m[WD Proxy]&amp#27;[39m Got response with status 404: {"sessionId":"d67f93d4-068a-4627-a64d-e0d2787506f4","value":{"error":"no such element","message":"An element could not be located on the page using the given search parameters","stacktrace":"io.appium.uiautomator2.common.exceptions.ElementNotFoundException: An element could not be located on the page using the given search parameters\n\tat io.appium.uiautomator2.handler.FindElement.safeHandle(FindElement.java:78)\n\tat io.appium.uiautomator2.handler.request.SafeRequestHandler.handle(SafeRequestHandler.java:38)\n\tat io.appium.uiautomator2.server.AppiumServlet.handleRequest(AppiumServlet.java:252)\n\tat io.appium.uiautomator2.server.AppiumServlet.handleHttpRequest(AppiumServlet.java:242)\n\tat io.appium.uiautomator2.http.ServerHandler.channelRead(ServerHandler.java:51)\n\tat io.netty.channel.AbstractChannelHandlerContext.invokeChannelRead(AbstractChannelHandlerContext.java:366)\n\tat io.netty.channel.AbstractChannelHandlerContext.invokeChannelRead(AbstractChannelHandlerContext.java:352)\n\tat io.netty.chann...
[debug] &amp#27;[35m[W3C]&amp#27;[39m Matched W3C error code 'no such element' to NoSuchElementError
[debug] &amp#27;[35m[BaseDriver]&amp#27;[39m Waited for 773 ms so far
[debug] &amp#27;[35m[WD Proxy]&amp#27;[39m Matched '/element' to command name 'findElement'
[debug] &amp#27;[35m[WD Proxy]&amp#27;[39m Proxying [POST /element] to [POST http://127.0.0.1:8215/wd/hub/session/d67f93d4-068a-4627-a64d-e0d2787506f4/element] with body: {"strategy":"id","selector":"android:id/text1","context":"","multiple":false}
&amp#27;[35m[WD Proxy]&amp#27;[39m Got response with status 404: {"sessionId":"d67f93d4-068a-4627-a64d-e0d2787506f4","value":{"error":"no such element","message":"An element could not be located on the page using the given search parameters","stacktrace":"io.appium.uiautomator2.common.exceptions.ElementNotFoundException: An element could not be located on the page using the given search parameters\n\tat io.appium.uiautomator2.handler.FindElement.safeHandle(FindElement.java:78)\n\tat io.appium.uiautomator2.handler.request.SafeRequestHandler.handle(SafeRequestHandler.java:38)\n\tat io.appium.uiautomator2.server.AppiumServlet.handleRequest(AppiumServlet.java:252)\n\tat io.appium.uiautomator2.server.AppiumServlet.handleHttpRequest(AppiumServlet.java:242)\n\tat io.appium.uiautomator2.http.ServerHandler.channelRead(ServerHandler.java:51)\n\tat io.netty.channel.AbstractChannelHandlerContext.invokeChannelRead(AbstractChannelHandlerContext.java:366)\n\tat io.netty.channel.AbstractChannelHandlerContext.invokeChannelRead(AbstractChannelHandlerContext.java:352)\n\tat io.netty.chann...
[debug] &amp#27;[35m[W3C]&amp#27;[39m Matched W3C error code 'no such element' to NoSuchElementError
[debug] &amp#27;[35m[BaseDriver]&amp#27;[39m Waited for 1318 ms so far
[debug] &amp#27;[35m[WD Proxy]&amp#27;[39m Matched '/element' to command name 'findElement'
[debug] &amp#27;[35m[WD Proxy]&amp#27;[39m Proxying [POST /element] to [POST http://127.0.0.1:8215/wd/hub/session/d67f93d4-068a-4627-a64d-e0d2787506f4/element] with body: {"strategy":"id","selector":"android:id/text1","context":"","multiple":false}
&amp#27;[35m[WD Proxy]&amp#27;[39m Got response with status 404: {"sessionId":"d67f93d4-068a-4627-a64d-e0d2787506f4","value":{"error":"no such element","message":"An element could not be located on the page using the given search parameters","stacktrace":"io.appium.uiautomator2.common.exceptions.ElementNotFoundException: An element could not be located on the page using the given search parameters\n\tat io.appium.uiautomator2.handler.FindElement.safeHandle(FindElement.java:78)\n\tat io.appium.uiautomator2.handler.request.SafeRequestHandler.handle(SafeRequestHandler.java:38)\n\tat io.appium.uiautomator2.server.AppiumServlet.handleRequest(AppiumServlet.java:252)\n\tat io.appium.uiautomator2.server.AppiumServlet.handleHttpRequest(AppiumServlet.java:242)\n\tat io.appium.uiautomator2.http.ServerHandler.channelRead(ServerHandler.java:51)\n\tat io.netty.channel.AbstractChannelHandlerContext.invokeChannelRead(AbstractChannelHandlerContext.java:366)\n\tat io.netty.channel.AbstractChannelHandlerContext.invokeChannelRead(AbstractChannelHandlerContext.java:352)\n\tat io.netty.chann...
[debug] &amp#27;[35m[W3C]&amp#27;[39m Matched W3C error code 'no such element' to NoSuchElementError
[debug] &amp#27;[35m[BaseDriver]&amp#27;[39m Waited for 1867 ms so far
[debug] &amp#27;[35m[WD Proxy]&amp#27;[39m Matched '/element' to command name 'findElement'
[debug] &amp#27;[35m[WD Proxy]&amp#27;[39m Proxying [POST /element] to [POST http://127.0.0.1:8215/wd/hub/session/d67f93d4-068a-4627-a64d-e0d2787506f4/element] with body: {"strategy":"id","selector":"android:id/text1","context":"","multiple":false}
&amp#27;[35m[WD Proxy]&amp#27;[39m Got response with status 404: {"sessionId":"d67f93d4-068a-4627-a64d-e0d2787506f4","value":{"error":"no such element","message":"An element could not be located on the page using the given search parameters","stacktrace":"io.appium.uiautomator2.common.exceptions.ElementNotFoundException: An element could not be located on the page using the given search parameters\n\tat io.appium.uiautomator2.handler.FindElement.safeHandle(FindElement.java:78)\n\tat io.appium.uiautomator2.handler.request.SafeRequestHandler.handle(SafeRequestHandler.java:38)\n\tat io.appium.uiautomator2.server.AppiumServlet.handleRequest(AppiumServlet.java:252)\n\tat io.appium.uiautomator2.server.AppiumServlet.handleHttpRequest(AppiumServlet.java:242)\n\tat io.appium.uiautomator2.http.ServerHandler.channelRead(ServerHandler.java:51)\n\tat io.netty.channel.AbstractChannelHandlerContext.invokeChannelRead(AbstractChannelHandlerContext.java:366)\n\tat io.netty.channel.AbstractChannelHandlerContext.invokeChannelRead(AbstractChannelHandlerContext.java:352)\n\tat io.netty.chann...
[debug] &amp#27;[35m[W3C]&amp#27;[39m Matched W3C error code 'no such element' to NoSuchElementError
[debug] &amp#27;[35m[BaseDriver]&amp#27;[39m Waited for 2599 ms so far
[debug] &amp#27;[35m[WD Proxy]&amp#27;[39m Matched '/element' to command name 'findElement'
[debug] &amp#27;[35m[WD Proxy]&amp#27;[39m Proxying [POST /element] to [POST http://127.0.0.1:8215/wd/hub/session/d67f93d4-068a-4627-a64d-e0d2787506f4/element] with body: {"strategy":"id","selector":"android:id/text1","context":"","multiple":false}
[debug] &amp#27;[35m[WD Proxy]&amp#27;[39m Got response with status 200: {"sessionId":"d67f93d4-068a-4627-a64d-e0d2787506f4","value":{"ELEMENT":"3198f893-77cb-46cd-8505-cd247d88d366","element-6066-11e4-a52e-4f735466cecf":"3198f893-77cb-46cd-8505-cd247d88d366"}}
[debug] &amp#27;[35m[W3C (96bdc753)]&amp#27;[39m Responding to client with driver.findElement() result: {"element-6066-11e4-a52e-4f735466cecf":"3198f893-77cb-46cd-8505-cd247d88d366","ELEMENT":"3198f893-77cb-46cd-8505-cd247d88d366"}
&amp#27;[35m[HTTP]&amp#27;[39m &amp#27;[37m<-- POST /wd/hub/session/96bdc753-10df-4008-9717-9af196ea7a09/element &amp#27;[39m&amp#27;[32m200&amp#27;[39m &amp#27;[90m3429 ms - 137&amp#27;[39m
&amp#27;[35m[HTTP]&amp#27;[39m &amp#27;[90m&amp#27;[39m
&amp#27;[35m[HTTP]&amp#27;[39m &amp#27;[37m-->&amp#27;[39m &amp#27;[37mPOST&amp#27;[39m &amp#27;[37m/wd/hub/session/96bdc753-10df-4008-9717-9af196ea7a09/element/3198f893-77cb-46cd-8505-cd247d88d366/click&amp#27;[39m
&amp#27;[35m[HTTP]&amp#27;[39m &amp#27;[90m{"id":"3198f893-77cb-46cd-8505-cd247d88d366"}&amp#27;[39m
[debug] &amp#27;[35m[W3C (96bdc753)]&amp#27;[39m Calling AppiumDriver.click() with args: ["3198f893-77cb-46cd-8505-cd247d88d366","96bdc753-10df-4008-9717-9af196ea7a09"]
[debug] &amp#27;[35m[WD Proxy]&amp#27;[39m Matched '/element/3198f893-77cb-46cd-8505-cd247d88d366/click' to command name 'click'
[debug] &amp#27;[35m[WD Proxy]&amp#27;[39m Proxying [POST /element/3198f893-77cb-46cd-8505-cd247d88d366/click] to [POST http://127.0.0.1:8215/wd/hub/session/d67f93d4-068a-4627-a64d-e0d2787506f4/element/3198f893-77cb-46cd-8505-cd247d88d366/click] with body: {"element":"3198f893-77cb-46cd-8505-cd247d88d366"}
[debug] &amp#27;[35m[WD Proxy]&amp#27;[39m Got response with status 200: {"sessionId":"d67f93d4-068a-4627-a64d-e0d2787506f4","value":null}
[debug] &amp#27;[35m[W3C (96bdc753)]&amp#27;[39m Responding to client with driver.click() result: null
&amp#27;[35m[HTTP]&amp#27;[39m &amp#27;[37m<-- POST /wd/hub/session/96bdc753-10df-4008-9717-9af196ea7a09/element/3198f893-77cb-46cd-8505-cd247d88d366/click &amp#27;[39m&amp#27;[32m200&amp#27;[39m &amp#27;[90m32 ms - 14&amp#27;[39m
&amp#27;[35m[HTTP]&amp#27;[39m &amp#27;[90m&amp#27;[39m
&amp#27;[35m[HTTP]&amp#27;[39m &amp#27;[37m-->&amp#27;[39m &amp#27;[37mPOST&amp#27;[39m &amp#27;[37m/wd/hub/session/96bdc753-10df-4008-9717-9af196ea7a09/element&amp#27;[39m
&amp#27;[35m[HTTP]&amp#27;[39m &amp#27;[90m{"using":"-android uiautomator","value":"new UiScrollable(new UiSelector()).scrollIntoView(text(\"Brazil\"));"}&amp#27;[39m
[debug] &amp#27;[35m[W3C (96bdc753)]&amp#27;[39m Calling AppiumDriver.findElement() with args: ["-android uiautomator","new UiScrollable(new UiSelector()).scrollIntoView(text(\"Brazil\"));","96bdc753-10df-4008-9717-9af196ea7a09"]
[debug] &amp#27;[35m[BaseDriver]&amp#27;[39m Valid locator strategies for this request: xpath, id, class name, accessibility id, -android uiautomator
[debug] &amp#27;[35m[BaseDriver]&amp#27;[39m Waiting up to 10000 ms for condition
[debug] &amp#27;[35m[WD Proxy]&amp#27;[39m Matched '/element' to command name 'findElement'
[debug] &amp#27;[35m[WD Proxy]&amp#27;[39m Proxying [POST /element] to [POST http://127.0.0.1:8215/wd/hub/session/d67f93d4-068a-4627-a64d-e0d2787506f4/element] with body: {"strategy":"-android uiautomator","selector":"new UiScrollable(new UiSelector()).scrollIntoView(text(\"Brazil\"));","context":"","multiple":false}
[debug] &amp#27;[35m[WD Proxy]&amp#27;[39m Got response with status 200: {"sessionId":"d67f93d4-068a-4627-a64d-e0d2787506f4","value":{"ELEMENT":"7ff38756-4963-4e16-8af1-1432f03003f1","element-6066-11e4-a52e-4f735466cecf":"7ff38756-4963-4e16-8af1-1432f03003f1"}}
[debug] &amp#27;[35m[W3C (96bdc753)]&amp#27;[39m Responding to client with driver.findElement() result: {"element-6066-11e4-a52e-4f735466cecf":"7ff38756-4963-4e16-8af1-1432f03003f1","ELEMENT":"7ff38756-4963-4e16-8af1-1432f03003f1"}
&amp#27;[35m[HTTP]&amp#27;[39m &amp#27;[37m<-- POST /wd/hub/session/96bdc753-10df-4008-9717-9af196ea7a09/element &amp#27;[39m&amp#27;[32m200&amp#27;[39m &amp#27;[90m11316 ms - 137&amp#27;[39m
&amp#27;[35m[HTTP]&amp#27;[39m &amp#27;[90m&amp#27;[39m
&amp#27;[35m[HTTP]&amp#27;[39m &amp#27;[37m-->&amp#27;[39m &amp#27;[37mGET&amp#27;[39m &amp#27;[37m/wd/hub/session/96bdc753-10df-4008-9717-9af196ea7a09&amp#27;[39m
&amp#27;[35m[HTTP]&amp#27;[39m &amp#27;[90m{}&amp#27;[39m
[debug] &amp#27;[35m[W3C (96bdc753)]&amp#27;[39m Calling AppiumDriver.getSession() with args: ["96bdc753-10df-4008-9717-9af196ea7a09"]
[debug] &amp#27;[35m[UiAutomator2]&amp#27;[39m Getting session details from server to mix in
[debug] &amp#27;[35m[WD Proxy]&amp#27;[39m Matched '/' to command name 'getSession'
[debug] &amp#27;[35m[WD Proxy]&amp#27;[39m Proxying [GET /] to [GET http://127.0.0.1:8215/wd/hub/session/d67f93d4-068a-4627-a64d-e0d2787506f4] with body: {}
[debug] &amp#27;[35m[WD Proxy]&amp#27;[39m Got response with status 200: {"sessionId":"d67f93d4-068a-4627-a64d-e0d2787506f4","value":{}}
[debug] &amp#27;[35m[W3C (96bdc753)]&amp#27;[39m Responding to client with driver.getSession() result: {"platform":"LINUX","webStorageEnabled":false,"takesScreenshot":true,"javascriptEnabled":true,"databaseEnabled":false,"networkConnectionEnabled":true,"locationContextEnabled":false,"warnings":{},"desired":{"platformName":"android","app":"D:\\AppiumTutorial\\Projects\\AppiumFramework\\src\\General-Store.apk","automationName":"Uiautomator2","chromedriverExecutable":"D:\\AppiumTutorial\\Projects\\Introduction\\BrowserDriver\\Google\\chromedriver.exe","deviceName":"Nexus5XPie9Emulator","newCommandTimeout":15},"platformName":"android","app":"D:\\AppiumTutorial\\Projects\\AppiumFramework\\src\\General-Store.apk","automationName":"Uiautomator2","chromedriverExecutable":"D:\\AppiumTutorial\\Projects\\Introduction\\BrowserDriver\\Google\\chromedriver.exe","deviceName":"emulator-5554","newCommandTimeout":15,"deviceUDID":"emulator-5554","appPackage":"com.androidsample.generalstore","deviceApiLevel":28,"platformVersion":"9","deviceScreenSize":"1080x1920","deviceScreenDensity":420,"deviceModel":"AOSP on IA Emulator","d...
&amp#27;[35m[HTTP]&amp#27;[39m &amp#27;[37m<-- GET /wd/hub/session/96bdc753-10df-4008-9717-9af196ea7a09 &amp#27;[39m&amp#27;[32m200&amp#27;[39m &amp#27;[90m37 ms - 1159&amp#27;[39m
&amp#27;[35m[HTTP]&amp#27;[39m &amp#27;[90m&amp#27;[39m
&amp#27;[35m[HTTP]&amp#27;[39m &amp#27;[37m-->&amp#27;[39m &amp#27;[37mPOST&amp#27;[39m &amp#27;[37m/wd/hub/session/96bdc753-10df-4008-9717-9af196ea7a09/element&amp#27;[39m
&amp#27;[35m[HTTP]&amp#27;[39m &amp#27;[90m{"using":"xpath","value":"//*[@text='Brazil']"}&amp#27;[39m
[debug] &amp#27;[35m[W3C (96bdc753)]&amp#27;[39m Calling AppiumDriver.findElement() with args: ["xpath","//*[@text='Brazil']","96bdc753-10df-4008-9717-9af196ea7a09"]
[debug] &amp#27;[35m[BaseDriver]&amp#27;[39m Valid locator strategies for this request: xpath, id, class name, accessibility id, -android uiautomator
[debug] &amp#27;[35m[BaseDriver]&amp#27;[39m Waiting up to 10000 ms for condition
[debug] &amp#27;[35m[WD Proxy]&amp#27;[39m Matched '/element' to command name 'findElement'
[debug] &amp#27;[35m[WD Proxy]&amp#27;[39m Proxying [POST /element] to [POST http://127.0.0.1:8215/wd/hub/session/d67f93d4-068a-4627-a64d-e0d2787506f4/element] with body: {"strategy":"xpath","selector":"//*[@text='Brazil']","context":"","multiple":false}
[debug] &amp#27;[35m[WD Proxy]&amp#27;[39m Got response with status 200: {"sessionId":"d67f93d4-068a-4627-a64d-e0d2787506f4","value":{"ELEMENT":"3a6cbe00-4988-4d00-b493-d2c88c6900ff","element-6066-11e4-a52e-4f735466cecf":"3a6cbe00-4988-4d00-b493-d2c88c6900ff"}}
[debug] &amp#27;[35m[W3C (96bdc753)]&amp#27;[39m Responding to client with driver.findElement() result: {"element-6066-11e4-a52e-4f735466cecf":"3a6cbe00-4988-4d00-b493-d2c88c6900ff","ELEMENT":"3a6cbe00-4988-4d00-b493-d2c88c6900ff"}
&amp#27;[35m[HTTP]&amp#27;[39m &amp#27;[37m<-- POST /wd/hub/session/96bdc753-10df-4008-9717-9af196ea7a09/element &amp#27;[39m&amp#27;[32m200&amp#27;[39m &amp#27;[90m193 ms - 137&amp#27;[39m
&amp#27;[35m[HTTP]&amp#27;[39m &amp#27;[90m&amp#27;[39m
&amp#27;[35m[HTTP]&amp#27;[39m &amp#27;[37m-->&amp#27;[39m &amp#27;[37mPOST&amp#27;[39m &amp#27;[37m/wd/hub/session/96bdc753-10df-4008-9717-9af196ea7a09/element/3a6cbe00-4988-4d00-b493-d2c88c6900ff/click&amp#27;[39m
&amp#27;[35m[HTTP]&amp#27;[39m &amp#27;[90m{"id":"3a6cbe00-4988-4d00-b493-d2c88c6900ff"}&amp#27;[39m
[debug] &amp#27;[35m[W3C (96bdc753)]&amp#27;[39m Calling AppiumDriver.click() with args: ["3a6cbe00-4988-4d00-b493-d2c88c6900ff","96bdc753-10df-4008-9717-9af196ea7a09"]
[debug] &amp#27;[35m[WD Proxy]&amp#27;[39m Matched '/element/3a6cbe00-4988-4d00-b493-d2c88c6900ff/click' to command name 'click'
[debug] &amp#27;[35m[WD Proxy]&amp#27;[39m Proxying [POST /element/3a6cbe00-4988-4d00-b493-d2c88c6900ff/click] to [POST http://127.0.0.1:8215/wd/hub/session/d67f93d4-068a-4627-a64d-e0d2787506f4/element/3a6cbe00-4988-4d00-b493-d2c88c6900ff/click] with body: {"element":"3a6cbe00-4988-4d00-b493-d2c88c6900ff"}
[debug] &amp#27;[35m[WD Proxy]&amp#27;[39m Got response with status 200: {"sessionId":"d67f93d4-068a-4627-a64d-e0d2787506f4","value":null}
[debug] &amp#27;[35m[W3C (96bdc753)]&amp#27;[39m Responding to client with driver.click() result: null
&amp#27;[35m[HTTP]&amp#27;[39m &amp#27;[37m<-- POST /wd/hub/session/96bdc753-10df-4008-9717-9af196ea7a09/element/3a6cbe00-4988-4d00-b493-d2c88c6900ff/click &amp#27;[39m&amp#27;[32m200&amp#27;[39m &amp#27;[90m716 ms - 14&amp#27;[39m
&amp#27;[35m[HTTP]&amp#27;[39m &amp#27;[90m&amp#27;[39m
&amp#27;[35m[HTTP]&amp#27;[39m &amp#27;[37m-->&amp#27;[39m &amp#27;[37mGET&amp#27;[39m &amp#27;[37m/wd/hub/session/96bdc753-10df-4008-9717-9af196ea7a09&amp#27;[39m
&amp#27;[35m[HTTP]&amp#27;[39m &amp#27;[90m{}&amp#27;[39m
[debug] &amp#27;[35m[W3C (96bdc753)]&amp#27;[39m Calling AppiumDriver.getSession() with args: ["96bdc753-10df-4008-9717-9af196ea7a09"]
[debug] &amp#27;[35m[UiAutomator2]&amp#27;[39m Getting session details from server to mix in
[debug] &amp#27;[35m[WD Proxy]&amp#27;[39m Matched '/' to command name 'getSession'
[debug] &amp#27;[35m[WD Proxy]&amp#27;[39m Proxying [GET /] to [GET http://127.0.0.1:8215/wd/hub/session/d67f93d4-068a-4627-a64d-e0d2787506f4] with body: {}
[debug] &amp#27;[35m[WD Proxy]&amp#27;[39m Got response with status 200: {"sessionId":"d67f93d4-068a-4627-a64d-e0d2787506f4","value":{}}
[debug] &amp#27;[35m[W3C (96bdc753)]&amp#27;[39m Responding to client with driver.getSession() result: {"platform":"LINUX","webStorageEnabled":false,"takesScreenshot":true,"javascriptEnabled":true,"databaseEnabled":false,"networkConnectionEnabled":true,"locationContextEnabled":false,"warnings":{},"desired":{"platformName":"android","app":"D:\\AppiumTutorial\\Projects\\AppiumFramework\\src\\General-Store.apk","automationName":"Uiautomator2","chromedriverExecutable":"D:\\AppiumTutorial\\Projects\\Introduction\\BrowserDriver\\Google\\chromedriver.exe","deviceName":"Nexus5XPie9Emulator","newCommandTimeout":15},"platformName":"android","app":"D:\\AppiumTutorial\\Projects\\AppiumFramework\\src\\General-Store.apk","automationName":"Uiautomator2","chromedriverExecutable":"D:\\AppiumTutorial\\Projects\\Introduction\\BrowserDriver\\Google\\chromedriver.exe","deviceName":"emulator-5554","newCommandTimeout":15,"deviceUDID":"emulator-5554","appPackage":"com.androidsample.generalstore","deviceApiLevel":28,"platformVersion":"9","deviceScreenSize":"1080x1920","deviceScreenDensity":420,"deviceModel":"AOSP on IA Emulator","d...
&amp#27;[35m[HTTP]&amp#27;[39m &amp#27;[37m<-- GET /wd/hub/session/96bdc753-10df-4008-9717-9af196ea7a09 &amp#27;[39m&amp#27;[32m200&amp#27;[39m &amp#27;[90m12 ms - 1159&amp#27;[39m
&amp#27;[35m[HTTP]&amp#27;[39m &amp#27;[90m&amp#27;[39m
&amp#27;[35m[HTTP]&amp#27;[39m &amp#27;[37m-->&amp#27;[39m &amp#27;[37mPOST&amp#27;[39m &amp#27;[37m/wd/hub/session/96bdc753-10df-4008-9717-9af196ea7a09/element&amp#27;[39m
&amp#27;[35m[HTTP]&amp#27;[39m &amp#27;[90m{"using":"id","value":"com.androidsample.generalstore:id/nameField"}&amp#27;[39m
[debug] &amp#27;[35m[W3C (96bdc753)]&amp#27;[39m Calling AppiumDriver.findElement() with args: ["id","com.androidsample.generalstore:id/nameField","96bdc753-10df-4008-9717-9af196ea7a09"]
[debug] &amp#27;[35m[BaseDriver]&amp#27;[39m Valid locator strategies for this request: xpath, id, class name, accessibility id, -android uiautomator
[debug] &amp#27;[35m[BaseDriver]&amp#27;[39m Waiting up to 10000 ms for condition
[debug] &amp#27;[35m[WD Proxy]&amp#27;[39m Matched '/element' to command name 'findElement'
[debug] &amp#27;[35m[WD Proxy]&amp#27;[39m Proxying [POST /element] to [POST http://127.0.0.1:8215/wd/hub/session/d67f93d4-068a-4627-a64d-e0d2787506f4/element] with body: {"strategy":"id","selector":"com.androidsample.generalstore:id/nameField","context":"","multiple":false}
[debug] &amp#27;[35m[WD Proxy]&amp#27;[39m Got response with status 200: {"sessionId":"d67f93d4-068a-4627-a64d-e0d2787506f4","value":{"ELEMENT":"351ebb90-a8b2-4072-a0ce-584a89f86583","element-6066-11e4-a52e-4f735466cecf":"351ebb90-a8b2-4072-a0ce-584a89f86583"}}
[debug] &amp#27;[35m[W3C (96bdc753)]&amp#27;[39m Responding to client with driver.findElement() result: {"element-6066-11e4-a52e-4f735466cecf":"351ebb90-a8b2-4072-a0ce-584a89f86583","ELEMENT":"351ebb90-a8b2-4072-a0ce-584a89f86583"}
&amp#27;[35m[HTTP]&amp#27;[39m &amp#27;[37m<-- POST /wd/hub/session/96bdc753-10df-4008-9717-9af196ea7a09/element &amp#27;[39m&amp#27;[32m200&amp#27;[39m &amp#27;[90m31 ms - 137&amp#27;[39m
&amp#27;[35m[HTTP]&amp#27;[39m &amp#27;[90m&amp#27;[39m
&amp#27;[35m[HTTP]&amp#27;[39m &amp#27;[37m-->&amp#27;[39m &amp#27;[37mPOST&amp#27;[39m &amp#27;[37m/wd/hub/session/96bdc753-10df-4008-9717-9af196ea7a09/element/351ebb90-a8b2-4072-a0ce-584a89f86583/value&amp#27;[39m
&amp#27;[35m[HTTP]&amp#27;[39m &amp#27;[90m{"id":"351ebb90-a8b2-4072-a0ce-584a89f86583","text":"James Bond Page Object","value":["J","a","m","e","s"," ","B","o","n","d"," ","P","a","g","e"," ","O","b","j","e","c","t"]}&amp#27;[39m
[debug] &amp#27;[35m[W3C (96bdc753)]&amp#27;[39m Calling AppiumDriver.setValue() with args: [["J","a","m","e","s"," ","B","o","n","d"," ","P","a","g","e"," ","O","b","j","e","c","t"],"351ebb90-a8b2-4072-a0ce-584a89f86583","96bdc753-10df-4008-9717-9af196ea7a09"]
[debug] &amp#27;[35m[WD Proxy]&amp#27;[39m Matched '/element/351ebb90-a8b2-4072-a0ce-584a89f86583/value' to command name 'setValue'
[debug] &amp#27;[35m[Protocol Converter]&amp#27;[39m Added 'value' property ["J","a","m","e","s"," ","B","o","n","d"," ","P","a","g","e"," ","O","b","j","e","c","t"] to 'setValue' request body
[debug] &amp#27;[35m[WD Proxy]&amp#27;[39m Proxying [POST /element/351ebb90-a8b2-4072-a0ce-584a89f86583/value] to [POST http://127.0.0.1:8215/wd/hub/session/d67f93d4-068a-4627-a64d-e0d2787506f4/element/351ebb90-a8b2-4072-a0ce-584a89f86583/value] with body: {"elementId":"351ebb90-a8b2-4072-a0ce-584a89f86583","text":"James Bond Page Object","replace":false,"value":["J","a","m","e","s"," ","B","o","n","d"," ","P","a","g","e"," ","O","b","j","e","c","t"]}
[debug] &amp#27;[35m[WD Proxy]&amp#27;[39m Got response with status 200: {"sessionId":"d67f93d4-068a-4627-a64d-e0d2787506f4","value":null}
[debug] &amp#27;[35m[W3C (96bdc753)]&amp#27;[39m Responding to client with driver.setValue() result: null
&amp#27;[35m[HTTP]&amp#27;[39m &amp#27;[37m<-- POST /wd/hub/session/96bdc753-10df-4008-9717-9af196ea7a09/element/351ebb90-a8b2-4072-a0ce-584a89f86583/value &amp#27;[39m&amp#27;[32m200&amp#27;[39m &amp#27;[90m77 ms - 14&amp#27;[39m
&amp#27;[35m[HTTP]&amp#27;[39m &amp#27;[90m&amp#27;[39m
&amp#27;[35m[HTTP]&amp#27;[39m &amp#27;[37m-->&amp#27;[39m &amp#27;[37mPOST&amp#27;[39m &amp#27;[37m/wd/hub/session/96bdc753-10df-4008-9717-9af196ea7a09/appium/device/hide_keyboard&amp#27;[39m
&amp#27;[35m[HTTP]&amp#27;[39m &amp#27;[90m{}&amp#27;[39m
[debug] &amp#27;[35m[W3C (96bdc753)]&amp#27;[39m Calling AppiumDriver.hideKeyboard() with args: [null,null,null,null,"96bdc753-10df-4008-9717-9af196ea7a09"]
[debug] &amp#27;[35m[ADB]&amp#27;[39m Running 'C:\Users\ANANTHAROOBAN\AppData\Local\Android\Sdk\platform-tools\adb.exe -P 5037 -s emulator-5554 shell dumpsys input_method'
&amp#27;[35m[AndroidDriver]&amp#27;[39m Keyboard has no UI; no closing necessary
[debug] &amp#27;[35m[W3C (96bdc753)]&amp#27;[39m Responding to client with driver.hideKeyboard() result: null
&amp#27;[35m[HTTP]&amp#27;[39m &amp#27;[37m<-- POST /wd/hub/session/96bdc753-10df-4008-9717-9af196ea7a09/appium/device/hide_keyboard &amp#27;[39m&amp#27;[32m200&amp#27;[39m &amp#27;[90m167 ms - 14&amp#27;[39m
&amp#27;[35m[HTTP]&amp#27;[39m &amp#27;[90m&amp#27;[39m
&amp#27;[35m[HTTP]&amp#27;[39m &amp#27;[37m-->&amp#27;[39m &amp#27;[37mGET&amp#27;[39m &amp#27;[37m/wd/hub/session/96bdc753-10df-4008-9717-9af196ea7a09&amp#27;[39m
&amp#27;[35m[HTTP]&amp#27;[39m &amp#27;[90m{}&amp#27;[39m
[debug] &amp#27;[35m[W3C (96bdc753)]&amp#27;[39m Calling AppiumDriver.getSession() with args: ["96bdc753-10df-4008-9717-9af196ea7a09"]
[debug] &amp#27;[35m[UiAutomator2]&amp#27;[39m Getting session details from server to mix in
[debug] &amp#27;[35m[WD Proxy]&amp#27;[39m Matched '/' to command name 'getSession'
[debug] &amp#27;[35m[WD Proxy]&amp#27;[39m Proxying [GET /] to [GET http://127.0.0.1:8215/wd/hub/session/d67f93d4-068a-4627-a64d-e0d2787506f4] with body: {}
[debug] &amp#27;[35m[WD Proxy]&amp#27;[39m Got response with status 200: {"sessionId":"d67f93d4-068a-4627-a64d-e0d2787506f4","value":{}}
[debug] &amp#27;[35m[W3C (96bdc753)]&amp#27;[39m Responding to client with driver.getSession() result: {"platform":"LINUX","webStorageEnabled":false,"takesScreenshot":true,"javascriptEnabled":true,"databaseEnabled":false,"networkConnectionEnabled":true,"locationContextEnabled":false,"warnings":{},"desired":{"platformName":"android","app":"D:\\AppiumTutorial\\Projects\\AppiumFramework\\src\\General-Store.apk","automationName":"Uiautomator2","chromedriverExecutable":"D:\\AppiumTutorial\\Projects\\Introduction\\BrowserDriver\\Google\\chromedriver.exe","deviceName":"Nexus5XPie9Emulator","newCommandTimeout":15},"platformName":"android","app":"D:\\AppiumTutorial\\Projects\\AppiumFramework\\src\\General-Store.apk","automationName":"Uiautomator2","chromedriverExecutable":"D:\\AppiumTutorial\\Projects\\Introduction\\BrowserDriver\\Google\\chromedriver.exe","deviceName":"emulator-5554","newCommandTimeout":15,"deviceUDID":"emulator-5554","appPackage":"com.androidsample.generalstore","deviceApiLevel":28,"platformVersion":"9","deviceScreenSize":"1080x1920","deviceScreenDensity":420,"deviceModel":"AOSP on IA Emulator","d...
&amp#27;[35m[HTTP]&amp#27;[39m &amp#27;[37m<-- GET /wd/hub/session/96bdc753-10df-4008-9717-9af196ea7a09 &amp#27;[39m&amp#27;[32m200&amp#27;[39m &amp#27;[90m13 ms - 1159&amp#27;[39m
&amp#27;[35m[HTTP]&amp#27;[39m &amp#27;[90m&amp#27;[39m
&amp#27;[35m[HTTP]&amp#27;[39m &amp#27;[37m-->&amp#27;[39m &amp#27;[37mPOST&amp#27;[39m &amp#27;[37m/wd/hub/session/96bdc753-10df-4008-9717-9af196ea7a09/element&amp#27;[39m
&amp#27;[35m[HTTP]&amp#27;[39m &amp#27;[90m{"using":"id","value":"com.androidsample.generalstore:id/radioFemale"}&amp#27;[39m
[debug] &amp#27;[35m[W3C (96bdc753)]&amp#27;[39m Calling AppiumDriver.findElement() with args: ["id","com.androidsample.generalstore:id/radioFemale","96bdc753-10df-4008-9717-9af196ea7a09"]
[debug] &amp#27;[35m[BaseDriver]&amp#27;[39m Valid locator strategies for this request: xpath, id, class name, accessibility id, -android uiautomator
[debug] &amp#27;[35m[BaseDriver]&amp#27;[39m Waiting up to 10000 ms for condition
[debug] &amp#27;[35m[WD Proxy]&amp#27;[39m Matched '/element' to command name 'findElement'
[debug] &amp#27;[35m[WD Proxy]&amp#27;[39m Proxying [POST /element] to [POST http://127.0.0.1:8215/wd/hub/session/d67f93d4-068a-4627-a64d-e0d2787506f4/element] with body: {"strategy":"id","selector":"com.androidsample.generalstore:id/radioFemale","context":"","multiple":false}
[debug] &amp#27;[35m[WD Proxy]&amp#27;[39m Got response with status 200: {"sessionId":"d67f93d4-068a-4627-a64d-e0d2787506f4","value":{"ELEMENT":"582bfb7b-00c9-4cee-9074-6841da0e8591","element-6066-11e4-a52e-4f735466cecf":"582bfb7b-00c9-4cee-9074-6841da0e8591"}}
[debug] &amp#27;[35m[W3C (96bdc753)]&amp#27;[39m Responding to client with driver.findElement() result: {"element-6066-11e4-a52e-4f735466cecf":"582bfb7b-00c9-4cee-9074-6841da0e8591","ELEMENT":"582bfb7b-00c9-4cee-9074-6841da0e8591"}
&amp#27;[35m[HTTP]&amp#27;[39m &amp#27;[37m<-- POST /wd/hub/session/96bdc753-10df-4008-9717-9af196ea7a09/element &amp#27;[39m&amp#27;[32m200&amp#27;[39m &amp#27;[90m382 ms - 137&amp#27;[39m
&amp#27;[35m[HTTP]&amp#27;[39m &amp#27;[90m&amp#27;[39m
&amp#27;[35m[HTTP]&amp#27;[39m &amp#27;[37m-->&amp#27;[39m &amp#27;[37mPOST&amp#27;[39m &amp#27;[37m/wd/hub/session/96bdc753-10df-4008-9717-9af196ea7a09/element/582bfb7b-00c9-4cee-9074-6841da0e8591/click&amp#27;[39m
&amp#27;[35m[HTTP]&amp#27;[39m &amp#27;[90m{"id":"582bfb7b-00c9-4cee-9074-6841da0e8591"}&amp#27;[39m
[debug] &amp#27;[35m[W3C (96bdc753)]&amp#27;[39m Calling AppiumDriver.click() with args: ["582bfb7b-00c9-4cee-9074-6841da0e8591","96bdc753-10df-4008-9717-9af196ea7a09"]
[debug] &amp#27;[35m[WD Proxy]&amp#27;[39m Matched '/element/582bfb7b-00c9-4cee-9074-6841da0e8591/click' to command name 'click'
[debug] &amp#27;[35m[WD Proxy]&amp#27;[39m Proxying [POST /element/582bfb7b-00c9-4cee-9074-6841da0e8591/click] to [POST http://127.0.0.1:8215/wd/hub/session/d67f93d4-068a-4627-a64d-e0d2787506f4/element/582bfb7b-00c9-4cee-9074-6841da0e8591/click] with body: {"element":"582bfb7b-00c9-4cee-9074-6841da0e8591"}
[debug] &amp#27;[35m[WD Proxy]&amp#27;[39m Got response with status 200: {"sessionId":"d67f93d4-068a-4627-a64d-e0d2787506f4","value":null}
[debug] &amp#27;[35m[W3C (96bdc753)]&amp#27;[39m Responding to client with driver.click() result: null
&amp#27;[35m[HTTP]&amp#27;[39m &amp#27;[37m<-- POST /wd/hub/session/96bdc753-10df-4008-9717-9af196ea7a09/element/582bfb7b-00c9-4cee-9074-6841da0e8591/click &amp#27;[39m&amp#27;[32m200&amp#27;[39m &amp#27;[90m30 ms - 14&amp#27;[39m
&amp#27;[35m[HTTP]&amp#27;[39m &amp#27;[90m&amp#27;[39m
&amp#27;[35m[HTTP]&amp#27;[39m &amp#27;[37m-->&amp#27;[39m &amp#27;[37mGET&amp#27;[39m &amp#27;[37m/wd/hub/session/96bdc753-10df-4008-9717-9af196ea7a09&amp#27;[39m
&amp#27;[35m[HTTP]&amp#27;[39m &amp#27;[90m{}&amp#27;[39m
[debug] &amp#27;[35m[W3C (96bdc753)]&amp#27;[39m Calling AppiumDriver.getSession() with args: ["96bdc753-10df-4008-9717-9af196ea7a09"]
[debug] &amp#27;[35m[UiAutomator2]&amp#27;[39m Getting session details from server to mix in
[debug] &amp#27;[35m[WD Proxy]&amp#27;[39m Matched '/' to command name 'getSession'
[debug] &amp#27;[35m[WD Proxy]&amp#27;[39m Proxying [GET /] to [GET http://127.0.0.1:8215/wd/hub/session/d67f93d4-068a-4627-a64d-e0d2787506f4] with body: {}
[debug] &amp#27;[35m[WD Proxy]&amp#27;[39m Got response with status 200: {"sessionId":"d67f93d4-068a-4627-a64d-e0d2787506f4","value":{}}
[debug] &amp#27;[35m[W3C (96bdc753)]&amp#27;[39m Responding to client with driver.getSession() result: {"platform":"LINUX","webStorageEnabled":false,"takesScreenshot":true,"javascriptEnabled":true,"databaseEnabled":false,"networkConnectionEnabled":true,"locationContextEnabled":false,"warnings":{},"desired":{"platformName":"android","app":"D:\\AppiumTutorial\\Projects\\AppiumFramework\\src\\General-Store.apk","automationName":"Uiautomator2","chromedriverExecutable":"D:\\AppiumTutorial\\Projects\\Introduction\\BrowserDriver\\Google\\chromedriver.exe","deviceName":"Nexus5XPie9Emulator","newCommandTimeout":15},"platformName":"android","app":"D:\\AppiumTutorial\\Projects\\AppiumFramework\\src\\General-Store.apk","automationName":"Uiautomator2","chromedriverExecutable":"D:\\AppiumTutorial\\Projects\\Introduction\\BrowserDriver\\Google\\chromedriver.exe","deviceName":"emulator-5554","newCommandTimeout":15,"deviceUDID":"emulator-5554","appPackage":"com.androidsample.generalstore","deviceApiLevel":28,"platformVersion":"9","deviceScreenSize":"1080x1920","deviceScreenDensity":420,"deviceModel":"AOSP on IA Emulator","d...
&amp#27;[35m[HTTP]&amp#27;[39m &amp#27;[37m<-- GET /wd/hub/session/96bdc753-10df-4008-9717-9af196ea7a09 &amp#27;[39m&amp#27;[32m200&amp#27;[39m &amp#27;[90m12 ms - 1159&amp#27;[39m
&amp#27;[35m[HTTP]&amp#27;[39m &amp#27;[90m&amp#27;[39m
&amp#27;[35m[HTTP]&amp#27;[39m &amp#27;[37m-->&amp#27;[39m &amp#27;[37mPOST&amp#27;[39m &amp#27;[37m/wd/hub/session/96bdc753-10df-4008-9717-9af196ea7a09/element&amp#27;[39m
&amp#27;[35m[HTTP]&amp#27;[39m &amp#27;[90m{"using":"id","value":"com.androidsample.generalstore:id/btnLetsShop"}&amp#27;[39m
[debug] &amp#27;[35m[W3C (96bdc753)]&amp#27;[39m Calling AppiumDriver.findElement() with args: ["id","com.androidsample.generalstore:id/btnLetsShop","96bdc753-10df-4008-9717-9af196ea7a09"]
[debug] &amp#27;[35m[BaseDriver]&amp#27;[39m Valid locator strategies for this request: xpath, id, class name, accessibility id, -android uiautomator
[debug] &amp#27;[35m[BaseDriver]&amp#27;[39m Waiting up to 10000 ms for condition
[debug] &amp#27;[35m[WD Proxy]&amp#27;[39m Matched '/element' to command name 'findElement'
[debug] &amp#27;[35m[WD Proxy]&amp#27;[39m Proxying [POST /element] to [POST http://127.0.0.1:8215/wd/hub/session/d67f93d4-068a-4627-a64d-e0d2787506f4/element] with body: {"strategy":"id","selector":"com.androidsample.generalstore:id/btnLetsShop","context":"","multiple":false}
[debug] &amp#27;[35m[WD Proxy]&amp#27;[39m Got response with status 200: {"sessionId":"d67f93d4-068a-4627-a64d-e0d2787506f4","value":{"ELEMENT":"a6bcbab5-4844-4fea-b2a8-34b4c6307266","element-6066-11e4-a52e-4f735466cecf":"a6bcbab5-4844-4fea-b2a8-34b4c6307266"}}
[debug] &amp#27;[35m[W3C (96bdc753)]&amp#27;[39m Responding to client with driver.findElement() result: {"element-6066-11e4-a52e-4f735466cecf":"a6bcbab5-4844-4fea-b2a8-34b4c6307266","ELEMENT":"a6bcbab5-4844-4fea-b2a8-34b4c6307266"}
&amp#27;[35m[HTTP]&amp#27;[39m &amp#27;[37m<-- POST /wd/hub/session/96bdc753-10df-4008-9717-9af196ea7a09/element &amp#27;[39m&amp#27;[32m200&amp#27;[39m &amp#27;[90m88 ms - 137&amp#27;[39m
&amp#27;[35m[HTTP]&amp#27;[39m &amp#27;[90m&amp#27;[39m
&amp#27;[35m[HTTP]&amp#27;[39m &amp#27;[37m-->&amp#27;[39m &amp#27;[37mPOST&amp#27;[39m &amp#27;[37m/wd/hub/session/96bdc753-10df-4008-9717-9af196ea7a09/element/a6bcbab5-4844-4fea-b2a8-34b4c6307266/click&amp#27;[39m
&amp#27;[35m[HTTP]&amp#27;[39m &amp#27;[90m{"id":"a6bcbab5-4844-4fea-b2a8-34b4c6307266"}&amp#27;[39m
[debug] &amp#27;[35m[W3C (96bdc753)]&amp#27;[39m Calling AppiumDriver.click() with args: ["a6bcbab5-4844-4fea-b2a8-34b4c6307266","96bdc753-10df-4008-9717-9af196ea7a09"]
[debug] &amp#27;[35m[WD Proxy]&amp#27;[39m Matched '/element/a6bcbab5-4844-4fea-b2a8-34b4c6307266/click' to command name 'click'
[debug] &amp#27;[35m[WD Proxy]&amp#27;[39m Proxying [POST /element/a6bcbab5-4844-4fea-b2a8-34b4c6307266/click] to [POST http://127.0.0.1:8215/wd/hub/session/d67f93d4-068a-4627-a64d-e0d2787506f4/element/a6bcbab5-4844-4fea-b2a8-34b4c6307266/click] with body: {"element":"a6bcbab5-4844-4fea-b2a8-34b4c6307266"}
[debug] &amp#27;[35m[WD Proxy]&amp#27;[39m Got response with status 200: {"sessionId":"d67f93d4-068a-4627-a64d-e0d2787506f4","value":null}
[debug] &amp#27;[35m[W3C (96bdc753)]&amp#27;[39m Responding to client with driver.click() result: null
&amp#27;[35m[HTTP]&amp#27;[39m &amp#27;[37m<-- POST /wd/hub/session/96bdc753-10df-4008-9717-9af196ea7a09/element/a6bcbab5-4844-4fea-b2a8-34b4c6307266/click &amp#27;[39m&amp#27;[32m200&amp#27;[39m &amp#27;[90m418 ms - 14&amp#27;[39m
&amp#27;[35m[HTTP]&amp#27;[39m &amp#27;[90m&amp#27;[39m
&amp#27;[35m[HTTP]&amp#27;[39m &amp#27;[37m-->&amp#27;[39m &amp#27;[37mGET&amp#27;[39m &amp#27;[37m/wd/hub/session/96bdc753-10df-4008-9717-9af196ea7a09&amp#27;[39m
&amp#27;[35m[HTTP]&amp#27;[39m &amp#27;[90m{}&amp#27;[39m
[debug] &amp#27;[35m[W3C (96bdc753)]&amp#27;[39m Calling AppiumDriver.getSession() with args: ["96bdc753-10df-4008-9717-9af196ea7a09"]
[debug] &amp#27;[35m[UiAutomator2]&amp#27;[39m Getting session details from server to mix in
[debug] &amp#27;[35m[WD Proxy]&amp#27;[39m Matched '/' to command name 'getSession'
[debug] &amp#27;[35m[WD Proxy]&amp#27;[39m Proxying [GET /] to [GET http://127.0.0.1:8215/wd/hub/session/d67f93d4-068a-4627-a64d-e0d2787506f4] with body: {}
[debug] &amp#27;[35m[WD Proxy]&amp#27;[39m Got response with status 200: {"sessionId":"d67f93d4-068a-4627-a64d-e0d2787506f4","value":{}}
[debug] &amp#27;[35m[W3C (96bdc753)]&amp#27;[39m Responding to client with driver.getSession() result: {"platform":"LINUX","webStorageEnabled":false,"takesScreenshot":true,"javascriptEnabled":true,"databaseEnabled":false,"networkConnectionEnabled":true,"locationContextEnabled":false,"warnings":{},"desired":{"platformName":"android","app":"D:\\AppiumTutorial\\Projects\\AppiumFramework\\src\\General-Store.apk","automationName":"Uiautomator2","chromedriverExecutable":"D:\\AppiumTutorial\\Projects\\Introduction\\BrowserDriver\\Google\\chromedriver.exe","deviceName":"Nexus5XPie9Emulator","newCommandTimeout":15},"platformName":"android","app":"D:\\AppiumTutorial\\Projects\\AppiumFramework\\src\\General-Store.apk","automationName":"Uiautomator2","chromedriverExecutable":"D:\\AppiumTutorial\\Projects\\Introduction\\BrowserDriver\\Google\\chromedriver.exe","deviceName":"emulator-5554","newCommandTimeout":15,"deviceUDID":"emulator-5554","appPackage":"com.androidsample.generalstore","deviceApiLevel":28,"platformVersion":"9","deviceScreenSize":"1080x1920","deviceScreenDensity":420,"deviceModel":"AOSP on IA Emulator","d...
&amp#27;[35m[HTTP]&amp#27;[39m &amp#27;[37m<-- GET /wd/hub/session/96bdc753-10df-4008-9717-9af196ea7a09 &amp#27;[39m&amp#27;[32m200&amp#27;[39m &amp#27;[90m10 ms - 1159&amp#27;[39m
&amp#27;[35m[HTTP]&amp#27;[39m &amp#27;[90m&amp#27;[39m
&amp#27;[35m[HTTP]&amp#27;[39m &amp#27;[37m-->&amp#27;[39m &amp#27;[37mGET&amp#27;[39m &amp#27;[37m/wd/hub/session/96bdc753-10df-4008-9717-9af196ea7a09&amp#27;[39m
&amp#27;[35m[HTTP]&amp#27;[39m &amp#27;[90m{}&amp#27;[39m
[debug] &amp#27;[35m[W3C (96bdc753)]&amp#27;[39m Calling AppiumDriver.getSession() with args: ["96bdc753-10df-4008-9717-9af196ea7a09"]
[debug] &amp#27;[35m[UiAutomator2]&amp#27;[39m Getting session details from server to mix in
[debug] &amp#27;[35m[WD Proxy]&amp#27;[39m Matched '/' to command name 'getSession'
[debug] &amp#27;[35m[WD Proxy]&amp#27;[39m Proxying [GET /] to [GET http://127.0.0.1:8215/wd/hub/session/d67f93d4-068a-4627-a64d-e0d2787506f4] with body: {}
[debug] &amp#27;[35m[WD Proxy]&amp#27;[39m Got response with status 200: {"sessionId":"d67f93d4-068a-4627-a64d-e0d2787506f4","value":{}}
[debug] &amp#27;[35m[W3C (96bdc753)]&amp#27;[39m Responding to client with driver.getSession() result: {"platform":"LINUX","webStorageEnabled":false,"takesScreenshot":true,"javascriptEnabled":true,"databaseEnabled":false,"networkConnectionEnabled":true,"locationContextEnabled":false,"warnings":{},"desired":{"platformName":"android","app":"D:\\AppiumTutorial\\Projects\\AppiumFramework\\src\\General-Store.apk","automationName":"Uiautomator2","chromedriverExecutable":"D:\\AppiumTutorial\\Projects\\Introduction\\BrowserDriver\\Google\\chromedriver.exe","deviceName":"Nexus5XPie9Emulator","newCommandTimeout":15},"platformName":"android","app":"D:\\AppiumTutorial\\Projects\\AppiumFramework\\src\\General-Store.apk","automationName":"Uiautomator2","chromedriverExecutable":"D:\\AppiumTutorial\\Projects\\Introduction\\BrowserDriver\\Google\\chromedriver.exe","deviceName":"emulator-5554","newCommandTimeout":15,"deviceUDID":"emulator-5554","appPackage":"com.androidsample.generalstore","deviceApiLevel":28,"platformVersion":"9","deviceScreenSize":"1080x1920","deviceScreenDensity":420,"deviceModel":"AOSP on IA Emulator","d...
&amp#27;[35m[HTTP]&amp#27;[39m &amp#27;[37m<-- GET /wd/hub/session/96bdc753-10df-4008-9717-9af196ea7a09 &amp#27;[39m&amp#27;[32m200&amp#27;[39m &amp#27;[90m9 ms - 1159&amp#27;[39m
&amp#27;[35m[HTTP]&amp#27;[39m &amp#27;[90m&amp#27;[39m
&amp#27;[35m[HTTP]&amp#27;[39m &amp#27;[37m-->&amp#27;[39m &amp#27;[37mGET&amp#27;[39m &amp#27;[37m/wd/hub/session/96bdc753-10df-4008-9717-9af196ea7a09&amp#27;[39m
&amp#27;[35m[HTTP]&amp#27;[39m &amp#27;[90m{}&amp#27;[39m
[debug] &amp#27;[35m[W3C (96bdc753)]&amp#27;[39m Calling AppiumDriver.getSession() with args: ["96bdc753-10df-4008-9717-9af196ea7a09"]
[debug] &amp#27;[35m[UiAutomator2]&amp#27;[39m Getting session details from server to mix in
[debug] &amp#27;[35m[WD Proxy]&amp#27;[39m Matched '/' to command name 'getSession'
[debug] &amp#27;[35m[WD Proxy]&amp#27;[39m Proxying [GET /] to [GET http://127.0.0.1:8215/wd/hub/session/d67f93d4-068a-4627-a64d-e0d2787506f4] with body: {}
[debug] &amp#27;[35m[WD Proxy]&amp#27;[39m Got response with status 200: {"sessionId":"d67f93d4-068a-4627-a64d-e0d2787506f4","value":{}}
[debug] &amp#27;[35m[W3C (96bdc753)]&amp#27;[39m Responding to client with driver.getSession() result: {"platform":"LINUX","webStorageEnabled":false,"takesScreenshot":true,"javascriptEnabled":true,"databaseEnabled":false,"networkConnectionEnabled":true,"locationContextEnabled":false,"warnings":{},"desired":{"platformName":"android","app":"D:\\AppiumTutorial\\Projects\\AppiumFramework\\src\\General-Store.apk","automationName":"Uiautomator2","chromedriverExecutable":"D:\\AppiumTutorial\\Projects\\Introduction\\BrowserDriver\\Google\\chromedriver.exe","deviceName":"Nexus5XPie9Emulator","newCommandTimeout":15},"platformName":"android","app":"D:\\AppiumTutorial\\Projects\\AppiumFramework\\src\\General-Store.apk","automationName":"Uiautomator2","chromedriverExecutable":"D:\\AppiumTutorial\\Projects\\Introduction\\BrowserDriver\\Google\\chromedriver.exe","deviceName":"emulator-5554","newCommandTimeout":15,"deviceUDID":"emulator-5554","appPackage":"com.androidsample.generalstore","deviceApiLevel":28,"platformVersion":"9","deviceScreenSize":"1080x1920","deviceScreenDensity":420,"deviceModel":"AOSP on IA Emulator","d...
&amp#27;[35m[HTTP]&amp#27;[39m &amp#27;[37m<-- GET /wd/hub/session/96bdc753-10df-4008-9717-9af196ea7a09 &amp#27;[39m&amp#27;[32m200&amp#27;[39m &amp#27;[90m9 ms - 1159&amp#27;[39m
&amp#27;[35m[HTTP]&amp#27;[39m &amp#27;[90m&amp#27;[39m
&amp#27;[35m[HTTP]&amp#27;[39m &amp#27;[37m-->&amp#27;[39m &amp#27;[37mPOST&amp#27;[39m &amp#27;[37m/wd/hub/session/96bdc753-10df-4008-9717-9af196ea7a09/elements&amp#27;[39m
&amp#27;[35m[HTTP]&amp#27;[39m &amp#27;[90m{"using":"id","value":"com.androidsample.generalstore:id/productAddCart"}&amp#27;[39m
[debug] &amp#27;[35m[W3C (96bdc753)]&amp#27;[39m Calling AppiumDriver.findElements() with args: ["id","com.androidsample.generalstore:id/productAddCart","96bdc753-10df-4008-9717-9af196ea7a09"]
[debug] &amp#27;[35m[BaseDriver]&amp#27;[39m Valid locator strategies for this request: xpath, id, class name, accessibility id, -android uiautomator
[debug] &amp#27;[35m[BaseDriver]&amp#27;[39m Waiting up to 10000 ms for condition
[debug] &amp#27;[35m[WD Proxy]&amp#27;[39m Matched '/elements' to command name 'findElements'
[debug] &amp#27;[35m[WD Proxy]&amp#27;[39m Proxying [POST /elements] to [POST http://127.0.0.1:8215/wd/hub/session/d67f93d4-068a-4627-a64d-e0d2787506f4/elements] with body: {"strategy":"id","selector":"com.androidsample.generalstore:id/productAddCart","context":"","multiple":true}
[debug] &amp#27;[35m[WD Proxy]&amp#27;[39m Got response with status 200: {"sessionId":"d67f93d4-068a-4627-a64d-e0d2787506f4","value":[]}
[debug] &amp#27;[35m[BaseDriver]&amp#27;[39m Waited for 266 ms so far
[debug] &amp#27;[35m[WD Proxy]&amp#27;[39m Matched '/elements' to command name 'findElements'
[debug] &amp#27;[35m[WD Proxy]&amp#27;[39m Proxying [POST /elements] to [POST http://127.0.0.1:8215/wd/hub/session/d67f93d4-068a-4627-a64d-e0d2787506f4/elements] with body: {"strategy":"id","selector":"com.androidsample.generalstore:id/productAddCart","context":"","multiple":true}
[debug] &amp#27;[35m[WD Proxy]&amp#27;[39m Got response with status 200: {"sessionId":"d67f93d4-068a-4627-a64d-e0d2787506f4","value":[{"ELEMENT":"c19cf7b9-2a43-4ecd-beee-553cfef7b52c","element-6066-11e4-a52e-4f735466cecf":"c19cf7b9-2a43-4ecd-beee-553cfef7b52c"},{"ELEMENT":"3bc048db-823f-410a-81c7-09af296a1bde","element-6066-11e4-a52e-4f735466cecf":"3bc048db-823f-410a-81c7-09af296a1bde"}]}
[debug] &amp#27;[35m[W3C (96bdc753)]&amp#27;[39m Responding to client with driver.findElements() result: [{"element-6066-11e4-a52e-4f735466cecf":"c19cf7b9-2a43-4ecd-beee-553cfef7b52c","ELEMENT":"c19cf7b9-2a43-4ecd-beee-553cfef7b52c"},{"element-6066-11e4-a52e-4f735466cecf":"3bc048db-823f-410a-81c7-09af296a1bde","ELEMENT":"3bc048db-823f-410a-81c7-09af296a1bde"}]
&amp#27;[35m[HTTP]&amp#27;[39m &amp#27;[37m<-- POST /wd/hub/session/96bdc753-10df-4008-9717-9af196ea7a09/elements &amp#27;[39m&amp#27;[32m200&amp#27;[39m &amp#27;[90m1052 ms - 267&amp#27;[39m
&amp#27;[35m[HTTP]&amp#27;[39m &amp#27;[90m&amp#27;[39m
&amp#27;[35m[HTTP]&amp#27;[39m &amp#27;[37m-->&amp#27;[39m &amp#27;[37mPOST&amp#27;[39m &amp#27;[37m/wd/hub/session/96bdc753-10df-4008-9717-9af196ea7a09/element/c19cf7b9-2a43-4ecd-beee-553cfef7b52c/click&amp#27;[39m
&amp#27;[35m[HTTP]&amp#27;[39m &amp#27;[90m{"id":"c19cf7b9-2a43-4ecd-beee-553cfef7b52c"}&amp#27;[39m
[debug] &amp#27;[35m[W3C (96bdc753)]&amp#27;[39m Calling AppiumDriver.click() with args: ["c19cf7b9-2a43-4ecd-beee-553cfef7b52c","96bdc753-10df-4008-9717-9af196ea7a09"]
[debug] &amp#27;[35m[WD Proxy]&amp#27;[39m Matched '/element/c19cf7b9-2a43-4ecd-beee-553cfef7b52c/click' to command name 'click'
[debug] &amp#27;[35m[WD Proxy]&amp#27;[39m Proxying [POST /element/c19cf7b9-2a43-4ecd-beee-553cfef7b52c/click] to [POST http://127.0.0.1:8215/wd/hub/session/d67f93d4-068a-4627-a64d-e0d2787506f4/element/c19cf7b9-2a43-4ecd-beee-553cfef7b52c/click] with body: {"element":"c19cf7b9-2a43-4ecd-beee-553cfef7b52c"}
[debug] &amp#27;[35m[WD Proxy]&amp#27;[39m Got response with status 200: {"sessionId":"d67f93d4-068a-4627-a64d-e0d2787506f4","value":null}
[debug] &amp#27;[35m[W3C (96bdc753)]&amp#27;[39m Responding to client with driver.click() result: null
&amp#27;[35m[HTTP]&amp#27;[39m &amp#27;[37m<-- POST /wd/hub/session/96bdc753-10df-4008-9717-9af196ea7a09/element/c19cf7b9-2a43-4ecd-beee-553cfef7b52c/click &amp#27;[39m&amp#27;[32m200&amp#27;[39m &amp#27;[90m31 ms - 14&amp#27;[39m
&amp#27;[35m[HTTP]&amp#27;[39m &amp#27;[90m&amp#27;[39m
&amp#27;[35m[HTTP]&amp#27;[39m &amp#27;[37m-->&amp#27;[39m &amp#27;[37mGET&amp#27;[39m &amp#27;[37m/wd/hub/session/96bdc753-10df-4008-9717-9af196ea7a09&amp#27;[39m
&amp#27;[35m[HTTP]&amp#27;[39m &amp#27;[90m{}&amp#27;[39m
[debug] &amp#27;[35m[W3C (96bdc753)]&amp#27;[39m Calling AppiumDriver.getSession() with args: ["96bdc753-10df-4008-9717-9af196ea7a09"]
[debug] &amp#27;[35m[UiAutomator2]&amp#27;[39m Getting session details from server to mix in
[debug] &amp#27;[35m[WD Proxy]&amp#27;[39m Matched '/' to command name 'getSession'
[debug] &amp#27;[35m[WD Proxy]&amp#27;[39m Proxying [GET /] to [GET http://127.0.0.1:8215/wd/hub/session/d67f93d4-068a-4627-a64d-e0d2787506f4] with body: {}
[debug] &amp#27;[35m[WD Proxy]&amp#27;[39m Got response with status 200: {"sessionId":"d67f93d4-068a-4627-a64d-e0d2787506f4","value":{}}
[debug] &amp#27;[35m[W3C (96bdc753)]&amp#27;[39m Responding to client with driver.getSession() result: {"platform":"LINUX","webStorageEnabled":false,"takesScreenshot":true,"javascriptEnabled":true,"databaseEnabled":false,"networkConnectionEnabled":true,"locationContextEnabled":false,"warnings":{},"desired":{"platformName":"android","app":"D:\\AppiumTutorial\\Projects\\AppiumFramework\\src\\General-Store.apk","automationName":"Uiautomator2","chromedriverExecutable":"D:\\AppiumTutorial\\Projects\\Introduction\\BrowserDriver\\Google\\chromedriver.exe","deviceName":"Nexus5XPie9Emulator","newCommandTimeout":15},"platformName":"android","app":"D:\\AppiumTutorial\\Projects\\AppiumFramework\\src\\General-Store.apk","automationName":"Uiautomator2","chromedriverExecutable":"D:\\AppiumTutorial\\Projects\\Introduction\\BrowserDriver\\Google\\chromedriver.exe","deviceName":"emulator-5554","newCommandTimeout":15,"deviceUDID":"emulator-5554","appPackage":"com.androidsample.generalstore","deviceApiLevel":28,"platformVersion":"9","deviceScreenSize":"1080x1920","deviceScreenDensity":420,"deviceModel":"AOSP on IA Emulator","d...
&amp#27;[35m[HTTP]&amp#27;[39m &amp#27;[37m<-- GET /wd/hub/session/96bdc753-10df-4008-9717-9af196ea7a09 &amp#27;[39m&amp#27;[32m200&amp#27;[39m &amp#27;[90m11 ms - 1159&amp#27;[39m
&amp#27;[35m[HTTP]&amp#27;[39m &amp#27;[90m&amp#27;[39m
&amp#27;[35m[HTTP]&amp#27;[39m &amp#27;[37m-->&amp#27;[39m &amp#27;[37mPOST&amp#27;[39m &amp#27;[37m/wd/hub/session/96bdc753-10df-4008-9717-9af196ea7a09/elements&amp#27;[39m
&amp#27;[35m[HTTP]&amp#27;[39m &amp#27;[90m{"using":"id","value":"com.androidsample.generalstore:id/productAddCart"}&amp#27;[39m
[debug] &amp#27;[35m[W3C (96bdc753)]&amp#27;[39m Calling AppiumDriver.findElements() with args: ["id","com.androidsample.generalstore:id/productAddCart","96bdc753-10df-4008-9717-9af196ea7a09"]
[debug] &amp#27;[35m[BaseDriver]&amp#27;[39m Valid locator strategies for this request: xpath, id, class name, accessibility id, -android uiautomator
[debug] &amp#27;[35m[BaseDriver]&amp#27;[39m Waiting up to 10000 ms for condition
[debug] &amp#27;[35m[WD Proxy]&amp#27;[39m Matched '/elements' to command name 'findElements'
[debug] &amp#27;[35m[WD Proxy]&amp#27;[39m Proxying [POST /elements] to [POST http://127.0.0.1:8215/wd/hub/session/d67f93d4-068a-4627-a64d-e0d2787506f4/elements] with body: {"strategy":"id","selector":"com.androidsample.generalstore:id/productAddCart","context":"","multiple":true}
[debug] &amp#27;[35m[WD Proxy]&amp#27;[39m Got response with status 200: {"sessionId":"d67f93d4-068a-4627-a64d-e0d2787506f4","value":[{"ELEMENT":"9f6c059d-4b6b-4e48-a9fe-4be02c59fdc0","element-6066-11e4-a52e-4f735466cecf":"9f6c059d-4b6b-4e48-a9fe-4be02c59fdc0"},{"ELEMENT":"1c33ebc0-2dec-4abd-8af7-9a44c248234a","element-6066-11e4-a52e-4f735466cecf":"1c33ebc0-2dec-4abd-8af7-9a44c248234a"}]}
[debug] &amp#27;[35m[W3C (96bdc753)]&amp#27;[39m Responding to client with driver.findElements() result: [{"element-6066-11e4-a52e-4f735466cecf":"9f6c059d-4b6b-4e48-a9fe-4be02c59fdc0","ELEMENT":"9f6c059d-4b6b-4e48-a9fe-4be02c59fdc0"},{"element-6066-11e4-a52e-4f735466cecf":"1c33ebc0-2dec-4abd-8af7-9a44c248234a","ELEMENT":"1c33ebc0-2dec-4abd-8af7-9a44c248234a"}]
&amp#27;[35m[HTTP]&amp#27;[39m &amp#27;[37m<-- POST /wd/hub/session/96bdc753-10df-4008-9717-9af196ea7a09/elements &amp#27;[39m&amp#27;[32m200&amp#27;[39m &amp#27;[90m498 ms - 267&amp#27;[39m
&amp#27;[35m[HTTP]&amp#27;[39m &amp#27;[90m&amp#27;[39m
&amp#27;[35m[HTTP]&amp#27;[39m &amp#27;[37m-->&amp#27;[39m &amp#27;[37mPOST&amp#27;[39m &amp#27;[37m/wd/hub/session/96bdc753-10df-4008-9717-9af196ea7a09/element/1c33ebc0-2dec-4abd-8af7-9a44c248234a/click&amp#27;[39m
&amp#27;[35m[HTTP]&amp#27;[39m &amp#27;[90m{"id":"1c33ebc0-2dec-4abd-8af7-9a44c248234a"}&amp#27;[39m
[debug] &amp#27;[35m[W3C (96bdc753)]&amp#27;[39m Calling AppiumDriver.click() with args: ["1c33ebc0-2dec-4abd-8af7-9a44c248234a","96bdc753-10df-4008-9717-9af196ea7a09"]
[debug] &amp#27;[35m[WD Proxy]&amp#27;[39m Matched '/element/1c33ebc0-2dec-4abd-8af7-9a44c248234a/click' to command name 'click'
[debug] &amp#27;[35m[WD Proxy]&amp#27;[39m Proxying [POST /element/1c33ebc0-2dec-4abd-8af7-9a44c248234a/click] to [POST http://127.0.0.1:8215/wd/hub/session/d67f93d4-068a-4627-a64d-e0d2787506f4/element/1c33ebc0-2dec-4abd-8af7-9a44c248234a/click] with body: {"element":"1c33ebc0-2dec-4abd-8af7-9a44c248234a"}
[debug] &amp#27;[35m[WD Proxy]&amp#27;[39m Got response with status 200: {"sessionId":"d67f93d4-068a-4627-a64d-e0d2787506f4","value":null}
[debug] &amp#27;[35m[W3C (96bdc753)]&amp#27;[39m Responding to client with driver.click() result: null
&amp#27;[35m[HTTP]&amp#27;[39m &amp#27;[37m<-- POST /wd/hub/session/96bdc753-10df-4008-9717-9af196ea7a09/element/1c33ebc0-2dec-4abd-8af7-9a44c248234a/click &amp#27;[39m&amp#27;[32m200&amp#27;[39m &amp#27;[90m29 ms - 14&amp#27;[39m
&amp#27;[35m[HTTP]&amp#27;[39m &amp#27;[90m&amp#27;[39m
&amp#27;[35m[HTTP]&amp#27;[39m &amp#27;[37m-->&amp#27;[39m &amp#27;[37mGET&amp#27;[39m &amp#27;[37m/wd/hub/session/96bdc753-10df-4008-9717-9af196ea7a09&amp#27;[39m
&amp#27;[35m[HTTP]&amp#27;[39m &amp#27;[90m{}&amp#27;[39m
[debug] &amp#27;[35m[W3C (96bdc753)]&amp#27;[39m Calling AppiumDriver.getSession() with args: ["96bdc753-10df-4008-9717-9af196ea7a09"]
[debug] &amp#27;[35m[UiAutomator2]&amp#27;[39m Getting session details from server to mix in
[debug] &amp#27;[35m[WD Proxy]&amp#27;[39m Matched '/' to command name 'getSession'
[debug] &amp#27;[35m[WD Proxy]&amp#27;[39m Proxying [GET /] to [GET http://127.0.0.1:8215/wd/hub/session/d67f93d4-068a-4627-a64d-e0d2787506f4] with body: {}
[debug] &amp#27;[35m[WD Proxy]&amp#27;[39m Got response with status 200: {"sessionId":"d67f93d4-068a-4627-a64d-e0d2787506f4","value":{}}
[debug] &amp#27;[35m[W3C (96bdc753)]&amp#27;[39m Responding to client with driver.getSession() result: {"platform":"LINUX","webStorageEnabled":false,"takesScreenshot":true,"javascriptEnabled":true,"databaseEnabled":false,"networkConnectionEnabled":true,"locationContextEnabled":false,"warnings":{},"desired":{"platformName":"android","app":"D:\\AppiumTutorial\\Projects\\AppiumFramework\\src\\General-Store.apk","automationName":"Uiautomator2","chromedriverExecutable":"D:\\AppiumTutorial\\Projects\\Introduction\\BrowserDriver\\Google\\chromedriver.exe","deviceName":"Nexus5XPie9Emulator","newCommandTimeout":15},"platformName":"android","app":"D:\\AppiumTutorial\\Projects\\AppiumFramework\\src\\General-Store.apk","automationName":"Uiautomator2","chromedriverExecutable":"D:\\AppiumTutorial\\Projects\\Introduction\\BrowserDriver\\Google\\chromedriver.exe","deviceName":"emulator-5554","newCommandTimeout":15,"deviceUDID":"emulator-5554","appPackage":"com.androidsample.generalstore","deviceApiLevel":28,"platformVersion":"9","deviceScreenSize":"1080x1920","deviceScreenDensity":420,"deviceModel":"AOSP on IA Emulator","d...
&amp#27;[35m[HTTP]&amp#27;[39m &amp#27;[37m<-- GET /wd/hub/session/96bdc753-10df-4008-9717-9af196ea7a09 &amp#27;[39m&amp#27;[32m200&amp#27;[39m &amp#27;[90m14 ms - 1159&amp#27;[39m
&amp#27;[35m[HTTP]&amp#27;[39m &amp#27;[90m&amp#27;[39m
&amp#27;[35m[HTTP]&amp#27;[39m &amp#27;[37m-->&amp#27;[39m &amp#27;[37mPOST&amp#27;[39m &amp#27;[37m/wd/hub/session/96bdc753-10df-4008-9717-9af196ea7a09/element&amp#27;[39m
&amp#27;[35m[HTTP]&amp#27;[39m &amp#27;[90m{"using":"id","value":"com.androidsample.generalstore:id/appbar_btn_cart"}&amp#27;[39m
[debug] &amp#27;[35m[W3C (96bdc753)]&amp#27;[39m Calling AppiumDriver.findElement() with args: ["id","com.androidsample.generalstore:id/appbar_btn_cart","96bdc753-10df-4008-9717-9af196ea7a09"]
[debug] &amp#27;[35m[BaseDriver]&amp#27;[39m Valid locator strategies for this request: xpath, id, class name, accessibility id, -android uiautomator
[debug] &amp#27;[35m[BaseDriver]&amp#27;[39m Waiting up to 10000 ms for condition
[debug] &amp#27;[35m[WD Proxy]&amp#27;[39m Matched '/element' to command name 'findElement'
[debug] &amp#27;[35m[WD Proxy]&amp#27;[39m Proxying [POST /element] to [POST http://127.0.0.1:8215/wd/hub/session/d67f93d4-068a-4627-a64d-e0d2787506f4/element] with body: {"strategy":"id","selector":"com.androidsample.generalstore:id/appbar_btn_cart","context":"","multiple":false}
[debug] &amp#27;[35m[WD Proxy]&amp#27;[39m Got response with status 200: {"sessionId":"d67f93d4-068a-4627-a64d-e0d2787506f4","value":{"ELEMENT":"928e1af3-0dcf-4d5e-be73-ef47dcf76235","element-6066-11e4-a52e-4f735466cecf":"928e1af3-0dcf-4d5e-be73-ef47dcf76235"}}
[debug] &amp#27;[35m[W3C (96bdc753)]&amp#27;[39m Responding to client with driver.findElement() result: {"element-6066-11e4-a52e-4f735466cecf":"928e1af3-0dcf-4d5e-be73-ef47dcf76235","ELEMENT":"928e1af3-0dcf-4d5e-be73-ef47dcf76235"}
&amp#27;[35m[HTTP]&amp#27;[39m &amp#27;[37m<-- POST /wd/hub/session/96bdc753-10df-4008-9717-9af196ea7a09/element &amp#27;[39m&amp#27;[32m200&amp#27;[39m &amp#27;[90m495 ms - 137&amp#27;[39m
&amp#27;[35m[HTTP]&amp#27;[39m &amp#27;[90m&amp#27;[39m
&amp#27;[35m[HTTP]&amp#27;[39m &amp#27;[37m-->&amp#27;[39m &amp#27;[37mPOST&amp#27;[39m &amp#27;[37m/wd/hub/session/96bdc753-10df-4008-9717-9af196ea7a09/element/928e1af3-0dcf-4d5e-be73-ef47dcf76235/click&amp#27;[39m
&amp#27;[35m[HTTP]&amp#27;[39m &amp#27;[90m{"id":"928e1af3-0dcf-4d5e-be73-ef47dcf76235"}&amp#27;[39m
[debug] &amp#27;[35m[W3C (96bdc753)]&amp#27;[39m Calling AppiumDriver.click() with args: ["928e1af3-0dcf-4d5e-be73-ef47dcf76235","96bdc753-10df-4008-9717-9af196ea7a09"]
[debug] &amp#27;[35m[WD Proxy]&amp#27;[39m Matched '/element/928e1af3-0dcf-4d5e-be73-ef47dcf76235/click' to command name 'click'
[debug] &amp#27;[35m[WD Proxy]&amp#27;[39m Proxying [POST /element/928e1af3-0dcf-4d5e-be73-ef47dcf76235/click] to [POST http://127.0.0.1:8215/wd/hub/session/d67f93d4-068a-4627-a64d-e0d2787506f4/element/928e1af3-0dcf-4d5e-be73-ef47dcf76235/click] with body: {"element":"928e1af3-0dcf-4d5e-be73-ef47dcf76235"}
[debug] &amp#27;[35m[WD Proxy]&amp#27;[39m Got response with status 200: {"sessionId":"d67f93d4-068a-4627-a64d-e0d2787506f4","value":null}
[debug] &amp#27;[35m[W3C (96bdc753)]&amp#27;[39m Responding to client with driver.click() result: null
&amp#27;[35m[HTTP]&amp#27;[39m &amp#27;[37m<-- POST /wd/hub/session/96bdc753-10df-4008-9717-9af196ea7a09/element/928e1af3-0dcf-4d5e-be73-ef47dcf76235/click &amp#27;[39m&amp#27;[32m200&amp#27;[39m &amp#27;[90m35 ms - 14&amp#27;[39m
&amp#27;[35m[HTTP]&amp#27;[39m &amp#27;[90m&amp#27;[39m
&amp#27;[35m[HTTP]&amp#27;[39m &amp#27;[37m-->&amp#27;[39m &amp#27;[37mGET&amp#27;[39m &amp#27;[37m/wd/hub/session/96bdc753-10df-4008-9717-9af196ea7a09&amp#27;[39m
&amp#27;[35m[HTTP]&amp#27;[39m &amp#27;[90m{}&amp#27;[39m
[debug] &amp#27;[35m[W3C (96bdc753)]&amp#27;[39m Calling AppiumDriver.getSession() with args: ["96bdc753-10df-4008-9717-9af196ea7a09"]
[debug] &amp#27;[35m[UiAutomator2]&amp#27;[39m Getting session details from server to mix in
[debug] &amp#27;[35m[WD Proxy]&amp#27;[39m Matched '/' to command name 'getSession'
[debug] &amp#27;[35m[WD Proxy]&amp#27;[39m Proxying [GET /] to [GET http://127.0.0.1:8215/wd/hub/session/d67f93d4-068a-4627-a64d-e0d2787506f4] with body: {}
[debug] &amp#27;[35m[WD Proxy]&amp#27;[39m Got response with status 200: {"sessionId":"d67f93d4-068a-4627-a64d-e0d2787506f4","value":{}}
[debug] &amp#27;[35m[W3C (96bdc753)]&amp#27;[39m Responding to client with driver.getSession() result: {"platform":"LINUX","webStorageEnabled":false,"takesScreenshot":true,"javascriptEnabled":true,"databaseEnabled":false,"networkConnectionEnabled":true,"locationContextEnabled":false,"warnings":{},"desired":{"platformName":"android","app":"D:\\AppiumTutorial\\Projects\\AppiumFramework\\src\\General-Store.apk","automationName":"Uiautomator2","chromedriverExecutable":"D:\\AppiumTutorial\\Projects\\Introduction\\BrowserDriver\\Google\\chromedriver.exe","deviceName":"Nexus5XPie9Emulator","newCommandTimeout":15},"platformName":"android","app":"D:\\AppiumTutorial\\Projects\\AppiumFramework\\src\\General-Store.apk","automationName":"Uiautomator2","chromedriverExecutable":"D:\\AppiumTutorial\\Projects\\Introduction\\BrowserDriver\\Google\\chromedriver.exe","deviceName":"emulator-5554","newCommandTimeout":15,"deviceUDID":"emulator-5554","appPackage":"com.androidsample.generalstore","deviceApiLevel":28,"platformVersion":"9","deviceScreenSize":"1080x1920","deviceScreenDensity":420,"deviceModel":"AOSP on IA Emulator","d...
&amp#27;[35m[HTTP]&amp#27;[39m &amp#27;[37m<-- GET /wd/hub/session/96bdc753-10df-4008-9717-9af196ea7a09 &amp#27;[39m&amp#27;[32m200&amp#27;[39m &amp#27;[90m22 ms - 1159&amp#27;[39m
&amp#27;[35m[HTTP]&amp#27;[39m &amp#27;[90m&amp#27;[39m
&amp#27;[35m[HTTP]&amp#27;[39m &amp#27;[37m-->&amp#27;[39m &amp#27;[37mGET&amp#27;[39m &amp#27;[37m/wd/hub/session/96bdc753-10df-4008-9717-9af196ea7a09&amp#27;[39m
&amp#27;[35m[HTTP]&amp#27;[39m &amp#27;[90m{}&amp#27;[39m
[debug] &amp#27;[35m[W3C (96bdc753)]&amp#27;[39m Calling AppiumDriver.getSession() with args: ["96bdc753-10df-4008-9717-9af196ea7a09"]
[debug] &amp#27;[35m[UiAutomator2]&amp#27;[39m Getting session details from server to mix in
[debug] &amp#27;[35m[WD Proxy]&amp#27;[39m Matched '/' to command name 'getSession'
[debug] &amp#27;[35m[WD Proxy]&amp#27;[39m Proxying [GET /] to [GET http://127.0.0.1:8215/wd/hub/session/d67f93d4-068a-4627-a64d-e0d2787506f4] with body: {}
[debug] &amp#27;[35m[WD Proxy]&amp#27;[39m Got response with status 200: {"sessionId":"d67f93d4-068a-4627-a64d-e0d2787506f4","value":{}}
[debug] &amp#27;[35m[W3C (96bdc753)]&amp#27;[39m Responding to client with driver.getSession() result: {"platform":"LINUX","webStorageEnabled":false,"takesScreenshot":true,"javascriptEnabled":true,"databaseEnabled":false,"networkConnectionEnabled":true,"locationContextEnabled":false,"warnings":{},"desired":{"platformName":"android","app":"D:\\AppiumTutorial\\Projects\\AppiumFramework\\src\\General-Store.apk","automationName":"Uiautomator2","chromedriverExecutable":"D:\\AppiumTutorial\\Projects\\Introduction\\BrowserDriver\\Google\\chromedriver.exe","deviceName":"Nexus5XPie9Emulator","newCommandTimeout":15},"platformName":"android","app":"D:\\AppiumTutorial\\Projects\\AppiumFramework\\src\\General-Store.apk","automationName":"Uiautomator2","chromedriverExecutable":"D:\\AppiumTutorial\\Projects\\Introduction\\BrowserDriver\\Google\\chromedriver.exe","deviceName":"emulator-5554","newCommandTimeout":15,"deviceUDID":"emulator-5554","appPackage":"com.androidsample.generalstore","deviceApiLevel":28,"platformVersion":"9","deviceScreenSize":"1080x1920","deviceScreenDensity":420,"deviceModel":"AOSP on IA Emulator","d...
&amp#27;[35m[HTTP]&amp#27;[39m &amp#27;[37m<-- GET /wd/hub/session/96bdc753-10df-4008-9717-9af196ea7a09 &amp#27;[39m&amp#27;[32m200&amp#27;[39m &amp#27;[90m8 ms - 1159&amp#27;[39m
&amp#27;[35m[HTTP]&amp#27;[39m &amp#27;[90m&amp#27;[39m
&amp#27;[35m[HTTP]&amp#27;[39m &amp#27;[37m-->&amp#27;[39m &amp#27;[37mPOST&amp#27;[39m &amp#27;[37m/wd/hub/session/96bdc753-10df-4008-9717-9af196ea7a09/elements&amp#27;[39m
&amp#27;[35m[HTTP]&amp#27;[39m &amp#27;[90m{"using":"id","value":"com.androidsample.generalstore:id/productPrice"}&amp#27;[39m
[debug] &amp#27;[35m[W3C (96bdc753)]&amp#27;[39m Calling AppiumDriver.findElements() with args: ["id","com.androidsample.generalstore:id/productPrice","96bdc753-10df-4008-9717-9af196ea7a09"]
[debug] &amp#27;[35m[BaseDriver]&amp#27;[39m Valid locator strategies for this request: xpath, id, class name, accessibility id, -android uiautomator
[debug] &amp#27;[35m[BaseDriver]&amp#27;[39m Waiting up to 10000 ms for condition
[debug] &amp#27;[35m[WD Proxy]&amp#27;[39m Matched '/elements' to command name 'findElements'
[debug] &amp#27;[35m[WD Proxy]&amp#27;[39m Proxying [POST /elements] to [POST http://127.0.0.1:8215/wd/hub/session/d67f93d4-068a-4627-a64d-e0d2787506f4/elements] with body: {"strategy":"id","selector":"com.androidsample.generalstore:id/productPrice","context":"","multiple":true}
[debug] &amp#27;[35m[WD Proxy]&amp#27;[39m Got response with status 200: {"sessionId":"d67f93d4-068a-4627-a64d-e0d2787506f4","value":[{"ELEMENT":"c8d36bdc-1bdc-4e22-a3a2-87d48e2ecf16","element-6066-11e4-a52e-4f735466cecf":"c8d36bdc-1bdc-4e22-a3a2-87d48e2ecf16"},{"ELEMENT":"47217bcb-3b17-4af1-b3c0-78dbdf0246b1","element-6066-11e4-a52e-4f735466cecf":"47217bcb-3b17-4af1-b3c0-78dbdf0246b1"}]}
[debug] &amp#27;[35m[W3C (96bdc753)]&amp#27;[39m Responding to client with driver.findElements() result: [{"element-6066-11e4-a52e-4f735466cecf":"c8d36bdc-1bdc-4e22-a3a2-87d48e2ecf16","ELEMENT":"c8d36bdc-1bdc-4e22-a3a2-87d48e2ecf16"},{"element-6066-11e4-a52e-4f735466cecf":"47217bcb-3b17-4af1-b3c0-78dbdf0246b1","ELEMENT":"47217bcb-3b17-4af1-b3c0-78dbdf0246b1"}]
&amp#27;[35m[HTTP]&amp#27;[39m &amp#27;[37m<-- POST /wd/hub/session/96bdc753-10df-4008-9717-9af196ea7a09/elements &amp#27;[39m&amp#27;[32m200&amp#27;[39m &amp#27;[90m28 ms - 267&amp#27;[39m
&amp#27;[35m[HTTP]&amp#27;[39m &amp#27;[90m&amp#27;[39m
2
&amp#27;[35m[HTTP]&amp#27;[39m &amp#27;[37m-->&amp#27;[39m &amp#27;[37mGET&amp#27;[39m &amp#27;[37m/wd/hub/session/96bdc753-10df-4008-9717-9af196ea7a09&amp#27;[39m
&amp#27;[35m[HTTP]&amp#27;[39m &amp#27;[90m{}&amp#27;[39m
[debug] &amp#27;[35m[W3C (96bdc753)]&amp#27;[39m Calling AppiumDriver.getSession() with args: ["96bdc753-10df-4008-9717-9af196ea7a09"]
[debug] &amp#27;[35m[UiAutomator2]&amp#27;[39m Getting session details from server to mix in
[debug] &amp#27;[35m[WD Proxy]&amp#27;[39m Matched '/' to command name 'getSession'
[debug] &amp#27;[35m[WD Proxy]&amp#27;[39m Proxying [GET /] to [GET http://127.0.0.1:8215/wd/hub/session/d67f93d4-068a-4627-a64d-e0d2787506f4] with body: {}
[debug] &amp#27;[35m[WD Proxy]&amp#27;[39m Got response with status 200: {"sessionId":"d67f93d4-068a-4627-a64d-e0d2787506f4","value":{}}
[debug] &amp#27;[35m[W3C (96bdc753)]&amp#27;[39m Responding to client with driver.getSession() result: {"platform":"LINUX","webStorageEnabled":false,"takesScreenshot":true,"javascriptEnabled":true,"databaseEnabled":false,"networkConnectionEnabled":true,"locationContextEnabled":false,"warnings":{},"desired":{"platformName":"android","app":"D:\\AppiumTutorial\\Projects\\AppiumFramework\\src\\General-Store.apk","automationName":"Uiautomator2","chromedriverExecutable":"D:\\AppiumTutorial\\Projects\\Introduction\\BrowserDriver\\Google\\chromedriver.exe","deviceName":"Nexus5XPie9Emulator","newCommandTimeout":15},"platformName":"android","app":"D:\\AppiumTutorial\\Projects\\AppiumFramework\\src\\General-Store.apk","automationName":"Uiautomator2","chromedriverExecutable":"D:\\AppiumTutorial\\Projects\\Introduction\\BrowserDriver\\Google\\chromedriver.exe","deviceName":"emulator-5554","newCommandTimeout":15,"deviceUDID":"emulator-5554","appPackage":"com.androidsample.generalstore","deviceApiLevel":28,"platformVersion":"9","deviceScreenSize":"1080x1920","deviceScreenDensity":420,"deviceModel":"AOSP on IA Emulator","d...
&amp#27;[35m[HTTP]&amp#27;[39m &amp#27;[37m<-- GET /wd/hub/session/96bdc753-10df-4008-9717-9af196ea7a09 &amp#27;[39m&amp#27;[32m200&amp#27;[39m &amp#27;[90m10 ms - 1159&amp#27;[39m
&amp#27;[35m[HTTP]&amp#27;[39m &amp#27;[90m&amp#27;[39m
&amp#27;[35m[HTTP]&amp#27;[39m &amp#27;[37m-->&amp#27;[39m &amp#27;[37mPOST&amp#27;[39m &amp#27;[37m/wd/hub/session/96bdc753-10df-4008-9717-9af196ea7a09/elements&amp#27;[39m
&amp#27;[35m[HTTP]&amp#27;[39m &amp#27;[90m{"using":"id","value":"com.androidsample.generalstore:id/productPrice"}&amp#27;[39m
[debug] &amp#27;[35m[W3C (96bdc753)]&amp#27;[39m Calling AppiumDriver.findElements() with args: ["id","com.androidsample.generalstore:id/productPrice","96bdc753-10df-4008-9717-9af196ea7a09"]
[debug] &amp#27;[35m[BaseDriver]&amp#27;[39m Valid locator strategies for this request: xpath, id, class name, accessibility id, -android uiautomator
[debug] &amp#27;[35m[BaseDriver]&amp#27;[39m Waiting up to 10000 ms for condition
[debug] &amp#27;[35m[WD Proxy]&amp#27;[39m Matched '/elements' to command name 'findElements'
[debug] &amp#27;[35m[WD Proxy]&amp#27;[39m Proxying [POST /elements] to [POST http://127.0.0.1:8215/wd/hub/session/d67f93d4-068a-4627-a64d-e0d2787506f4/elements] with body: {"strategy":"id","selector":"com.androidsample.generalstore:id/productPrice","context":"","multiple":true}
[debug] &amp#27;[35m[WD Proxy]&amp#27;[39m Got response with status 200: {"sessionId":"d67f93d4-068a-4627-a64d-e0d2787506f4","value":[{"ELEMENT":"2b8a6c3c-d142-4dc5-997a-5c056ae0e09c","element-6066-11e4-a52e-4f735466cecf":"2b8a6c3c-d142-4dc5-997a-5c056ae0e09c"},{"ELEMENT":"612389b4-f9e8-4f43-bc50-c1c23319345e","element-6066-11e4-a52e-4f735466cecf":"612389b4-f9e8-4f43-bc50-c1c23319345e"}]}
[debug] &amp#27;[35m[W3C (96bdc753)]&amp#27;[39m Responding to client with driver.findElements() result: [{"element-6066-11e4-a52e-4f735466cecf":"2b8a6c3c-d142-4dc5-997a-5c056ae0e09c","ELEMENT":"2b8a6c3c-d142-4dc5-997a-5c056ae0e09c"},{"element-6066-11e4-a52e-4f735466cecf":"612389b4-f9e8-4f43-bc50-c1c23319345e","ELEMENT":"612389b4-f9e8-4f43-bc50-c1c23319345e"}]
&amp#27;[35m[HTTP]&amp#27;[39m &amp#27;[37m<-- POST /wd/hub/session/96bdc753-10df-4008-9717-9af196ea7a09/elements &amp#27;[39m&amp#27;[32m200&amp#27;[39m &amp#27;[90m33 ms - 267&amp#27;[39m
&amp#27;[35m[HTTP]&amp#27;[39m &amp#27;[90m&amp#27;[39m
&amp#27;[35m[HTTP]&amp#27;[39m &amp#27;[37m-->&amp#27;[39m &amp#27;[37mGET&amp#27;[39m &amp#27;[37m/wd/hub/session/96bdc753-10df-4008-9717-9af196ea7a09/element/2b8a6c3c-d142-4dc5-997a-5c056ae0e09c/text&amp#27;[39m
&amp#27;[35m[HTTP]&amp#27;[39m &amp#27;[90m{}&amp#27;[39m
&amp#27;[35m[W3C (96bdc753)]&amp#27;[39m Driver proxy active, passing request on via HTTP proxy
[debug] &amp#27;[35m[WD Proxy]&amp#27;[39m Matched '/wd/hub/session/96bdc753-10df-4008-9717-9af196ea7a09/element/2b8a6c3c-d142-4dc5-997a-5c056ae0e09c/text' to command name 'getText'
[debug] &amp#27;[35m[WD Proxy]&amp#27;[39m Proxying [GET /wd/hub/session/96bdc753-10df-4008-9717-9af196ea7a09/element/2b8a6c3c-d142-4dc5-997a-5c056ae0e09c/text] to [GET http://127.0.0.1:8215/wd/hub/session/d67f93d4-068a-4627-a64d-e0d2787506f4/element/2b8a6c3c-d142-4dc5-997a-5c056ae0e09c/text] with body: {}
[debug] &amp#27;[35m[WD Proxy]&amp#27;[39m Got response with status 200: {"sessionId":"d67f93d4-068a-4627-a64d-e0d2787506f4","value":"$160.97"}
&amp#27;[35m[WD Proxy]&amp#27;[39m Replacing sessionId d67f93d4-068a-4627-a64d-e0d2787506f4 with 96bdc753-10df-4008-9717-9af196ea7a09
&amp#27;[35m[HTTP]&amp#27;[39m &amp#27;[37m<-- GET /wd/hub/session/96bdc753-10df-4008-9717-9af196ea7a09/element/2b8a6c3c-d142-4dc5-997a-5c056ae0e09c/text &amp#27;[39m&amp#27;[32m200&amp#27;[39m &amp#27;[90m21 ms - 70&amp#27;[39m
&amp#27;[35m[HTTP]&amp#27;[39m &amp#27;[90m&amp#27;[39m
Item Price: 160.97
I No: 0
Sum Amount: 160.97
&amp#27;[35m[HTTP]&amp#27;[39m &amp#27;[37m-->&amp#27;[39m &amp#27;[37mGET&amp#27;[39m &amp#27;[37m/wd/hub/session/96bdc753-10df-4008-9717-9af196ea7a09&amp#27;[39m
&amp#27;[35m[HTTP]&amp#27;[39m &amp#27;[90m{}&amp#27;[39m
[debug] &amp#27;[35m[W3C (96bdc753)]&amp#27;[39m Calling AppiumDriver.getSession() with args: ["96bdc753-10df-4008-9717-9af196ea7a09"]
[debug] &amp#27;[35m[UiAutomator2]&amp#27;[39m Getting session details from server to mix in
[debug] &amp#27;[35m[WD Proxy]&amp#27;[39m Matched '/' to command name 'getSession'
[debug] &amp#27;[35m[WD Proxy]&amp#27;[39m Proxying [GET /] to [GET http://127.0.0.1:8215/wd/hub/session/d67f93d4-068a-4627-a64d-e0d2787506f4] with body: {}
[debug] &amp#27;[35m[WD Proxy]&amp#27;[39m Got response with status 200: {"sessionId":"d67f93d4-068a-4627-a64d-e0d2787506f4","value":{}}
[debug] &amp#27;[35m[W3C (96bdc753)]&amp#27;[39m Responding to client with driver.getSession() result: {"platform":"LINUX","webStorageEnabled":false,"takesScreenshot":true,"javascriptEnabled":true,"databaseEnabled":false,"networkConnectionEnabled":true,"locationContextEnabled":false,"warnings":{},"desired":{"platformName":"android","app":"D:\\AppiumTutorial\\Projects\\AppiumFramework\\src\\General-Store.apk","automationName":"Uiautomator2","chromedriverExecutable":"D:\\AppiumTutorial\\Projects\\Introduction\\BrowserDriver\\Google\\chromedriver.exe","deviceName":"Nexus5XPie9Emulator","newCommandTimeout":15},"platformName":"android","app":"D:\\AppiumTutorial\\Projects\\AppiumFramework\\src\\General-Store.apk","automationName":"Uiautomator2","chromedriverExecutable":"D:\\AppiumTutorial\\Projects\\Introduction\\BrowserDriver\\Google\\chromedriver.exe","deviceName":"emulator-5554","newCommandTimeout":15,"deviceUDID":"emulator-5554","appPackage":"com.androidsample.generalstore","deviceApiLevel":28,"platformVersion":"9","deviceScreenSize":"1080x1920","deviceScreenDensity":420,"deviceModel":"AOSP on IA Emulator","d...
&amp#27;[35m[HTTP]&amp#27;[39m &amp#27;[37m<-- GET /wd/hub/session/96bdc753-10df-4008-9717-9af196ea7a09 &amp#27;[39m&amp#27;[32m200&amp#27;[39m &amp#27;[90m10 ms - 1159&amp#27;[39m
&amp#27;[35m[HTTP]&amp#27;[39m &amp#27;[90m&amp#27;[39m
&amp#27;[35m[HTTP]&amp#27;[39m &amp#27;[37m-->&amp#27;[39m &amp#27;[37mPOST&amp#27;[39m &amp#27;[37m/wd/hub/session/96bdc753-10df-4008-9717-9af196ea7a09/elements&amp#27;[39m
&amp#27;[35m[HTTP]&amp#27;[39m &amp#27;[90m{"using":"id","value":"com.androidsample.generalstore:id/productPrice"}&amp#27;[39m
[debug] &amp#27;[35m[W3C (96bdc753)]&amp#27;[39m Calling AppiumDriver.findElements() with args: ["id","com.androidsample.generalstore:id/productPrice","96bdc753-10df-4008-9717-9af196ea7a09"]
[debug] &amp#27;[35m[BaseDriver]&amp#27;[39m Valid locator strategies for this request: xpath, id, class name, accessibility id, -android uiautomator
[debug] &amp#27;[35m[BaseDriver]&amp#27;[39m Waiting up to 10000 ms for condition
[debug] &amp#27;[35m[WD Proxy]&amp#27;[39m Matched '/elements' to command name 'findElements'
[debug] &amp#27;[35m[WD Proxy]&amp#27;[39m Proxying [POST /elements] to [POST http://127.0.0.1:8215/wd/hub/session/d67f93d4-068a-4627-a64d-e0d2787506f4/elements] with body: {"strategy":"id","selector":"com.androidsample.generalstore:id/productPrice","context":"","multiple":true}
[debug] &amp#27;[35m[WD Proxy]&amp#27;[39m Got response with status 200: {"sessionId":"d67f93d4-068a-4627-a64d-e0d2787506f4","value":[{"ELEMENT":"2e2200b9-e5dc-4bcd-b589-b8bbf6bf9bb2","element-6066-11e4-a52e-4f735466cecf":"2e2200b9-e5dc-4bcd-b589-b8bbf6bf9bb2"},{"ELEMENT":"e442ad0e-e00b-4d9c-80fc-f9a70fa247c4","element-6066-11e4-a52e-4f735466cecf":"e442ad0e-e00b-4d9c-80fc-f9a70fa247c4"}]}
[debug] &amp#27;[35m[W3C (96bdc753)]&amp#27;[39m Responding to client with driver.findElements() result: [{"element-6066-11e4-a52e-4f735466cecf":"2e2200b9-e5dc-4bcd-b589-b8bbf6bf9bb2","ELEMENT":"2e2200b9-e5dc-4bcd-b589-b8bbf6bf9bb2"},{"element-6066-11e4-a52e-4f735466cecf":"e442ad0e-e00b-4d9c-80fc-f9a70fa247c4","ELEMENT":"e442ad0e-e00b-4d9c-80fc-f9a70fa247c4"}]
&amp#27;[35m[HTTP]&amp#27;[39m &amp#27;[37m<-- POST /wd/hub/session/96bdc753-10df-4008-9717-9af196ea7a09/elements &amp#27;[39m&amp#27;[32m200&amp#27;[39m &amp#27;[90m29 ms - 267&amp#27;[39m
&amp#27;[35m[HTTP]&amp#27;[39m &amp#27;[90m&amp#27;[39m
&amp#27;[35m[HTTP]&amp#27;[39m &amp#27;[37m-->&amp#27;[39m &amp#27;[37mGET&amp#27;[39m &amp#27;[37m/wd/hub/session/96bdc753-10df-4008-9717-9af196ea7a09/element/e442ad0e-e00b-4d9c-80fc-f9a70fa247c4/text&amp#27;[39m
&amp#27;[35m[HTTP]&amp#27;[39m &amp#27;[90m{}&amp#27;[39m
&amp#27;[35m[W3C (96bdc753)]&amp#27;[39m Driver proxy active, passing request on via HTTP proxy
[debug] &amp#27;[35m[WD Proxy]&amp#27;[39m Matched '/wd/hub/session/96bdc753-10df-4008-9717-9af196ea7a09/element/e442ad0e-e00b-4d9c-80fc-f9a70fa247c4/text' to command name 'getText'
[debug] &amp#27;[35m[WD Proxy]&amp#27;[39m Proxying [GET /wd/hub/session/96bdc753-10df-4008-9717-9af196ea7a09/element/e442ad0e-e00b-4d9c-80fc-f9a70fa247c4/text] to [GET http://127.0.0.1:8215/wd/hub/session/d67f93d4-068a-4627-a64d-e0d2787506f4/element/e442ad0e-e00b-4d9c-80fc-f9a70fa247c4/text] with body: {}
[debug] &amp#27;[35m[WD Proxy]&amp#27;[39m Got response with status 200: {"sessionId":"d67f93d4-068a-4627-a64d-e0d2787506f4","value":"$120.0"}
&amp#27;[35m[WD Proxy]&amp#27;[39m Replacing sessionId d67f93d4-068a-4627-a64d-e0d2787506f4 with 96bdc753-10df-4008-9717-9af196ea7a09
&amp#27;[35m[HTTP]&amp#27;[39m &amp#27;[37m<-- GET /wd/hub/session/96bdc753-10df-4008-9717-9af196ea7a09/element/e442ad0e-e00b-4d9c-80fc-f9a70fa247c4/text &amp#27;[39m&amp#27;[32m200&amp#27;[39m &amp#27;[90m14 ms - 69&amp#27;[39m
&amp#27;[35m[HTTP]&amp#27;[39m &amp#27;[90m&amp#27;[39m
Item Price: 120.0
I No: 1
Sum Amount: 280.97
Sum Amount: 280.97
&amp#27;[35m[HTTP]&amp#27;[39m &amp#27;[37m-->&amp#27;[39m &amp#27;[37mGET&amp#27;[39m &amp#27;[37m/wd/hub/session/96bdc753-10df-4008-9717-9af196ea7a09&amp#27;[39m
&amp#27;[35m[HTTP]&amp#27;[39m &amp#27;[90m{}&amp#27;[39m
[debug] &amp#27;[35m[W3C (96bdc753)]&amp#27;[39m Calling AppiumDriver.getSession() with args: ["96bdc753-10df-4008-9717-9af196ea7a09"]
[debug] &amp#27;[35m[UiAutomator2]&amp#27;[39m Getting session details from server to mix in
[debug] &amp#27;[35m[WD Proxy]&amp#27;[39m Matched '/' to command name 'getSession'
[debug] &amp#27;[35m[WD Proxy]&amp#27;[39m Proxying [GET /] to [GET http://127.0.0.1:8215/wd/hub/session/d67f93d4-068a-4627-a64d-e0d2787506f4] with body: {}
[debug] &amp#27;[35m[WD Proxy]&amp#27;[39m Got response with status 200: {"sessionId":"d67f93d4-068a-4627-a64d-e0d2787506f4","value":{}}
[debug] &amp#27;[35m[W3C (96bdc753)]&amp#27;[39m Responding to client with driver.getSession() result: {"platform":"LINUX","webStorageEnabled":false,"takesScreenshot":true,"javascriptEnabled":true,"databaseEnabled":false,"networkConnectionEnabled":true,"locationContextEnabled":false,"warnings":{},"desired":{"platformName":"android","app":"D:\\AppiumTutorial\\Projects\\AppiumFramework\\src\\General-Store.apk","automationName":"Uiautomator2","chromedriverExecutable":"D:\\AppiumTutorial\\Projects\\Introduction\\BrowserDriver\\Google\\chromedriver.exe","deviceName":"Nexus5XPie9Emulator","newCommandTimeout":15},"platformName":"android","app":"D:\\AppiumTutorial\\Projects\\AppiumFramework\\src\\General-Store.apk","automationName":"Uiautomator2","chromedriverExecutable":"D:\\AppiumTutorial\\Projects\\Introduction\\BrowserDriver\\Google\\chromedriver.exe","deviceName":"emulator-5554","newCommandTimeout":15,"deviceUDID":"emulator-5554","appPackage":"com.androidsample.generalstore","deviceApiLevel":28,"platformVersion":"9","deviceScreenSize":"1080x1920","deviceScreenDensity":420,"deviceModel":"AOSP on IA Emulator","d...
&amp#27;[35m[HTTP]&amp#27;[39m &amp#27;[37m<-- GET /wd/hub/session/96bdc753-10df-4008-9717-9af196ea7a09 &amp#27;[39m&amp#27;[32m200&amp#27;[39m &amp#27;[90m25 ms - 1159&amp#27;[39m
&amp#27;[35m[HTTP]&amp#27;[39m &amp#27;[90m&amp#27;[39m
&amp#27;[35m[HTTP]&amp#27;[39m &amp#27;[37m-->&amp#27;[39m &amp#27;[37mPOST&amp#27;[39m &amp#27;[37m/wd/hub/session/96bdc753-10df-4008-9717-9af196ea7a09/element&amp#27;[39m
&amp#27;[35m[HTTP]&amp#27;[39m &amp#27;[90m{"using":"id","value":"com.androidsample.generalstore:id/totalAmountLbl"}&amp#27;[39m
[debug] &amp#27;[35m[W3C (96bdc753)]&amp#27;[39m Calling AppiumDriver.findElement() with args: ["id","com.androidsample.generalstore:id/totalAmountLbl","96bdc753-10df-4008-9717-9af196ea7a09"]
[debug] &amp#27;[35m[BaseDriver]&amp#27;[39m Valid locator strategies for this request: xpath, id, class name, accessibility id, -android uiautomator
[debug] &amp#27;[35m[BaseDriver]&amp#27;[39m Waiting up to 10000 ms for condition
[debug] &amp#27;[35m[WD Proxy]&amp#27;[39m Matched '/element' to command name 'findElement'
[debug] &amp#27;[35m[WD Proxy]&amp#27;[39m Proxying [POST /element] to [POST http://127.0.0.1:8215/wd/hub/session/d67f93d4-068a-4627-a64d-e0d2787506f4/element] with body: {"strategy":"id","selector":"com.androidsample.generalstore:id/totalAmountLbl","context":"","multiple":false}
[debug] &amp#27;[35m[WD Proxy]&amp#27;[39m Got response with status 200: {"sessionId":"d67f93d4-068a-4627-a64d-e0d2787506f4","value":{"ELEMENT":"c0d285d3-8718-4a6d-90fa-974e67344913","element-6066-11e4-a52e-4f735466cecf":"c0d285d3-8718-4a6d-90fa-974e67344913"}}
[debug] &amp#27;[35m[W3C (96bdc753)]&amp#27;[39m Responding to client with driver.findElement() result: {"element-6066-11e4-a52e-4f735466cecf":"c0d285d3-8718-4a6d-90fa-974e67344913","ELEMENT":"c0d285d3-8718-4a6d-90fa-974e67344913"}
&amp#27;[35m[HTTP]&amp#27;[39m &amp#27;[37m<-- POST /wd/hub/session/96bdc753-10df-4008-9717-9af196ea7a09/element &amp#27;[39m&amp#27;[32m200&amp#27;[39m &amp#27;[90m37 ms - 137&amp#27;[39m
&amp#27;[35m[HTTP]&amp#27;[39m &amp#27;[90m&amp#27;[39m
&amp#27;[35m[HTTP]&amp#27;[39m &amp#27;[37m-->&amp#27;[39m &amp#27;[37mGET&amp#27;[39m &amp#27;[37m/wd/hub/session/96bdc753-10df-4008-9717-9af196ea7a09/element/c0d285d3-8718-4a6d-90fa-974e67344913/text&amp#27;[39m
&amp#27;[35m[HTTP]&amp#27;[39m &amp#27;[90m{}&amp#27;[39m
&amp#27;[35m[W3C (96bdc753)]&amp#27;[39m Driver proxy active, passing request on via HTTP proxy
[debug] &amp#27;[35m[WD Proxy]&amp#27;[39m Matched '/wd/hub/session/96bdc753-10df-4008-9717-9af196ea7a09/element/c0d285d3-8718-4a6d-90fa-974e67344913/text' to command name 'getText'
[debug] &amp#27;[35m[WD Proxy]&amp#27;[39m Proxying [GET /wd/hub/session/96bdc753-10df-4008-9717-9af196ea7a09/element/c0d285d3-8718-4a6d-90fa-974e67344913/text] to [GET http://127.0.0.1:8215/wd/hub/session/d67f93d4-068a-4627-a64d-e0d2787506f4/element/c0d285d3-8718-4a6d-90fa-974e67344913/text] with body: {}
[debug] &amp#27;[35m[WD Proxy]&amp#27;[39m Got response with status 200: {"sessionId":"d67f93d4-068a-4627-a64d-e0d2787506f4","value":"$ 280.97"}
&amp#27;[35m[WD Proxy]&amp#27;[39m Replacing sessionId d67f93d4-068a-4627-a64d-e0d2787506f4 with 96bdc753-10df-4008-9717-9af196ea7a09
&amp#27;[35m[HTTP]&amp#27;[39m &amp#27;[37m<-- GET /wd/hub/session/96bdc753-10df-4008-9717-9af196ea7a09/element/c0d285d3-8718-4a6d-90fa-974e67344913/text &amp#27;[39m&amp#27;[32m200&amp#27;[39m &amp#27;[90m17 ms - 71&amp#27;[39m
&amp#27;[35m[HTTP]&amp#27;[39m &amp#27;[90m&amp#27;[39m
System Sum Amount: 280.97
]]></system-out>
    <system-err><![CDATA[Jun 22, 2020 10:36:23 PM io.appium.java_client.remote.AppiumCommandExecutor$1 lambda$0
INFO: Detected dialect: W3C
]]></system-err>
  </testcase>
  <testcase name="PageObjectMain[Data Provider](1)" classname="Project.ApiDemoTest" time="20.666">
    <system-out><![CDATA[&amp#27;[35m[Appium]&amp#27;[39m Welcome to Appium v1.17.1
&amp#27;[35m[Appium]&amp#27;[39m Appium REST http interface listener started on 0.0.0.0:4723
&amp#27;[35m[HTTP]&amp#27;[39m &amp#27;[37m-->&amp#27;[39m &amp#27;[37mGET&amp#27;[39m &amp#27;[37m/wd/hub/status&amp#27;[39m
&amp#27;[35m[HTTP]&amp#27;[39m &amp#27;[90m{}&amp#27;[39m
[debug] &amp#27;[35m[GENERIC]&amp#27;[39m Calling AppiumDriver.getStatus() with args: []
[debug] &amp#27;[35m[GENERIC]&amp#27;[39m Responding to client with driver.getStatus() result: {"build":{"version":"1.17.1"}}
&amp#27;[35m[HTTP]&amp#27;[39m &amp#27;[37m<-- GET /wd/hub/status &amp#27;[39m&amp#27;[32m200&amp#27;[39m &amp#27;[90m8 ms - 68&amp#27;[39m
&amp#27;[35m[HTTP]&amp#27;[39m &amp#27;[90m&amp#27;[39m
&amp#27;[35m[HTTP]&amp#27;[39m &amp#27;[37m-->&amp#27;[39m &amp#27;[37mPOST&amp#27;[39m &amp#27;[37m/wd/hub/session&amp#27;[39m
&amp#27;[35m[HTTP]&amp#27;[39m &amp#27;[90m{"desiredCapabilities":{"app":"D:\\AppiumTutorial\\Projects\\AppiumFramework\\src\\original.apk","chromedriverExecutable":"D:\\AppiumTutorial\\Projects\\Introduction\\BrowserDriver\\Google\\chromedriver.exe","newCommandTimeout":15,"automationName":"Uiautomator2","platformName":"Android","deviceName":"Nexus5XPie9Emulator"},"capabilities":{"alwaysMatch":{"appium:app":"D:\\AppiumTutorial\\Projects\\AppiumFramework\\src\\original.apk","appium:automationName":"Uiautomator2","appium:chromedriverExecutable":"D:\\AppiumTutorial\\Projects\\Introduction\\BrowserDriver\\Google\\chromedriver.exe","appium:deviceName":"Nexus5XPie9Emulator","appium:newCommandTimeout":15,"platformName":"android"},"firstMatch":[{}]}}&amp#27;[39m
[debug] &amp#27;[35m[W3C]&amp#27;[39m Calling AppiumDriver.createSession() with args: [{"app":"D:\\AppiumTutorial\\Projects\\AppiumFramework\\src\\original.apk","chromedriverExecutable":"D:\\AppiumTutorial\\Projects\\Introduction\\BrowserDriver\\Google\\chromedriver.exe","newCommandTimeout":15,"automationName":"Uiautomator2","platformName":"Android","deviceName":"Nexus5XPie9Emulator"},null,{"alwaysMatch":{"appium:app":"D:\\AppiumTutorial\\Projects\\AppiumFramework\\src\\original.apk","appium:automationName":"Uiautomator2","appium:chromedriverExecutable":"D:\\AppiumTutorial\\Projects\\Introduction\\BrowserDriver\\Google\\chromedriver.exe","appium:deviceName":"Nexus5XPie9Emulator","appium:newCommandTimeout":15,"platformName":"android"},"firstMatch":[{}]}]
[debug] &amp#27;[35m[BaseDriver]&amp#27;[39m Event 'newSessionRequested' logged at 1592836612112 (22:36:52 GMT+0800 (Malaysia Time))
&amp#27;[35m[Appium]&amp#27;[39m Appium v1.17.1 creating new AndroidUiautomator2Driver (v1.44.2) session
[debug] &amp#27;[35m[BaseDriver]&amp#27;[39m W3C capabilities and MJSONWP desired capabilities were provided
[debug] &amp#27;[35m[BaseDriver]&amp#27;[39m Creating session with W3C capabilities: {
[debug] &amp#27;[35m[BaseDriver]&amp#27;[39m   "alwaysMatch": {
[debug] &amp#27;[35m[BaseDriver]&amp#27;[39m     "platformName": "android",
[debug] &amp#27;[35m[BaseDriver]&amp#27;[39m     "appium:app": "D:\\AppiumTutorial\\Projects\\AppiumFramework\\src\\original.apk",
[debug] &amp#27;[35m[BaseDriver]&amp#27;[39m     "appium:automationName": "Uiautomator2",
[debug] &amp#27;[35m[BaseDriver]&amp#27;[39m     "appium:chromedriverExecutable": "D:\\AppiumTutorial\\Projects\\Introduction\\BrowserDriver\\Google\\chromedriver.exe",
[debug] &amp#27;[35m[BaseDriver]&amp#27;[39m     "appium:deviceName": "Nexus5XPie9Emulator",
[debug] &amp#27;[35m[BaseDriver]&amp#27;[39m     "appium:newCommandTimeout": 15
[debug] &amp#27;[35m[BaseDriver]&amp#27;[39m   },
[debug] &amp#27;[35m[BaseDriver]&amp#27;[39m   "firstMatch": [
[debug] &amp#27;[35m[BaseDriver]&amp#27;[39m     {}
[debug] &amp#27;[35m[BaseDriver]&amp#27;[39m   ]
[debug] &amp#27;[35m[BaseDriver]&amp#27;[39m }
&amp#27;[35m[BaseDriver]&amp#27;[39m Session created with session id: ff74bb2a-aef6-426f-929d-7e4633800f8c
&amp#27;[35m[BaseDriver]&amp#27;[39m Using local app 'D:\AppiumTutorial\Projects\AppiumFramework\src\original.apk'
[debug] &amp#27;[35m[UiAutomator2]&amp#27;[39m Checking whether app is actually present
&amp#27;[35m[ADB]&amp#27;[39m Found 1 'build-tools' folders under 'C:\Users\ANANTHAROOBAN\AppData\Local\Android\Sdk' (newest first):
&amp#27;[35m[ADB]&amp#27;[39m     C:/Users/ANANTHAROOBAN/AppData/Local/Android/Sdk/build-tools/29.0.3
&amp#27;[35m[ADB]&amp#27;[39m Using 'adb.exe' from 'C:\Users\ANANTHAROOBAN\AppData\Local\Android\Sdk\platform-tools\adb.exe'
&amp#27;[35m[AndroidDriver]&amp#27;[39m Retrieving device list
[debug] &amp#27;[35m[ADB]&amp#27;[39m Trying to find a connected android device
[debug] &amp#27;[35m[ADB]&amp#27;[39m Getting connected devices...
[debug] &amp#27;[35m[ADB]&amp#27;[39m Connected devices: [{"udid":"emulator-5554","state":"device"}]
&amp#27;[35m[AndroidDriver]&amp#27;[39m Using device: emulator-5554
&amp#27;[35m[ADB]&amp#27;[39m Using 'adb.exe' from 'C:\Users\ANANTHAROOBAN\AppData\Local\Android\Sdk\platform-tools\adb.exe'
[debug] &amp#27;[35m[ADB]&amp#27;[39m Setting device id to emulator-5554
[debug] &amp#27;[35m[ADB]&amp#27;[39m Running 'C:\Users\ANANTHAROOBAN\AppData\Local\Android\Sdk\platform-tools\adb.exe -P 5037 -s emulator-5554 shell getprop ro.build.version.sdk'
[debug] &amp#27;[35m[ADB]&amp#27;[39m Current device property 'ro.build.version.sdk': 28
&amp#27;[35m[ADB]&amp#27;[39m Getting device platform version
[debug] &amp#27;[35m[ADB]&amp#27;[39m Running 'C:\Users\ANANTHAROOBAN\AppData\Local\Android\Sdk\platform-tools\adb.exe -P 5037 -s emulator-5554 shell getprop ro.build.version.release'
[debug] &amp#27;[35m[ADB]&amp#27;[39m Current device property 'ro.build.version.release': 9
[debug] &amp#27;[35m[ADB]&amp#27;[39m Device API level: 28
&amp#27;[35m[UiAutomator2]&amp#27;[39m Relaxing hidden api policy
[debug] &amp#27;[35m[ADB]&amp#27;[39m Running 'C:\Users\ANANTHAROOBAN\AppData\Local\Android\Sdk\platform-tools\adb.exe -P 5037 -s emulator-5554 shell settings put global hidden_api_policy_pre_p_apps 1'
[debug] &amp#27;[35m[ADB]&amp#27;[39m Running 'C:\Users\ANANTHAROOBAN\AppData\Local\Android\Sdk\platform-tools\adb.exe -P 5037 -s emulator-5554 shell settings put global hidden_api_policy_p_apps 1'
[debug] &amp#27;[35m[ADB]&amp#27;[39m Running 'C:\Users\ANANTHAROOBAN\AppData\Local\Android\Sdk\platform-tools\adb.exe -P 5037 -s emulator-5554 shell settings put global hidden_api_policy 1'
[debug] &amp#27;[35m[AndroidDriver]&amp#27;[39m Parsing package and activity from app manifest
&amp#27;[35m[ADB]&amp#27;[39m Package name: 'io.appium.android.apis'
&amp#27;[35m[ADB]&amp#27;[39m Main activity name: 'ApiDemos'
[debug] &amp#27;[35m[AndroidDriver]&amp#27;[39m Parsed package and activity are: io.appium.android.apis/ApiDemos
[debug] &amp#27;[35m[ADB]&amp#27;[39m Running 'C:\Users\ANANTHAROOBAN\AppData\Local\Android\Sdk\platform-tools\adb.exe -P 5037 -s emulator-5554 wait-for-device'
[debug] &amp#27;[35m[ADB]&amp#27;[39m Running 'C:\Users\ANANTHAROOBAN\AppData\Local\Android\Sdk\platform-tools\adb.exe -P 5037 -s emulator-5554 shell echo ping'
[debug] &amp#27;[35m[AndroidDriver]&amp#27;[39m Pushing settings apk to device...
[debug] &amp#27;[35m[ADB]&amp#27;[39m Getting install status for io.appium.settings
[debug] &amp#27;[35m[ADB]&amp#27;[39m Running 'C:\Users\ANANTHAROOBAN\AppData\Local\Android\Sdk\platform-tools\adb.exe -P 5037 -s emulator-5554 shell dumpsys package io.appium.settings'
[debug] &amp#27;[35m[ADB]&amp#27;[39m 'io.appium.settings' is installed
[debug] &amp#27;[35m[ADB]&amp#27;[39m Getting package info for 'io.appium.settings'
[debug] &amp#27;[35m[ADB]&amp#27;[39m Running 'C:\Users\ANANTHAROOBAN\AppData\Local\Android\Sdk\platform-tools\adb.exe -P 5037 -s emulator-5554 shell dumpsys package io.appium.settings'
[debug] &amp#27;[35m[ADB]&amp#27;[39m The version name of the installed 'io.appium.settings' is greater or equal to the application version name ('3.1.0' >= '3.1.0')
[debug] &amp#27;[35m[ADB]&amp#27;[39m There is no need to install/upgrade 'C:\Users\ANANTHAROOBAN\AppData\Roaming\npm\node_modules\appium\node_modules\io.appium.settings\apks\settings_apk-debug.apk'
[debug] &amp#27;[35m[ADB]&amp#27;[39m Getting IDs of all 'io.appium.settings' processes
[debug] &amp#27;[35m[ADB]&amp#27;[39m Running 'C:\Users\ANANTHAROOBAN\AppData\Local\Android\Sdk\platform-tools\adb.exe -P 5037 -s emulator-5554 shell 'pgrep --help; echo $?''
[debug] &amp#27;[35m[ADB]&amp#27;[39m Running 'C:\Users\ANANTHAROOBAN\AppData\Local\Android\Sdk\platform-tools\adb.exe -P 5037 -s emulator-5554 shell pgrep -f io\\.appium\\.settings'
[debug] &amp#27;[35m[AndroidDriver]&amp#27;[39m io.appium.settings is already running. There is no need to reset its permissions.
[debug] &amp#27;[35m[ADB]&amp#27;[39m Running 'C:\Users\ANANTHAROOBAN\AppData\Local\Android\Sdk\platform-tools\adb.exe -P 5037 -s emulator-5554 shell appops set io.appium.settings android\:mock_location allow'
[debug] &amp#27;[35m[Logcat]&amp#27;[39m Starting logcat capture
[debug] &amp#27;[35m[UiAutomator2]&amp#27;[39m Forwarding UiAutomator2 Server port 6790 to 8216
[debug] &amp#27;[35m[ADB]&amp#27;[39m Forwarding system: 8216 to device: 6790
[debug] &amp#27;[35m[ADB]&amp#27;[39m Running 'C:\Users\ANANTHAROOBAN\AppData\Local\Android\Sdk\platform-tools\adb.exe -P 5037 -s emulator-5554 forward tcp\:8216 tcp\:6790'
[debug] &amp#27;[35m[ADB]&amp#27;[39m Getting install status for io.appium.uiautomator2.server
[debug] &amp#27;[35m[ADB]&amp#27;[39m Running 'C:\Users\ANANTHAROOBAN\AppData\Local\Android\Sdk\platform-tools\adb.exe -P 5037 -s emulator-5554 shell dumpsys package io.appium.uiautomator2.server'
[debug] &amp#27;[35m[ADB]&amp#27;[39m 'io.appium.uiautomator2.server' is installed
[debug] &amp#27;[35m[ADB]&amp#27;[39m Getting package info for 'io.appium.uiautomator2.server'
[debug] &amp#27;[35m[ADB]&amp#27;[39m Running 'C:\Users\ANANTHAROOBAN\AppData\Local\Android\Sdk\platform-tools\adb.exe -P 5037 -s emulator-5554 shell dumpsys package io.appium.uiautomator2.server'
[debug] &amp#27;[35m[ADB]&amp#27;[39m The version name of the installed 'io.appium.uiautomator2.server' is greater or equal to the application version name ('4.5.5' >= '4.5.5')
[debug] &amp#27;[35m[UiAutomator2]&amp#27;[39m io.appium.uiautomator2.server installation state: sameVersionInstalled
[debug] &amp#27;[35m[ADB]&amp#27;[39m Checking app cert for C:\Users\ANANTHAROOBAN\AppData\Roaming\npm\node_modules\appium\node_modules\appium-uiautomator2-server\apks\appium-uiautomator2-server-v4.5.5.apk
&amp#27;[35m[ADB]&amp#27;[39m Using 'apksigner.jar' from 'C:\Users\ANANTHAROOBAN\AppData\Local\Android\Sdk\build-tools\29.0.3\lib\apksigner.jar'
[debug] &amp#27;[35m[ADB]&amp#27;[39m Starting apksigner: 'C:\\Program Files\\Java\\jdk1.8.0_241\\bin\\java.exe' -Xmx1024M -Xss1m -jar C:\\Users\\ANANTHAROOBAN\\AppData\\Local\\Android\\Sdk\\build-tools\\29.0.3\\lib\\apksigner.jar verify --print-certs C:\\Users\\ANANTHAROOBAN\\AppData\\Roaming\\npm\\node_modules\\appium\\node_modules\\appium-uiautomator2-server\\apks\\appium-uiautomator2-server-v4.5.5.apk
[debug] &amp#27;[35m[ADB]&amp#27;[39m apksigner stdout: Signer #1 certificate DN: EMAILADDRESS=android@android.com, CN=Android, OU=Android, O=Android, L=Mountain View, ST=California, C=US
[debug] &amp#27;[35m[ADB]&amp#27;[39m Signer #1 certificate SHA-256 digest: a40da80a59d170caa950cf15c18c454d47a39b26989d8b640ecd745ba71bf5dc
[debug] &amp#27;[35m[ADB]&amp#27;[39m Signer #1 certificate SHA-1 digest: 61ed377e85d386a8dfee6b864bd85b0bfaa5af81
[debug] &amp#27;[35m[ADB]&amp#27;[39m Signer #1 certificate MD5 digest: e89b158e4bcf988ebd09eb83f5378e87
[debug] &amp#27;[35m[ADB]&amp#27;[39m 
[debug] &amp#27;[35m[ADB]&amp#27;[39m 'C:\Users\ANANTHAROOBAN\AppData\Roaming\npm\node_modules\appium\node_modules\appium-uiautomator2-server\apks\appium-uiautomator2-server-v4.5.5.apk' is signed with the default certificate
[debug] &amp#27;[35m[ADB]&amp#27;[39m Getting install status for io.appium.uiautomator2.server.test
[debug] &amp#27;[35m[ADB]&amp#27;[39m Running 'C:\Users\ANANTHAROOBAN\AppData\Local\Android\Sdk\platform-tools\adb.exe -P 5037 -s emulator-5554 shell dumpsys package io.appium.uiautomator2.server.test'
[debug] &amp#27;[35m[ADB]&amp#27;[39m 'io.appium.uiautomator2.server.test' is installed
[debug] &amp#27;[35m[ADB]&amp#27;[39m Checking app cert for C:\Users\ANANTHAROOBAN\AppData\Roaming\npm\node_modules\appium\node_modules\appium-uiautomator2-server\apks\appium-uiautomator2-server-debug-androidTest.apk
[debug] &amp#27;[35m[ADB]&amp#27;[39m Starting apksigner: 'C:\\Program Files\\Java\\jdk1.8.0_241\\bin\\java.exe' -Xmx1024M -Xss1m -jar C:\\Users\\ANANTHAROOBAN\\AppData\\Local\\Android\\Sdk\\build-tools\\29.0.3\\lib\\apksigner.jar verify --print-certs C:\\Users\\ANANTHAROOBAN\\AppData\\Roaming\\npm\\node_modules\\appium\\node_modules\\appium-uiautomator2-server\\apks\\appium-uiautomator2-server-debug-androidTest.apk
[debug] &amp#27;[35m[ADB]&amp#27;[39m apksigner stdout: Signer #1 certificate DN: EMAILADDRESS=android@android.com, CN=Android, OU=Android, O=Android, L=Mountain View, ST=California, C=US
[debug] &amp#27;[35m[ADB]&amp#27;[39m Signer #1 certificate SHA-256 digest: a40da80a59d170caa950cf15c18c454d47a39b26989d8b640ecd745ba71bf5dc
[debug] &amp#27;[35m[ADB]&amp#27;[39m Signer #1 certificate SHA-1 digest: 61ed377e85d386a8dfee6b864bd85b0bfaa5af81
[debug] &amp#27;[35m[ADB]&amp#27;[39m Signer #1 certificate MD5 digest: e89b158e4bcf988ebd09eb83f5378e87
[debug] &amp#27;[35m[ADB]&amp#27;[39m 
[debug] &amp#27;[35m[ADB]&amp#27;[39m 'C:\Users\ANANTHAROOBAN\AppData\Roaming\npm\node_modules\appium\node_modules\appium-uiautomator2-server\apks\appium-uiautomator2-server-debug-androidTest.apk' is signed with the default certificate
&amp#27;[35m[UiAutomator2]&amp#27;[39m Server packages are not going to be (re)installed
[debug] &amp#27;[35m[UiAutomator2]&amp#27;[39m Waiting up to 30000ms for services to be available
[debug] &amp#27;[35m[ADB]&amp#27;[39m Running 'C:\Users\ANANTHAROOBAN\AppData\Local\Android\Sdk\platform-tools\adb.exe -P 5037 -s emulator-5554 shell pm list instrumentation'
[debug] &amp#27;[35m[UiAutomator2]&amp#27;[39m Instrumentation target 'io.appium.uiautomator2.server.test/androidx.test.runner.AndroidJUnitRunner' is available
[debug] &amp#27;[35m[ADB]&amp#27;[39m Checking app cert for D:\AppiumTutorial\Projects\AppiumFramework\src\original.apk
[debug] &amp#27;[35m[ADB]&amp#27;[39m Starting apksigner: 'C:\\Program Files\\Java\\jdk1.8.0_241\\bin\\java.exe' -Xmx1024M -Xss1m -jar C:\\Users\\ANANTHAROOBAN\\AppData\\Local\\Android\\Sdk\\build-tools\\29.0.3\\lib\\apksigner.jar verify --print-certs D:\\AppiumTutorial\\Projects\\AppiumFramework\\src\\original.apk
[debug] &amp#27;[35m[ADB]&amp#27;[39m apksigner stdout: Signer #1 certificate DN: EMAILADDRESS=android@android.com, CN=Android, OU=Android, O=Android, L=Mountain View, ST=California, C=US
[debug] &amp#27;[35m[ADB]&amp#27;[39m Signer #1 certificate SHA-256 digest: a40da80a59d170caa950cf15c18c454d47a39b26989d8b640ecd745ba71bf5dc
[debug] &amp#27;[35m[ADB]&amp#27;[39m Signer #1 certificate SHA-1 digest: 61ed377e85d386a8dfee6b864bd85b0bfaa5af81
[debug] &amp#27;[35m[ADB]&amp#27;[39m Signer #1 certificate MD5 digest: e89b158e4bcf988ebd09eb83f5378e87
[debug] &amp#27;[35m[ADB]&amp#27;[39m 
[debug] &amp#27;[35m[ADB]&amp#27;[39m 'D:\AppiumTutorial\Projects\AppiumFramework\src\original.apk' is signed with the default certificate
[debug] &amp#27;[35m[ADB]&amp#27;[39m Getting install status for io.appium.android.apis
[debug] &amp#27;[35m[ADB]&amp#27;[39m Running 'C:\Users\ANANTHAROOBAN\AppData\Local\Android\Sdk\platform-tools\adb.exe -P 5037 -s emulator-5554 shell dumpsys package io.appium.android.apis'
[debug] &amp#27;[35m[ADB]&amp#27;[39m 'io.appium.android.apis' is installed
[debug] &amp#27;[35m[ADB]&amp#27;[39m Getting package info for 'io.appium.android.apis'
[debug] &amp#27;[35m[ADB]&amp#27;[39m Running 'C:\Users\ANANTHAROOBAN\AppData\Local\Android\Sdk\platform-tools\adb.exe -P 5037 -s emulator-5554 shell dumpsys package io.appium.android.apis'
&amp#27;[35m[ADB]&amp#27;[39m Cannot read version codes of 'D:\AppiumTutorial\Projects\AppiumFramework\src\original.apk' and/or 'io.appium.android.apis'
&amp#27;[35m[ADB]&amp#27;[39m Cannot read version names of 'D:\AppiumTutorial\Projects\AppiumFramework\src\original.apk' and/or 'io.appium.android.apis'
[debug] &amp#27;[35m[ADB]&amp#27;[39m The current install state of 'D:\AppiumTutorial\Projects\AppiumFramework\src\original.apk' is unknown. Installing anyway
[debug] &amp#27;[35m[ADB]&amp#27;[39m Running 'C:\Users\ANANTHAROOBAN\AppData\Local\Android\Sdk\platform-tools\adb.exe -P 5037 -s emulator-5554 help'
[debug] &amp#27;[35m[ADB]&amp#27;[39m Running 'C:\Users\ANANTHAROOBAN\AppData\Local\Android\Sdk\platform-tools\adb.exe -P 5037 -s emulator-5554 features'
&amp#27;[35m[ADB]&amp#27;[39m The application at 'D:\AppiumTutorial\Projects\AppiumFramework\src\original.apk' will not be cached, because the device under test has confirmed the support of streamed installs
[debug] &amp#27;[35m[ADB]&amp#27;[39m Running 'C:\Users\ANANTHAROOBAN\AppData\Local\Android\Sdk\platform-tools\adb.exe -P 5037 -s emulator-5554 install -r D:\\AppiumTutorial\\Projects\\AppiumFramework\\src\\original.apk'
&amp#27;[35m[ADB]&amp#27;[39m The installation of 'original.apk' took 619ms
[debug] &amp#27;[35m[ADB]&amp#27;[39m Install command stdout: Performing Streamed Install
[debug] &amp#27;[35m[ADB]&amp#27;[39m Success
&amp#27;[35m[AndroidDriver]&amp#27;[39m Performing fast reset on 'io.appium.android.apis'
[debug] &amp#27;[35m[ADB]&amp#27;[39m Getting install status for io.appium.android.apis
[debug] &amp#27;[35m[ADB]&amp#27;[39m Running 'C:\Users\ANANTHAROOBAN\AppData\Local\Android\Sdk\platform-tools\adb.exe -P 5037 -s emulator-5554 shell dumpsys package io.appium.android.apis'
[debug] &amp#27;[35m[ADB]&amp#27;[39m 'io.appium.android.apis' is installed
[debug] &amp#27;[35m[ADB]&amp#27;[39m Running 'C:\Users\ANANTHAROOBAN\AppData\Local\Android\Sdk\platform-tools\adb.exe -P 5037 -s emulator-5554 shell am force-stop io.appium.android.apis'
[debug] &amp#27;[35m[ADB]&amp#27;[39m Running 'C:\Users\ANANTHAROOBAN\AppData\Local\Android\Sdk\platform-tools\adb.exe -P 5037 -s emulator-5554 shell pm clear io.appium.android.apis'
[debug] &amp#27;[35m[AndroidDriver]&amp#27;[39m Performed fast reset on the installed 'io.appium.android.apis' application (stop and clear)
[debug] &amp#27;[35m[UiAutomator2]&amp#27;[39m Performing shallow cleanup of automation leftovers
[debug] &amp#27;[35m[UiAutomator2]&amp#27;[39m The following obsolete sessions are still running: ["d67f93d4-068a-4627-a64d-e0d2787506f4"]
[debug] &amp#27;[35m[UiAutomator2]&amp#27;[39m Cleaning up the obsolete sessions
[debug] &amp#27;[35m[ADB]&amp#27;[39m Running 'C:\Users\ANANTHAROOBAN\AppData\Local\Android\Sdk\platform-tools\adb.exe -P 5037 -s emulator-5554 shell am force-stop io.appium.uiautomator2.server.test'
&amp#27;[35m[UiAutomator2]&amp#27;[39m Starting UIAutomator2 server 4.5.5
&amp#27;[35m[UiAutomator2]&amp#27;[39m Using UIAutomator2 server from 'C:\Users\ANANTHAROOBAN\AppData\Roaming\npm\node_modules\appium\node_modules\appium-uiautomator2-server\apks\appium-uiautomator2-server-v4.5.5.apk' and test from 'C:\Users\ANANTHAROOBAN\AppData\Roaming\npm\node_modules\appium\node_modules\appium-uiautomator2-server\apks\appium-uiautomator2-server-debug-androidTest.apk'
&amp#27;[35m[UiAutomator2]&amp#27;[39m Waiting up to 30000ms for UiAutomator2 to be online...
[debug] &amp#27;[35m[ADB]&amp#27;[39m Creating ADB subprocess with args: ["-P",5037,"-s","emulator-5554","shell","am","instrument","-w","io.appium.uiautomator2.server.test/androidx.test.runner.AndroidJUnitRunner"]
[debug] &amp#27;[35m[Instrumentation]&amp#27;[39m io.appium.uiautomator2.server.test.AppiumUiAutomator2Server:
[debug] &amp#27;[35m[WD Proxy]&amp#27;[39m Matched '/status' to command name 'getStatus'
[debug] &amp#27;[35m[WD Proxy]&amp#27;[39m Proxying [GET /status] to [GET http://127.0.0.1:8216/wd/hub/status] with no body
&amp#27;[35m[WD Proxy]&amp#27;[39m Got response with unknown status: {"code":"ECONNRESET"}
[debug] &amp#27;[35m[WD Proxy]&amp#27;[39m Matched '/status' to command name 'getStatus'
[debug] &amp#27;[35m[WD Proxy]&amp#27;[39m Proxying [GET /status] to [GET http://127.0.0.1:8216/wd/hub/status] with no body
&amp#27;[35m[WD Proxy]&amp#27;[39m Got response with unknown status: {"code":"ECONNRESET"}
[debug] &amp#27;[35m[WD Proxy]&amp#27;[39m Matched '/status' to command name 'getStatus'
[debug] &amp#27;[35m[WD Proxy]&amp#27;[39m Proxying [GET /status] to [GET http://127.0.0.1:8216/wd/hub/status] with no body
[debug] &amp#27;[35m[WD Proxy]&amp#27;[39m Got response with status 200: {"sessionId":"None","value":{"ready":true,"message":"UiAutomator2 Server is ready to accept commands"}}
[debug] &amp#27;[35m[UiAutomator2]&amp#27;[39m The initialization of the instrumentation process took 3122ms
[debug] &amp#27;[35m[WD Proxy]&amp#27;[39m Matched '/session' to command name 'createSession'
[debug] &amp#27;[35m[WD Proxy]&amp#27;[39m Proxying [POST /session] to [POST http://127.0.0.1:8216/wd/hub/session] with body: {"capabilities":{"firstMatch":[{"platform":"LINUX","webStorageEnabled":false,"takesScreenshot":true,"javascriptEnabled":true,"databaseEnabled":false,"networkConnectionEnabled":true,"locationContextEnabled":false,"warnings":{},"desired":{"platformName":"android","app":"D:\\AppiumTutorial\\Projects\\AppiumFramework\\src\\original.apk","automationName":"Uiautomator2","chromedriverExecutable":"D:\\AppiumTutorial\\Projects\\Introduction\\BrowserDriver\\Google\\chromedriver.exe","deviceName":"Nexus5XPie9Emulator","newCommandTimeout":15},"platformName":"android","app":"D:\\AppiumTutorial\\Projects\\AppiumFramework\\src\\original.apk","automationName":"Uiautomator2","chromedriverExecutable":"D:\\AppiumTutorial\\Projects\\Introduction\\BrowserDriver\\Google\\chromedriver.exe","deviceName":"emulator-5554","newCommandTimeout":15,"deviceUDID":"emulator-5554","appPackage":"io.appium.android.apis"}],"alwaysMatch":{}}}
[debug] &amp#27;[35m[WD Proxy]&amp#27;[39m Got response with status 200: {"sessionId":"136acf6a-0576-4e68-ac4f-909dfaef9592","value":{"sessionId":"136acf6a-0576-4e68-ac4f-909dfaef9592","capabilities":{"firstMatch":[{"platform":"LINUX","webStorageEnabled":false,"takesScreenshot":true,"javascriptEnabled":true,"databaseEnabled":false,"networkConnectionEnabled":true,"locationContextEnabled":false,"warnings":{},"desired":{"platformName":"android","app":"D:\\AppiumTutorial\\Projects\\AppiumFramework\\src\\original.apk","automationName":"Uiautomator2","chromedriverExecutable":"D:\\AppiumTutorial\\Projects\\Introduction\\BrowserDriver\\Google\\chromedriver.exe","deviceName":"Nexus5XPie9Emulator","newCommandTimeout":15},"platformName":"android","app":"D:\\AppiumTutorial\\Projects\\AppiumFramework\\src\\original.apk","automationName":"Uiautomator2","chromedriverExecutable":"D:\\AppiumTutorial\\Projects\\Introduction\\BrowserDriver\\Google\\chromedriver.exe","deviceName":"emulator-5554","newCommandTimeout":15,"deviceUDID":"emulator-5554","appPackage":"io.appium.android.apis"}],"alwaysMatc...
&amp#27;[35m[WD Proxy]&amp#27;[39m Determined the downstream protocol as 'W3C'
[debug] &amp#27;[35m[WD Proxy]&amp#27;[39m Proxying [GET /appium/device/info] to [GET http://127.0.0.1:8216/wd/hub/session/136acf6a-0576-4e68-ac4f-909dfaef9592/appium/device/info] with no body
[debug] &amp#27;[35m[WD Proxy]&amp#27;[39m Got response with status 200: {"sessionId":"136acf6a-0576-4e68-ac4f-909dfaef9592","value":{"androidId":"bd81ae029876c0c2","manufacturer":"Google","model":"AOSP on IA Emulator","brand":"google","apiVersion":"28","platformVersion":"9","carrierName":"Android","realDisplaySize":"1080x1920","displayDensity":420,"networks":[{"type":1,"typeName":"WIFI","subtype":0,"subtypeName":"","isConnected":true,"detailedState":"CONNECTED","state":"CONNECTED","extraInfo":null,"isAvailable":true,"isFailover":false,"isRoaming":false,"capabilities":{"transportTypes":"TRANSPORT_WIFI","networkCapabilities":"NET_CAPABILITY_NOT_METERED,NET_CAPABILITY_INTERNET,NET_CAPABILITY_NOT_RESTRICTED,NET_CAPABILITY_TRUSTED,NET_CAPABILITY_NOT_VPN,NET_CAPABILITY_VALIDATED,NET_CAPABILITY_NOT_ROAMING,NET_CAPABILITY_FOREGROUND,NET_CAPABILITY_NOT_CONGESTED,NET_CAPABILITY_NOT_SUSPENDED","linkUpstreamBandwidthKbps":1048576,"linkDownBandwidthKbps":1048576,"signalStrength":-50,"networkSpecifier":null,"SSID":null}},{"type":0,"typeName":"MOBILE","subtype":13,"subtypeName":"LTE","isConn...
[debug] &amp#27;[35m[ADB]&amp#27;[39m Running 'C:\Users\ANANTHAROOBAN\AppData\Local\Android\Sdk\platform-tools\adb.exe -P 5037 -s emulator-5554 shell dumpsys window'
&amp#27;[35m[AndroidDriver]&amp#27;[39m Screen already unlocked, doing nothing
&amp#27;[35m[UiAutomator2]&amp#27;[39m Starting 'io.appium.android.apis/ApiDemos and waiting for 'io.appium.android.apis/ApiDemos'
[debug] &amp#27;[35m[ADB]&amp#27;[39m Running 'C:\Users\ANANTHAROOBAN\AppData\Local\Android\Sdk\platform-tools\adb.exe -P 5037 -s emulator-5554 shell am start -W -n io.appium.android.apis/ApiDemos -S -a android.intent.action.MAIN -c android.intent.category.LAUNCHER -f 0x10200000'
[debug] &amp#27;[35m[ADB]&amp#27;[39m We tried to start an activity that doesn't exist, retrying with '.ApiDemos' activity name
[debug] &amp#27;[35m[ADB]&amp#27;[39m Running 'C:\Users\ANANTHAROOBAN\AppData\Local\Android\Sdk\platform-tools\adb.exe -P 5037 -s emulator-5554 shell am start -W -n io.appium.android.apis/.ApiDemos -S -a android.intent.action.MAIN -c android.intent.category.LAUNCHER -f 0x10200000'
[debug] &amp#27;[35m[ADB]&amp#27;[39m Waiting up to 20000ms for activity matching pkg: 'io.appium.android.apis' and activity: 'ApiDemos' to be focused
[debug] &amp#27;[35m[ADB]&amp#27;[39m Possible activities, to be checked: 'ApiDemos', 'io.appium.android.apis.ApiDemos'
[debug] &amp#27;[35m[ADB]&amp#27;[39m Getting focused package and activity
[debug] &amp#27;[35m[ADB]&amp#27;[39m Running 'C:\Users\ANANTHAROOBAN\AppData\Local\Android\Sdk\platform-tools\adb.exe -P 5037 -s emulator-5554 shell dumpsys window windows'
[debug] &amp#27;[35m[ADB]&amp#27;[39m Found package: 'io.appium.android.apis' and fully qualified activity name : 'io.appium.android.apis.ApiDemos'
[debug] &amp#27;[35m[WD Proxy]&amp#27;[39m Proxying [GET /appium/device/pixel_ratio] to [GET http://127.0.0.1:8216/wd/hub/session/136acf6a-0576-4e68-ac4f-909dfaef9592/appium/device/pixel_ratio] with body: {}
[debug] &amp#27;[35m[WD Proxy]&amp#27;[39m Got response with status 200: {"sessionId":"136acf6a-0576-4e68-ac4f-909dfaef9592","value":2.625}
[debug] &amp#27;[35m[WD Proxy]&amp#27;[39m Matched '/appium/device/system_bars' to command name 'getSystemBars'
[debug] &amp#27;[35m[WD Proxy]&amp#27;[39m Proxying [GET /appium/device/system_bars] to [GET http://127.0.0.1:8216/wd/hub/session/136acf6a-0576-4e68-ac4f-909dfaef9592/appium/device/system_bars] with body: {}
[debug] &amp#27;[35m[WD Proxy]&amp#27;[39m Got response with status 200: {"sessionId":"136acf6a-0576-4e68-ac4f-909dfaef9592","value":{"statusBar":63}}
[debug] &amp#27;[35m[WD Proxy]&amp#27;[39m Matched '/window/current/size' to command name 'getWindowSize'
[debug] &amp#27;[35m[WD Proxy]&amp#27;[39m Proxying [GET /window/current/size] to [GET http://127.0.0.1:8216/wd/hub/session/136acf6a-0576-4e68-ac4f-909dfaef9592/window/current/size] with body: {}
[debug] &amp#27;[35m[WD Proxy]&amp#27;[39m Got response with status 200: {"sessionId":"136acf6a-0576-4e68-ac4f-909dfaef9592","value":{"height":1794,"width":1080}}
&amp#27;[35m[Appium]&amp#27;[39m New AndroidUiautomator2Driver session created successfully, session ff74bb2a-aef6-426f-929d-7e4633800f8c added to master session list
[debug] &amp#27;[35m[BaseDriver]&amp#27;[39m Event 'newSessionStarted' logged at 1592836622743 (22:37:02 GMT+0800 (Malaysia Time))
[debug] &amp#27;[35m[W3C (ff74bb2a)]&amp#27;[39m Cached the protocol value 'W3C' for the new session ff74bb2a-aef6-426f-929d-7e4633800f8c
[debug] &amp#27;[35m[W3C (ff74bb2a)]&amp#27;[39m Responding to client with driver.createSession() result: {"capabilities":{"platform":"LINUX","webStorageEnabled":false,"takesScreenshot":true,"javascriptEnabled":true,"databaseEnabled":false,"networkConnectionEnabled":true,"locationContextEnabled":false,"warnings":{},"desired":{"platformName":"android","app":"D:\\AppiumTutorial\\Projects\\AppiumFramework\\src\\original.apk","automationName":"Uiautomator2","chromedriverExecutable":"D:\\AppiumTutorial\\Projects\\Introduction\\BrowserDriver\\Google\\chromedriver.exe","deviceName":"Nexus5XPie9Emulator","newCommandTimeout":15},"platformName":"android","app":"D:\\AppiumTutorial\\Projects\\AppiumFramework\\src\\original.apk","automationName":"Uiautomator2","chromedriverExecutable":"D:\\AppiumTutorial\\Projects\\Introduction\\BrowserDriver\\Google\\chromedriver.exe","deviceName":"emulator-5554","newCommandTimeout":15,"deviceUDID":"emulator-5554","appPackage":"io.appium.android.apis","deviceApiLevel":28,"platformVersion":"9","deviceScreenSize":"1080x1920","deviceScreenDensity":420,"deviceModel":"AOSP on IA Emulator","dev...
&amp#27;[35m[HTTP]&amp#27;[39m &amp#27;[37m<-- POST /wd/hub/session &amp#27;[39m&amp#27;[32m200&amp#27;[39m &amp#27;[90m10634 ms - 1209&amp#27;[39m
&amp#27;[35m[HTTP]&amp#27;[39m &amp#27;[90m&amp#27;[39m
&amp#27;[35m[HTTP]&amp#27;[39m &amp#27;[37m-->&amp#27;[39m &amp#27;[37mGET&amp#27;[39m &amp#27;[37m/wd/hub/session/ff74bb2a-aef6-426f-929d-7e4633800f8c&amp#27;[39m
&amp#27;[35m[HTTP]&amp#27;[39m &amp#27;[90m{}&amp#27;[39m
[debug] &amp#27;[35m[W3C (ff74bb2a)]&amp#27;[39m Calling AppiumDriver.getSession() with args: ["ff74bb2a-aef6-426f-929d-7e4633800f8c"]
[debug] &amp#27;[35m[UiAutomator2]&amp#27;[39m Getting session details from server to mix in
[debug] &amp#27;[35m[WD Proxy]&amp#27;[39m Matched '/' to command name 'getSession'
[debug] &amp#27;[35m[WD Proxy]&amp#27;[39m Proxying [GET /] to [GET http://127.0.0.1:8216/wd/hub/session/136acf6a-0576-4e68-ac4f-909dfaef9592] with body: {}
[debug] &amp#27;[35m[WD Proxy]&amp#27;[39m Got response with status 200: {"sessionId":"136acf6a-0576-4e68-ac4f-909dfaef9592","value":{}}
[debug] &amp#27;[35m[W3C (ff74bb2a)]&amp#27;[39m Responding to client with driver.getSession() result: {"platform":"LINUX","webStorageEnabled":false,"takesScreenshot":true,"javascriptEnabled":true,"databaseEnabled":false,"networkConnectionEnabled":true,"locationContextEnabled":false,"warnings":{},"desired":{"platformName":"android","app":"D:\\AppiumTutorial\\Projects\\AppiumFramework\\src\\original.apk","automationName":"Uiautomator2","chromedriverExecutable":"D:\\AppiumTutorial\\Projects\\Introduction\\BrowserDriver\\Google\\chromedriver.exe","deviceName":"Nexus5XPie9Emulator","newCommandTimeout":15},"platformName":"android","app":"D:\\AppiumTutorial\\Projects\\AppiumFramework\\src\\original.apk","automationName":"Uiautomator2","chromedriverExecutable":"D:\\AppiumTutorial\\Projects\\Introduction\\BrowserDriver\\Google\\chromedriver.exe","deviceName":"emulator-5554","newCommandTimeout":15,"deviceUDID":"emulator-5554","appPackage":"io.appium.android.apis","deviceApiLevel":28,"platformVersion":"9","deviceScreenSize":"1080x1920","deviceScreenDensity":420,"deviceModel":"AOSP on IA Emulator","deviceManufacturer"...
&amp#27;[35m[HTTP]&amp#27;[39m &amp#27;[37m<-- GET /wd/hub/session/ff74bb2a-aef6-426f-929d-7e4633800f8c &amp#27;[39m&amp#27;[32m200&amp#27;[39m &amp#27;[90m12 ms - 1141&amp#27;[39m
&amp#27;[35m[HTTP]&amp#27;[39m &amp#27;[90m&amp#27;[39m
&amp#27;[35m[HTTP]&amp#27;[39m &amp#27;[37m-->&amp#27;[39m &amp#27;[37mGET&amp#27;[39m &amp#27;[37m/wd/hub/session/ff74bb2a-aef6-426f-929d-7e4633800f8c&amp#27;[39m
&amp#27;[35m[HTTP]&amp#27;[39m &amp#27;[90m{}&amp#27;[39m
[debug] &amp#27;[35m[W3C (ff74bb2a)]&amp#27;[39m Calling AppiumDriver.getSession() with args: ["ff74bb2a-aef6-426f-929d-7e4633800f8c"]
[debug] &amp#27;[35m[UiAutomator2]&amp#27;[39m Getting session details from server to mix in
[debug] &amp#27;[35m[WD Proxy]&amp#27;[39m Matched '/' to command name 'getSession'
[debug] &amp#27;[35m[WD Proxy]&amp#27;[39m Proxying [GET /] to [GET http://127.0.0.1:8216/wd/hub/session/136acf6a-0576-4e68-ac4f-909dfaef9592] with body: {}
[debug] &amp#27;[35m[WD Proxy]&amp#27;[39m Got response with status 200: {"sessionId":"136acf6a-0576-4e68-ac4f-909dfaef9592","value":{}}
[debug] &amp#27;[35m[W3C (ff74bb2a)]&amp#27;[39m Responding to client with driver.getSession() result: {"platform":"LINUX","webStorageEnabled":false,"takesScreenshot":true,"javascriptEnabled":true,"databaseEnabled":false,"networkConnectionEnabled":true,"locationContextEnabled":false,"warnings":{},"desired":{"platformName":"android","app":"D:\\AppiumTutorial\\Projects\\AppiumFramework\\src\\original.apk","automationName":"Uiautomator2","chromedriverExecutable":"D:\\AppiumTutorial\\Projects\\Introduction\\BrowserDriver\\Google\\chromedriver.exe","deviceName":"Nexus5XPie9Emulator","newCommandTimeout":15},"platformName":"android","app":"D:\\AppiumTutorial\\Projects\\AppiumFramework\\src\\original.apk","automationName":"Uiautomator2","chromedriverExecutable":"D:\\AppiumTutorial\\Projects\\Introduction\\BrowserDriver\\Google\\chromedriver.exe","deviceName":"emulator-5554","newCommandTimeout":15,"deviceUDID":"emulator-5554","appPackage":"io.appium.android.apis","deviceApiLevel":28,"platformVersion":"9","deviceScreenSize":"1080x1920","deviceScreenDensity":420,"deviceModel":"AOSP on IA Emulator","deviceManufacturer"...
&amp#27;[35m[HTTP]&amp#27;[39m &amp#27;[37m<-- GET /wd/hub/session/ff74bb2a-aef6-426f-929d-7e4633800f8c &amp#27;[39m&amp#27;[32m200&amp#27;[39m &amp#27;[90m10 ms - 1141&amp#27;[39m
&amp#27;[35m[HTTP]&amp#27;[39m &amp#27;[90m&amp#27;[39m
&amp#27;[35m[HTTP]&amp#27;[39m &amp#27;[37m-->&amp#27;[39m &amp#27;[37mPOST&amp#27;[39m &amp#27;[37m/wd/hub/session/ff74bb2a-aef6-426f-929d-7e4633800f8c/timeouts&amp#27;[39m
&amp#27;[35m[HTTP]&amp#27;[39m &amp#27;[90m{"implicit":10000}&amp#27;[39m
[debug] &amp#27;[35m[W3C (ff74bb2a)]&amp#27;[39m Calling AppiumDriver.timeouts() with args: [null,null,null,null,10000,"ff74bb2a-aef6-426f-929d-7e4633800f8c"]
[debug] &amp#27;[35m[BaseDriver]&amp#27;[39m W3C timeout argument: {"implicit":10000}}
[debug] &amp#27;[35m[BaseDriver]&amp#27;[39m Set implicit wait to 10000ms
[debug] &amp#27;[35m[W3C (ff74bb2a)]&amp#27;[39m Responding to client with driver.timeouts() result: null
&amp#27;[35m[HTTP]&amp#27;[39m &amp#27;[37m<-- POST /wd/hub/session/ff74bb2a-aef6-426f-929d-7e4633800f8c/timeouts &amp#27;[39m&amp#27;[32m200&amp#27;[39m &amp#27;[90m6 ms - 14&amp#27;[39m
&amp#27;[35m[HTTP]&amp#27;[39m &amp#27;[90m&amp#27;[39m
&amp#27;[35m[HTTP]&amp#27;[39m &amp#27;[37m-->&amp#27;[39m &amp#27;[37mGET&amp#27;[39m &amp#27;[37m/wd/hub/session/ff74bb2a-aef6-426f-929d-7e4633800f8c&amp#27;[39m
&amp#27;[35m[HTTP]&amp#27;[39m &amp#27;[90m{}&amp#27;[39m
[debug] &amp#27;[35m[W3C (ff74bb2a)]&amp#27;[39m Calling AppiumDriver.getSession() with args: ["ff74bb2a-aef6-426f-929d-7e4633800f8c"]
[debug] &amp#27;[35m[UiAutomator2]&amp#27;[39m Getting session details from server to mix in
[debug] &amp#27;[35m[WD Proxy]&amp#27;[39m Matched '/' to command name 'getSession'
[debug] &amp#27;[35m[WD Proxy]&amp#27;[39m Proxying [GET /] to [GET http://127.0.0.1:8216/wd/hub/session/136acf6a-0576-4e68-ac4f-909dfaef9592] with body: {}
[debug] &amp#27;[35m[WD Proxy]&amp#27;[39m Got response with status 200: {"sessionId":"136acf6a-0576-4e68-ac4f-909dfaef9592","value":{}}
[debug] &amp#27;[35m[W3C (ff74bb2a)]&amp#27;[39m Responding to client with driver.getSession() result: {"platform":"LINUX","webStorageEnabled":false,"takesScreenshot":true,"javascriptEnabled":true,"databaseEnabled":false,"networkConnectionEnabled":true,"locationContextEnabled":false,"warnings":{},"desired":{"platformName":"android","app":"D:\\AppiumTutorial\\Projects\\AppiumFramework\\src\\original.apk","automationName":"Uiautomator2","chromedriverExecutable":"D:\\AppiumTutorial\\Projects\\Introduction\\BrowserDriver\\Google\\chromedriver.exe","deviceName":"Nexus5XPie9Emulator","newCommandTimeout":15},"platformName":"android","app":"D:\\AppiumTutorial\\Projects\\AppiumFramework\\src\\original.apk","automationName":"Uiautomator2","chromedriverExecutable":"D:\\AppiumTutorial\\Projects\\Introduction\\BrowserDriver\\Google\\chromedriver.exe","deviceName":"emulator-5554","newCommandTimeout":15,"deviceUDID":"emulator-5554","appPackage":"io.appium.android.apis","deviceApiLevel":28,"platformVersion":"9","deviceScreenSize":"1080x1920","deviceScreenDensity":420,"deviceModel":"AOSP on IA Emulator","deviceManufacturer"...
&amp#27;[35m[HTTP]&amp#27;[39m &amp#27;[37m<-- GET /wd/hub/session/ff74bb2a-aef6-426f-929d-7e4633800f8c &amp#27;[39m&amp#27;[32m200&amp#27;[39m &amp#27;[90m11 ms - 1141&amp#27;[39m
&amp#27;[35m[HTTP]&amp#27;[39m &amp#27;[90m&amp#27;[39m
&amp#27;[35m[HTTP]&amp#27;[39m &amp#27;[37m-->&amp#27;[39m &amp#27;[37mGET&amp#27;[39m &amp#27;[37m/wd/hub/session/ff74bb2a-aef6-426f-929d-7e4633800f8c&amp#27;[39m
&amp#27;[35m[HTTP]&amp#27;[39m &amp#27;[90m{}&amp#27;[39m
[debug] &amp#27;[35m[W3C (ff74bb2a)]&amp#27;[39m Calling AppiumDriver.getSession() with args: ["ff74bb2a-aef6-426f-929d-7e4633800f8c"]
[debug] &amp#27;[35m[UiAutomator2]&amp#27;[39m Getting session details from server to mix in
[debug] &amp#27;[35m[WD Proxy]&amp#27;[39m Matched '/' to command name 'getSession'
[debug] &amp#27;[35m[WD Proxy]&amp#27;[39m Proxying [GET /] to [GET http://127.0.0.1:8216/wd/hub/session/136acf6a-0576-4e68-ac4f-909dfaef9592] with body: {}
[debug] &amp#27;[35m[WD Proxy]&amp#27;[39m Got response with status 200: {"sessionId":"136acf6a-0576-4e68-ac4f-909dfaef9592","value":{}}
[debug] &amp#27;[35m[W3C (ff74bb2a)]&amp#27;[39m Responding to client with driver.getSession() result: {"platform":"LINUX","webStorageEnabled":false,"takesScreenshot":true,"javascriptEnabled":true,"databaseEnabled":false,"networkConnectionEnabled":true,"locationContextEnabled":false,"warnings":{},"desired":{"platformName":"android","app":"D:\\AppiumTutorial\\Projects\\AppiumFramework\\src\\original.apk","automationName":"Uiautomator2","chromedriverExecutable":"D:\\AppiumTutorial\\Projects\\Introduction\\BrowserDriver\\Google\\chromedriver.exe","deviceName":"Nexus5XPie9Emulator","newCommandTimeout":15},"platformName":"android","app":"D:\\AppiumTutorial\\Projects\\AppiumFramework\\src\\original.apk","automationName":"Uiautomator2","chromedriverExecutable":"D:\\AppiumTutorial\\Projects\\Introduction\\BrowserDriver\\Google\\chromedriver.exe","deviceName":"emulator-5554","newCommandTimeout":15,"deviceUDID":"emulator-5554","appPackage":"io.appium.android.apis","deviceApiLevel":28,"platformVersion":"9","deviceScreenSize":"1080x1920","deviceScreenDensity":420,"deviceModel":"AOSP on IA Emulator","deviceManufacturer"...
&amp#27;[35m[HTTP]&amp#27;[39m &amp#27;[37m<-- GET /wd/hub/session/ff74bb2a-aef6-426f-929d-7e4633800f8c &amp#27;[39m&amp#27;[32m200&amp#27;[39m &amp#27;[90m12 ms - 1141&amp#27;[39m
&amp#27;[35m[HTTP]&amp#27;[39m &amp#27;[90m&amp#27;[39m
&amp#27;[35m[HTTP]&amp#27;[39m &amp#27;[37m-->&amp#27;[39m &amp#27;[37mGET&amp#27;[39m &amp#27;[37m/wd/hub/session/ff74bb2a-aef6-426f-929d-7e4633800f8c&amp#27;[39m
&amp#27;[35m[HTTP]&amp#27;[39m &amp#27;[90m{}&amp#27;[39m
[debug] &amp#27;[35m[W3C (ff74bb2a)]&amp#27;[39m Calling AppiumDriver.getSession() with args: ["ff74bb2a-aef6-426f-929d-7e4633800f8c"]
[debug] &amp#27;[35m[UiAutomator2]&amp#27;[39m Getting session details from server to mix in
[debug] &amp#27;[35m[WD Proxy]&amp#27;[39m Matched '/' to command name 'getSession'
[debug] &amp#27;[35m[WD Proxy]&amp#27;[39m Proxying [GET /] to [GET http://127.0.0.1:8216/wd/hub/session/136acf6a-0576-4e68-ac4f-909dfaef9592] with body: {}
[debug] &amp#27;[35m[WD Proxy]&amp#27;[39m Got response with status 200: {"sessionId":"136acf6a-0576-4e68-ac4f-909dfaef9592","value":{}}
[debug] &amp#27;[35m[W3C (ff74bb2a)]&amp#27;[39m Responding to client with driver.getSession() result: {"platform":"LINUX","webStorageEnabled":false,"takesScreenshot":true,"javascriptEnabled":true,"databaseEnabled":false,"networkConnectionEnabled":true,"locationContextEnabled":false,"warnings":{},"desired":{"platformName":"android","app":"D:\\AppiumTutorial\\Projects\\AppiumFramework\\src\\original.apk","automationName":"Uiautomator2","chromedriverExecutable":"D:\\AppiumTutorial\\Projects\\Introduction\\BrowserDriver\\Google\\chromedriver.exe","deviceName":"Nexus5XPie9Emulator","newCommandTimeout":15},"platformName":"android","app":"D:\\AppiumTutorial\\Projects\\AppiumFramework\\src\\original.apk","automationName":"Uiautomator2","chromedriverExecutable":"D:\\AppiumTutorial\\Projects\\Introduction\\BrowserDriver\\Google\\chromedriver.exe","deviceName":"emulator-5554","newCommandTimeout":15,"deviceUDID":"emulator-5554","appPackage":"io.appium.android.apis","deviceApiLevel":28,"platformVersion":"9","deviceScreenSize":"1080x1920","deviceScreenDensity":420,"deviceModel":"AOSP on IA Emulator","deviceManufacturer"...
&amp#27;[35m[HTTP]&amp#27;[39m &amp#27;[37m<-- GET /wd/hub/session/ff74bb2a-aef6-426f-929d-7e4633800f8c &amp#27;[39m&amp#27;[32m200&amp#27;[39m &amp#27;[90m10 ms - 1141&amp#27;[39m
&amp#27;[35m[HTTP]&amp#27;[39m &amp#27;[90m&amp#27;[39m
&amp#27;[35m[HTTP]&amp#27;[39m &amp#27;[37m-->&amp#27;[39m &amp#27;[37mGET&amp#27;[39m &amp#27;[37m/wd/hub/session/ff74bb2a-aef6-426f-929d-7e4633800f8c&amp#27;[39m
&amp#27;[35m[HTTP]&amp#27;[39m &amp#27;[90m{}&amp#27;[39m
[debug] &amp#27;[35m[W3C (ff74bb2a)]&amp#27;[39m Calling AppiumDriver.getSession() with args: ["ff74bb2a-aef6-426f-929d-7e4633800f8c"]
[debug] &amp#27;[35m[UiAutomator2]&amp#27;[39m Getting session details from server to mix in
[debug] &amp#27;[35m[WD Proxy]&amp#27;[39m Matched '/' to command name 'getSession'
[debug] &amp#27;[35m[WD Proxy]&amp#27;[39m Proxying [GET /] to [GET http://127.0.0.1:8216/wd/hub/session/136acf6a-0576-4e68-ac4f-909dfaef9592] with body: {}
[debug] &amp#27;[35m[WD Proxy]&amp#27;[39m Got response with status 200: {"sessionId":"136acf6a-0576-4e68-ac4f-909dfaef9592","value":{}}
[debug] &amp#27;[35m[W3C (ff74bb2a)]&amp#27;[39m Responding to client with driver.getSession() result: {"platform":"LINUX","webStorageEnabled":false,"takesScreenshot":true,"javascriptEnabled":true,"databaseEnabled":false,"networkConnectionEnabled":true,"locationContextEnabled":false,"warnings":{},"desired":{"platformName":"android","app":"D:\\AppiumTutorial\\Projects\\AppiumFramework\\src\\original.apk","automationName":"Uiautomator2","chromedriverExecutable":"D:\\AppiumTutorial\\Projects\\Introduction\\BrowserDriver\\Google\\chromedriver.exe","deviceName":"Nexus5XPie9Emulator","newCommandTimeout":15},"platformName":"android","app":"D:\\AppiumTutorial\\Projects\\AppiumFramework\\src\\original.apk","automationName":"Uiautomator2","chromedriverExecutable":"D:\\AppiumTutorial\\Projects\\Introduction\\BrowserDriver\\Google\\chromedriver.exe","deviceName":"emulator-5554","newCommandTimeout":15,"deviceUDID":"emulator-5554","appPackage":"io.appium.android.apis","deviceApiLevel":28,"platformVersion":"9","deviceScreenSize":"1080x1920","deviceScreenDensity":420,"deviceModel":"AOSP on IA Emulator","deviceManufacturer"...
&amp#27;[35m[HTTP]&amp#27;[39m &amp#27;[37m<-- GET /wd/hub/session/ff74bb2a-aef6-426f-929d-7e4633800f8c &amp#27;[39m&amp#27;[32m200&amp#27;[39m &amp#27;[90m23 ms - 1141&amp#27;[39m
&amp#27;[35m[HTTP]&amp#27;[39m &amp#27;[90m&amp#27;[39m
&amp#27;[35m[HTTP]&amp#27;[39m &amp#27;[37m-->&amp#27;[39m &amp#27;[37mGET&amp#27;[39m &amp#27;[37m/wd/hub/session/ff74bb2a-aef6-426f-929d-7e4633800f8c&amp#27;[39m
&amp#27;[35m[HTTP]&amp#27;[39m &amp#27;[90m{}&amp#27;[39m
[debug] &amp#27;[35m[W3C (ff74bb2a)]&amp#27;[39m Calling AppiumDriver.getSession() with args: ["ff74bb2a-aef6-426f-929d-7e4633800f8c"]
[debug] &amp#27;[35m[UiAutomator2]&amp#27;[39m Getting session details from server to mix in
[debug] &amp#27;[35m[WD Proxy]&amp#27;[39m Matched '/' to command name 'getSession'
[debug] &amp#27;[35m[WD Proxy]&amp#27;[39m Proxying [GET /] to [GET http://127.0.0.1:8216/wd/hub/session/136acf6a-0576-4e68-ac4f-909dfaef9592] with body: {}
[debug] &amp#27;[35m[WD Proxy]&amp#27;[39m Got response with status 200: {"sessionId":"136acf6a-0576-4e68-ac4f-909dfaef9592","value":{}}
[debug] &amp#27;[35m[W3C (ff74bb2a)]&amp#27;[39m Responding to client with driver.getSession() result: {"platform":"LINUX","webStorageEnabled":false,"takesScreenshot":true,"javascriptEnabled":true,"databaseEnabled":false,"networkConnectionEnabled":true,"locationContextEnabled":false,"warnings":{},"desired":{"platformName":"android","app":"D:\\AppiumTutorial\\Projects\\AppiumFramework\\src\\original.apk","automationName":"Uiautomator2","chromedriverExecutable":"D:\\AppiumTutorial\\Projects\\Introduction\\BrowserDriver\\Google\\chromedriver.exe","deviceName":"Nexus5XPie9Emulator","newCommandTimeout":15},"platformName":"android","app":"D:\\AppiumTutorial\\Projects\\AppiumFramework\\src\\original.apk","automationName":"Uiautomator2","chromedriverExecutable":"D:\\AppiumTutorial\\Projects\\Introduction\\BrowserDriver\\Google\\chromedriver.exe","deviceName":"emulator-5554","newCommandTimeout":15,"deviceUDID":"emulator-5554","appPackage":"io.appium.android.apis","deviceApiLevel":28,"platformVersion":"9","deviceScreenSize":"1080x1920","deviceScreenDensity":420,"deviceModel":"AOSP on IA Emulator","deviceManufacturer"...
&amp#27;[35m[HTTP]&amp#27;[39m &amp#27;[37m<-- GET /wd/hub/session/ff74bb2a-aef6-426f-929d-7e4633800f8c &amp#27;[39m&amp#27;[32m200&amp#27;[39m &amp#27;[90m11 ms - 1141&amp#27;[39m
&amp#27;[35m[HTTP]&amp#27;[39m &amp#27;[90m&amp#27;[39m
&amp#27;[35m[HTTP]&amp#27;[39m &amp#27;[37m-->&amp#27;[39m &amp#27;[37mPOST&amp#27;[39m &amp#27;[37m/wd/hub/session/ff74bb2a-aef6-426f-929d-7e4633800f8c/element&amp#27;[39m
&amp#27;[35m[HTTP]&amp#27;[39m &amp#27;[90m{"using":"xpath","value":"//android.widget.TextView[@content-desc='Preference']"}&amp#27;[39m
[debug] &amp#27;[35m[W3C (ff74bb2a)]&amp#27;[39m Calling AppiumDriver.findElement() with args: ["xpath","//android.widget.TextView[@content-desc='Preference']","ff74bb2a-aef6-426f-929d-7e4633800f8c"]
[debug] &amp#27;[35m[BaseDriver]&amp#27;[39m Valid locator strategies for this request: xpath, id, class name, accessibility id, -android uiautomator
[debug] &amp#27;[35m[BaseDriver]&amp#27;[39m Waiting up to 10000 ms for condition
[debug] &amp#27;[35m[WD Proxy]&amp#27;[39m Matched '/element' to command name 'findElement'
[debug] &amp#27;[35m[WD Proxy]&amp#27;[39m Proxying [POST /element] to [POST http://127.0.0.1:8216/wd/hub/session/136acf6a-0576-4e68-ac4f-909dfaef9592/element] with body: {"strategy":"xpath","selector":"//android.widget.TextView[@content-desc='Preference']","context":"","multiple":false}
[debug] &amp#27;[35m[WD Proxy]&amp#27;[39m Got response with status 200: {"sessionId":"136acf6a-0576-4e68-ac4f-909dfaef9592","value":{"ELEMENT":"621ac1fc-ee4e-4dc9-83a3-7fc62d5693b4","element-6066-11e4-a52e-4f735466cecf":"621ac1fc-ee4e-4dc9-83a3-7fc62d5693b4"}}
[debug] &amp#27;[35m[W3C (ff74bb2a)]&amp#27;[39m Responding to client with driver.findElement() result: {"element-6066-11e4-a52e-4f735466cecf":"621ac1fc-ee4e-4dc9-83a3-7fc62d5693b4","ELEMENT":"621ac1fc-ee4e-4dc9-83a3-7fc62d5693b4"}
&amp#27;[35m[HTTP]&amp#27;[39m &amp#27;[37m<-- POST /wd/hub/session/ff74bb2a-aef6-426f-929d-7e4633800f8c/element &amp#27;[39m&amp#27;[32m200&amp#27;[39m &amp#27;[90m490 ms - 137&amp#27;[39m
&amp#27;[35m[HTTP]&amp#27;[39m &amp#27;[90m&amp#27;[39m
&amp#27;[35m[HTTP]&amp#27;[39m &amp#27;[37m-->&amp#27;[39m &amp#27;[37mPOST&amp#27;[39m &amp#27;[37m/wd/hub/session/ff74bb2a-aef6-426f-929d-7e4633800f8c/element/621ac1fc-ee4e-4dc9-83a3-7fc62d5693b4/click&amp#27;[39m
&amp#27;[35m[HTTP]&amp#27;[39m &amp#27;[90m{"id":"621ac1fc-ee4e-4dc9-83a3-7fc62d5693b4"}&amp#27;[39m
[debug] &amp#27;[35m[W3C (ff74bb2a)]&amp#27;[39m Calling AppiumDriver.click() with args: ["621ac1fc-ee4e-4dc9-83a3-7fc62d5693b4","ff74bb2a-aef6-426f-929d-7e4633800f8c"]
[debug] &amp#27;[35m[WD Proxy]&amp#27;[39m Matched '/element/621ac1fc-ee4e-4dc9-83a3-7fc62d5693b4/click' to command name 'click'
[debug] &amp#27;[35m[WD Proxy]&amp#27;[39m Proxying [POST /element/621ac1fc-ee4e-4dc9-83a3-7fc62d5693b4/click] to [POST http://127.0.0.1:8216/wd/hub/session/136acf6a-0576-4e68-ac4f-909dfaef9592/element/621ac1fc-ee4e-4dc9-83a3-7fc62d5693b4/click] with body: {"element":"621ac1fc-ee4e-4dc9-83a3-7fc62d5693b4"}
[debug] &amp#27;[35m[WD Proxy]&amp#27;[39m Got response with status 200: {"sessionId":"136acf6a-0576-4e68-ac4f-909dfaef9592","value":null}
[debug] &amp#27;[35m[W3C (ff74bb2a)]&amp#27;[39m Responding to client with driver.click() result: null
&amp#27;[35m[HTTP]&amp#27;[39m &amp#27;[37m<-- POST /wd/hub/session/ff74bb2a-aef6-426f-929d-7e4633800f8c/element/621ac1fc-ee4e-4dc9-83a3-7fc62d5693b4/click &amp#27;[39m&amp#27;[32m200&amp#27;[39m &amp#27;[90m1175 ms - 14&amp#27;[39m
&amp#27;[35m[HTTP]&amp#27;[39m &amp#27;[90m&amp#27;[39m
&amp#27;[35m[HTTP]&amp#27;[39m &amp#27;[37m-->&amp#27;[39m &amp#27;[37mGET&amp#27;[39m &amp#27;[37m/wd/hub/session/ff74bb2a-aef6-426f-929d-7e4633800f8c&amp#27;[39m
&amp#27;[35m[HTTP]&amp#27;[39m &amp#27;[90m{}&amp#27;[39m
[debug] &amp#27;[35m[W3C (ff74bb2a)]&amp#27;[39m Calling AppiumDriver.getSession() with args: ["ff74bb2a-aef6-426f-929d-7e4633800f8c"]
[debug] &amp#27;[35m[UiAutomator2]&amp#27;[39m Getting session details from server to mix in
[debug] &amp#27;[35m[WD Proxy]&amp#27;[39m Matched '/' to command name 'getSession'
[debug] &amp#27;[35m[WD Proxy]&amp#27;[39m Proxying [GET /] to [GET http://127.0.0.1:8216/wd/hub/session/136acf6a-0576-4e68-ac4f-909dfaef9592] with body: {}
[debug] &amp#27;[35m[WD Proxy]&amp#27;[39m Got response with status 200: {"sessionId":"136acf6a-0576-4e68-ac4f-909dfaef9592","value":{}}
[debug] &amp#27;[35m[W3C (ff74bb2a)]&amp#27;[39m Responding to client with driver.getSession() result: {"platform":"LINUX","webStorageEnabled":false,"takesScreenshot":true,"javascriptEnabled":true,"databaseEnabled":false,"networkConnectionEnabled":true,"locationContextEnabled":false,"warnings":{},"desired":{"platformName":"android","app":"D:\\AppiumTutorial\\Projects\\AppiumFramework\\src\\original.apk","automationName":"Uiautomator2","chromedriverExecutable":"D:\\AppiumTutorial\\Projects\\Introduction\\BrowserDriver\\Google\\chromedriver.exe","deviceName":"Nexus5XPie9Emulator","newCommandTimeout":15},"platformName":"android","app":"D:\\AppiumTutorial\\Projects\\AppiumFramework\\src\\original.apk","automationName":"Uiautomator2","chromedriverExecutable":"D:\\AppiumTutorial\\Projects\\Introduction\\BrowserDriver\\Google\\chromedriver.exe","deviceName":"emulator-5554","newCommandTimeout":15,"deviceUDID":"emulator-5554","appPackage":"io.appium.android.apis","deviceApiLevel":28,"platformVersion":"9","deviceScreenSize":"1080x1920","deviceScreenDensity":420,"deviceModel":"AOSP on IA Emulator","deviceManufacturer"...
&amp#27;[35m[HTTP]&amp#27;[39m &amp#27;[37m<-- GET /wd/hub/session/ff74bb2a-aef6-426f-929d-7e4633800f8c &amp#27;[39m&amp#27;[32m200&amp#27;[39m &amp#27;[90m11 ms - 1141&amp#27;[39m
&amp#27;[35m[HTTP]&amp#27;[39m &amp#27;[90m&amp#27;[39m
&amp#27;[35m[HTTP]&amp#27;[39m &amp#27;[37m-->&amp#27;[39m &amp#27;[37mPOST&amp#27;[39m &amp#27;[37m/wd/hub/session/ff74bb2a-aef6-426f-929d-7e4633800f8c/element&amp#27;[39m
&amp#27;[35m[HTTP]&amp#27;[39m &amp#27;[90m{"using":"xpath","value":"//android.widget.TextView[@content-desc='3. Preference dependencies']"}&amp#27;[39m
[debug] &amp#27;[35m[W3C (ff74bb2a)]&amp#27;[39m Calling AppiumDriver.findElement() with args: ["xpath","//android.widget.TextView[@content-desc='3. Preference dependencies']","ff74bb2a-aef6-426f-929d-7e4633800f8c"]
[debug] &amp#27;[35m[BaseDriver]&amp#27;[39m Valid locator strategies for this request: xpath, id, class name, accessibility id, -android uiautomator
[debug] &amp#27;[35m[BaseDriver]&amp#27;[39m Waiting up to 10000 ms for condition
[debug] &amp#27;[35m[WD Proxy]&amp#27;[39m Matched '/element' to command name 'findElement'
[debug] &amp#27;[35m[WD Proxy]&amp#27;[39m Proxying [POST /element] to [POST http://127.0.0.1:8216/wd/hub/session/136acf6a-0576-4e68-ac4f-909dfaef9592/element] with body: {"strategy":"xpath","selector":"//android.widget.TextView[@content-desc='3. Preference dependencies']","context":"","multiple":false}
[debug] &amp#27;[35m[WD Proxy]&amp#27;[39m Got response with status 200: {"sessionId":"136acf6a-0576-4e68-ac4f-909dfaef9592","value":{"ELEMENT":"40722649-a3a4-4f71-8659-a12ba62a28f8","element-6066-11e4-a52e-4f735466cecf":"40722649-a3a4-4f71-8659-a12ba62a28f8"}}
[debug] &amp#27;[35m[W3C (ff74bb2a)]&amp#27;[39m Responding to client with driver.findElement() result: {"element-6066-11e4-a52e-4f735466cecf":"40722649-a3a4-4f71-8659-a12ba62a28f8","ELEMENT":"40722649-a3a4-4f71-8659-a12ba62a28f8"}
&amp#27;[35m[HTTP]&amp#27;[39m &amp#27;[37m<-- POST /wd/hub/session/ff74bb2a-aef6-426f-929d-7e4633800f8c/element &amp#27;[39m&amp#27;[32m200&amp#27;[39m &amp#27;[90m151 ms - 137&amp#27;[39m
&amp#27;[35m[HTTP]&amp#27;[39m &amp#27;[90m&amp#27;[39m
&amp#27;[35m[HTTP]&amp#27;[39m &amp#27;[37m-->&amp#27;[39m &amp#27;[37mPOST&amp#27;[39m &amp#27;[37m/wd/hub/session/ff74bb2a-aef6-426f-929d-7e4633800f8c/element/40722649-a3a4-4f71-8659-a12ba62a28f8/click&amp#27;[39m
&amp#27;[35m[HTTP]&amp#27;[39m &amp#27;[90m{"id":"40722649-a3a4-4f71-8659-a12ba62a28f8"}&amp#27;[39m
[debug] &amp#27;[35m[W3C (ff74bb2a)]&amp#27;[39m Calling AppiumDriver.click() with args: ["40722649-a3a4-4f71-8659-a12ba62a28f8","ff74bb2a-aef6-426f-929d-7e4633800f8c"]
[debug] &amp#27;[35m[WD Proxy]&amp#27;[39m Matched '/element/40722649-a3a4-4f71-8659-a12ba62a28f8/click' to command name 'click'
[debug] &amp#27;[35m[WD Proxy]&amp#27;[39m Proxying [POST /element/40722649-a3a4-4f71-8659-a12ba62a28f8/click] to [POST http://127.0.0.1:8216/wd/hub/session/136acf6a-0576-4e68-ac4f-909dfaef9592/element/40722649-a3a4-4f71-8659-a12ba62a28f8/click] with body: {"element":"40722649-a3a4-4f71-8659-a12ba62a28f8"}
[debug] &amp#27;[35m[WD Proxy]&amp#27;[39m Got response with status 200: {"sessionId":"136acf6a-0576-4e68-ac4f-909dfaef9592","value":null}
[debug] &amp#27;[35m[W3C (ff74bb2a)]&amp#27;[39m Responding to client with driver.click() result: null
&amp#27;[35m[HTTP]&amp#27;[39m &amp#27;[37m<-- POST /wd/hub/session/ff74bb2a-aef6-426f-929d-7e4633800f8c/element/40722649-a3a4-4f71-8659-a12ba62a28f8/click &amp#27;[39m&amp#27;[32m200&amp#27;[39m &amp#27;[90m1286 ms - 14&amp#27;[39m
&amp#27;[35m[HTTP]&amp#27;[39m &amp#27;[90m&amp#27;[39m
&amp#27;[35m[HTTP]&amp#27;[39m &amp#27;[37m-->&amp#27;[39m &amp#27;[37mPOST&amp#27;[39m &amp#27;[37m/wd/hub/session/ff74bb2a-aef6-426f-929d-7e4633800f8c/element&amp#27;[39m
&amp#27;[35m[HTTP]&amp#27;[39m &amp#27;[90m{"using":"id","value":"android:id/checkbox"}&amp#27;[39m
[debug] &amp#27;[35m[W3C (ff74bb2a)]&amp#27;[39m Calling AppiumDriver.findElement() with args: ["id","android:id/checkbox","ff74bb2a-aef6-426f-929d-7e4633800f8c"]
[debug] &amp#27;[35m[BaseDriver]&amp#27;[39m Valid locator strategies for this request: xpath, id, class name, accessibility id, -android uiautomator
[debug] &amp#27;[35m[BaseDriver]&amp#27;[39m Waiting up to 10000 ms for condition
[debug] &amp#27;[35m[WD Proxy]&amp#27;[39m Matched '/element' to command name 'findElement'
[debug] &amp#27;[35m[WD Proxy]&amp#27;[39m Proxying [POST /element] to [POST http://127.0.0.1:8216/wd/hub/session/136acf6a-0576-4e68-ac4f-909dfaef9592/element] with body: {"strategy":"id","selector":"android:id/checkbox","context":"","multiple":false}
[debug] &amp#27;[35m[WD Proxy]&amp#27;[39m Got response with status 200: {"sessionId":"136acf6a-0576-4e68-ac4f-909dfaef9592","value":{"ELEMENT":"07c3c412-6256-4ba8-9a73-857d23ba0a74","element-6066-11e4-a52e-4f735466cecf":"07c3c412-6256-4ba8-9a73-857d23ba0a74"}}
[debug] &amp#27;[35m[W3C (ff74bb2a)]&amp#27;[39m Responding to client with driver.findElement() result: {"element-6066-11e4-a52e-4f735466cecf":"07c3c412-6256-4ba8-9a73-857d23ba0a74","ELEMENT":"07c3c412-6256-4ba8-9a73-857d23ba0a74"}
&amp#27;[35m[HTTP]&amp#27;[39m &amp#27;[37m<-- POST /wd/hub/session/ff74bb2a-aef6-426f-929d-7e4633800f8c/element &amp#27;[39m&amp#27;[32m200&amp#27;[39m &amp#27;[90m45 ms - 137&amp#27;[39m
&amp#27;[35m[HTTP]&amp#27;[39m &amp#27;[90m&amp#27;[39m
&amp#27;[35m[HTTP]&amp#27;[39m &amp#27;[37m-->&amp#27;[39m &amp#27;[37mPOST&amp#27;[39m &amp#27;[37m/wd/hub/session/ff74bb2a-aef6-426f-929d-7e4633800f8c/element/07c3c412-6256-4ba8-9a73-857d23ba0a74/click&amp#27;[39m
&amp#27;[35m[HTTP]&amp#27;[39m &amp#27;[90m{"id":"07c3c412-6256-4ba8-9a73-857d23ba0a74"}&amp#27;[39m
[debug] &amp#27;[35m[W3C (ff74bb2a)]&amp#27;[39m Calling AppiumDriver.click() with args: ["07c3c412-6256-4ba8-9a73-857d23ba0a74","ff74bb2a-aef6-426f-929d-7e4633800f8c"]
[debug] &amp#27;[35m[WD Proxy]&amp#27;[39m Matched '/element/07c3c412-6256-4ba8-9a73-857d23ba0a74/click' to command name 'click'
[debug] &amp#27;[35m[WD Proxy]&amp#27;[39m Proxying [POST /element/07c3c412-6256-4ba8-9a73-857d23ba0a74/click] to [POST http://127.0.0.1:8216/wd/hub/session/136acf6a-0576-4e68-ac4f-909dfaef9592/element/07c3c412-6256-4ba8-9a73-857d23ba0a74/click] with body: {"element":"07c3c412-6256-4ba8-9a73-857d23ba0a74"}
[debug] &amp#27;[35m[WD Proxy]&amp#27;[39m Got response with status 200: {"sessionId":"136acf6a-0576-4e68-ac4f-909dfaef9592","value":null}
[debug] &amp#27;[35m[W3C (ff74bb2a)]&amp#27;[39m Responding to client with driver.click() result: null
&amp#27;[35m[HTTP]&amp#27;[39m &amp#27;[37m<-- POST /wd/hub/session/ff74bb2a-aef6-426f-929d-7e4633800f8c/element/07c3c412-6256-4ba8-9a73-857d23ba0a74/click &amp#27;[39m&amp#27;[32m200&amp#27;[39m &amp#27;[90m717 ms - 14&amp#27;[39m
&amp#27;[35m[HTTP]&amp#27;[39m &amp#27;[90m&amp#27;[39m
&amp#27;[35m[HTTP]&amp#27;[39m &amp#27;[37m-->&amp#27;[39m &amp#27;[37mPOST&amp#27;[39m &amp#27;[37m/wd/hub/session/ff74bb2a-aef6-426f-929d-7e4633800f8c/element&amp#27;[39m
&amp#27;[35m[HTTP]&amp#27;[39m &amp#27;[90m{"using":"xpath","value":"(//android.widget.RelativeLayout)[2]"}&amp#27;[39m
[debug] &amp#27;[35m[W3C (ff74bb2a)]&amp#27;[39m Calling AppiumDriver.findElement() with args: ["xpath","(//android.widget.RelativeLayout)[2]","ff74bb2a-aef6-426f-929d-7e4633800f8c"]
[debug] &amp#27;[35m[BaseDriver]&amp#27;[39m Valid locator strategies for this request: xpath, id, class name, accessibility id, -android uiautomator
[debug] &amp#27;[35m[BaseDriver]&amp#27;[39m Waiting up to 10000 ms for condition
[debug] &amp#27;[35m[WD Proxy]&amp#27;[39m Matched '/element' to command name 'findElement'
[debug] &amp#27;[35m[WD Proxy]&amp#27;[39m Proxying [POST /element] to [POST http://127.0.0.1:8216/wd/hub/session/136acf6a-0576-4e68-ac4f-909dfaef9592/element] with body: {"strategy":"xpath","selector":"(//android.widget.RelativeLayout)[2]","context":"","multiple":false}
[debug] &amp#27;[35m[WD Proxy]&amp#27;[39m Got response with status 200: {"sessionId":"136acf6a-0576-4e68-ac4f-909dfaef9592","value":{"ELEMENT":"a284dfa9-cef3-496b-923f-d017074e62d2","element-6066-11e4-a52e-4f735466cecf":"a284dfa9-cef3-496b-923f-d017074e62d2"}}
[debug] &amp#27;[35m[W3C (ff74bb2a)]&amp#27;[39m Responding to client with driver.findElement() result: {"element-6066-11e4-a52e-4f735466cecf":"a284dfa9-cef3-496b-923f-d017074e62d2","ELEMENT":"a284dfa9-cef3-496b-923f-d017074e62d2"}
&amp#27;[35m[HTTP]&amp#27;[39m &amp#27;[37m<-- POST /wd/hub/session/ff74bb2a-aef6-426f-929d-7e4633800f8c/element &amp#27;[39m&amp#27;[32m200&amp#27;[39m &amp#27;[90m106 ms - 137&amp#27;[39m
&amp#27;[35m[HTTP]&amp#27;[39m &amp#27;[90m&amp#27;[39m
&amp#27;[35m[HTTP]&amp#27;[39m &amp#27;[37m-->&amp#27;[39m &amp#27;[37mPOST&amp#27;[39m &amp#27;[37m/wd/hub/session/ff74bb2a-aef6-426f-929d-7e4633800f8c/element/a284dfa9-cef3-496b-923f-d017074e62d2/click&amp#27;[39m
&amp#27;[35m[HTTP]&amp#27;[39m &amp#27;[90m{"id":"a284dfa9-cef3-496b-923f-d017074e62d2"}&amp#27;[39m
[debug] &amp#27;[35m[W3C (ff74bb2a)]&amp#27;[39m Calling AppiumDriver.click() with args: ["a284dfa9-cef3-496b-923f-d017074e62d2","ff74bb2a-aef6-426f-929d-7e4633800f8c"]
[debug] &amp#27;[35m[WD Proxy]&amp#27;[39m Matched '/element/a284dfa9-cef3-496b-923f-d017074e62d2/click' to command name 'click'
[debug] &amp#27;[35m[WD Proxy]&amp#27;[39m Proxying [POST /element/a284dfa9-cef3-496b-923f-d017074e62d2/click] to [POST http://127.0.0.1:8216/wd/hub/session/136acf6a-0576-4e68-ac4f-909dfaef9592/element/a284dfa9-cef3-496b-923f-d017074e62d2/click] with body: {"element":"a284dfa9-cef3-496b-923f-d017074e62d2"}
[debug] &amp#27;[35m[WD Proxy]&amp#27;[39m Got response with status 200: {"sessionId":"136acf6a-0576-4e68-ac4f-909dfaef9592","value":null}
[debug] &amp#27;[35m[W3C (ff74bb2a)]&amp#27;[39m Responding to client with driver.click() result: null
&amp#27;[35m[HTTP]&amp#27;[39m &amp#27;[37m<-- POST /wd/hub/session/ff74bb2a-aef6-426f-929d-7e4633800f8c/element/a284dfa9-cef3-496b-923f-d017074e62d2/click &amp#27;[39m&amp#27;[32m200&amp#27;[39m &amp#27;[90m1313 ms - 14&amp#27;[39m
&amp#27;[35m[HTTP]&amp#27;[39m &amp#27;[90m&amp#27;[39m
&amp#27;[35m[HTTP]&amp#27;[39m &amp#27;[37m-->&amp#27;[39m &amp#27;[37mPOST&amp#27;[39m &amp#27;[37m/wd/hub/session/ff74bb2a-aef6-426f-929d-7e4633800f8c/element&amp#27;[39m
&amp#27;[35m[HTTP]&amp#27;[39m &amp#27;[90m{"using":"class name","value":"android.widget.EditText"}&amp#27;[39m
[debug] &amp#27;[35m[W3C (ff74bb2a)]&amp#27;[39m Calling AppiumDriver.findElement() with args: ["class name","android.widget.EditText","ff74bb2a-aef6-426f-929d-7e4633800f8c"]
[debug] &amp#27;[35m[BaseDriver]&amp#27;[39m Valid locator strategies for this request: xpath, id, class name, accessibility id, -android uiautomator
[debug] &amp#27;[35m[BaseDriver]&amp#27;[39m Waiting up to 10000 ms for condition
[debug] &amp#27;[35m[WD Proxy]&amp#27;[39m Matched '/element' to command name 'findElement'
[debug] &amp#27;[35m[WD Proxy]&amp#27;[39m Proxying [POST /element] to [POST http://127.0.0.1:8216/wd/hub/session/136acf6a-0576-4e68-ac4f-909dfaef9592/element] with body: {"strategy":"class name","selector":"android.widget.EditText","context":"","multiple":false}
[debug] &amp#27;[35m[WD Proxy]&amp#27;[39m Got response with status 200: {"sessionId":"136acf6a-0576-4e68-ac4f-909dfaef9592","value":{"ELEMENT":"802f2b72-d483-489f-a3c1-beb3973fe2a3","element-6066-11e4-a52e-4f735466cecf":"802f2b72-d483-489f-a3c1-beb3973fe2a3"}}
[debug] &amp#27;[35m[W3C (ff74bb2a)]&amp#27;[39m Responding to client with driver.findElement() result: {"element-6066-11e4-a52e-4f735466cecf":"802f2b72-d483-489f-a3c1-beb3973fe2a3","ELEMENT":"802f2b72-d483-489f-a3c1-beb3973fe2a3"}
&amp#27;[35m[HTTP]&amp#27;[39m &amp#27;[37m<-- POST /wd/hub/session/ff74bb2a-aef6-426f-929d-7e4633800f8c/element &amp#27;[39m&amp#27;[32m200&amp#27;[39m &amp#27;[90m41 ms - 137&amp#27;[39m
&amp#27;[35m[HTTP]&amp#27;[39m &amp#27;[90m&amp#27;[39m
&amp#27;[35m[HTTP]&amp#27;[39m &amp#27;[37m-->&amp#27;[39m &amp#27;[37mPOST&amp#27;[39m &amp#27;[37m/wd/hub/session/ff74bb2a-aef6-426f-929d-7e4633800f8c/element/802f2b72-d483-489f-a3c1-beb3973fe2a3/value&amp#27;[39m
&amp#27;[35m[HTTP]&amp#27;[39m &amp#27;[90m{"id":"802f2b72-d483-489f-a3c1-beb3973fe2a3","text":"Data Provider","value":["D","a","t","a"," ","P","r","o","v","i","d","e","r"]}&amp#27;[39m
[debug] &amp#27;[35m[W3C (ff74bb2a)]&amp#27;[39m Calling AppiumDriver.setValue() with args: [["D","a","t","a"," ","P","r","o","v","i","d","e","r"],"802f2b72-d483-489f-a3c1-beb3973fe2a3","ff74bb2a-aef6-426f-929d-7e4633800f8c"]
[debug] &amp#27;[35m[WD Proxy]&amp#27;[39m Matched '/element/802f2b72-d483-489f-a3c1-beb3973fe2a3/value' to command name 'setValue'
[debug] &amp#27;[35m[Protocol Converter]&amp#27;[39m Added 'value' property ["D","a","t","a"," ","P","r","o","v","i","d","e","r"] to 'setValue' request body
[debug] &amp#27;[35m[WD Proxy]&amp#27;[39m Proxying [POST /element/802f2b72-d483-489f-a3c1-beb3973fe2a3/value] to [POST http://127.0.0.1:8216/wd/hub/session/136acf6a-0576-4e68-ac4f-909dfaef9592/element/802f2b72-d483-489f-a3c1-beb3973fe2a3/value] with body: {"elementId":"802f2b72-d483-489f-a3c1-beb3973fe2a3","text":"Data Provider","replace":false,"value":["D","a","t","a"," ","P","r","o","v","i","d","e","r"]}
[debug] &amp#27;[35m[WD Proxy]&amp#27;[39m Got response with status 200: {"sessionId":"136acf6a-0576-4e68-ac4f-909dfaef9592","value":null}
[debug] &amp#27;[35m[W3C (ff74bb2a)]&amp#27;[39m Responding to client with driver.setValue() result: null
&amp#27;[35m[HTTP]&amp#27;[39m &amp#27;[37m<-- POST /wd/hub/session/ff74bb2a-aef6-426f-929d-7e4633800f8c/element/802f2b72-d483-489f-a3c1-beb3973fe2a3/value &amp#27;[39m&amp#27;[32m200&amp#27;[39m &amp#27;[90m34 ms - 14&amp#27;[39m
&amp#27;[35m[HTTP]&amp#27;[39m &amp#27;[90m&amp#27;[39m
&amp#27;[35m[HTTP]&amp#27;[39m &amp#27;[37m-->&amp#27;[39m &amp#27;[37mPOST&amp#27;[39m &amp#27;[37m/wd/hub/session/ff74bb2a-aef6-426f-929d-7e4633800f8c/element&amp#27;[39m
&amp#27;[35m[HTTP]&amp#27;[39m &amp#27;[90m{"using":"id","value":"android:id/button1"}&amp#27;[39m
[debug] &amp#27;[35m[W3C (ff74bb2a)]&amp#27;[39m Calling AppiumDriver.findElement() with args: ["id","android:id/button1","ff74bb2a-aef6-426f-929d-7e4633800f8c"]
[debug] &amp#27;[35m[BaseDriver]&amp#27;[39m Valid locator strategies for this request: xpath, id, class name, accessibility id, -android uiautomator
[debug] &amp#27;[35m[BaseDriver]&amp#27;[39m Waiting up to 10000 ms for condition
[debug] &amp#27;[35m[WD Proxy]&amp#27;[39m Matched '/element' to command name 'findElement'
[debug] &amp#27;[35m[WD Proxy]&amp#27;[39m Proxying [POST /element] to [POST http://127.0.0.1:8216/wd/hub/session/136acf6a-0576-4e68-ac4f-909dfaef9592/element] with body: {"strategy":"id","selector":"android:id/button1","context":"","multiple":false}
[debug] &amp#27;[35m[WD Proxy]&amp#27;[39m Got response with status 200: {"sessionId":"136acf6a-0576-4e68-ac4f-909dfaef9592","value":{"ELEMENT":"9771142d-75ea-4385-a9c5-7cc6e445fce9","element-6066-11e4-a52e-4f735466cecf":"9771142d-75ea-4385-a9c5-7cc6e445fce9"}}
[debug] &amp#27;[35m[W3C (ff74bb2a)]&amp#27;[39m Responding to client with driver.findElement() result: {"element-6066-11e4-a52e-4f735466cecf":"9771142d-75ea-4385-a9c5-7cc6e445fce9","ELEMENT":"9771142d-75ea-4385-a9c5-7cc6e445fce9"}
&amp#27;[35m[HTTP]&amp#27;[39m &amp#27;[37m<-- POST /wd/hub/session/ff74bb2a-aef6-426f-929d-7e4633800f8c/element &amp#27;[39m&amp#27;[32m200&amp#27;[39m &amp#27;[90m704 ms - 137&amp#27;[39m
&amp#27;[35m[HTTP]&amp#27;[39m &amp#27;[90m&amp#27;[39m
&amp#27;[35m[HTTP]&amp#27;[39m &amp#27;[37m-->&amp#27;[39m &amp#27;[37mPOST&amp#27;[39m &amp#27;[37m/wd/hub/session/ff74bb2a-aef6-426f-929d-7e4633800f8c/element/9771142d-75ea-4385-a9c5-7cc6e445fce9/click&amp#27;[39m
&amp#27;[35m[HTTP]&amp#27;[39m &amp#27;[90m{"id":"9771142d-75ea-4385-a9c5-7cc6e445fce9"}&amp#27;[39m
[debug] &amp#27;[35m[W3C (ff74bb2a)]&amp#27;[39m Calling AppiumDriver.click() with args: ["9771142d-75ea-4385-a9c5-7cc6e445fce9","ff74bb2a-aef6-426f-929d-7e4633800f8c"]
[debug] &amp#27;[35m[WD Proxy]&amp#27;[39m Matched '/element/9771142d-75ea-4385-a9c5-7cc6e445fce9/click' to command name 'click'
[debug] &amp#27;[35m[WD Proxy]&amp#27;[39m Proxying [POST /element/9771142d-75ea-4385-a9c5-7cc6e445fce9/click] to [POST http://127.0.0.1:8216/wd/hub/session/136acf6a-0576-4e68-ac4f-909dfaef9592/element/9771142d-75ea-4385-a9c5-7cc6e445fce9/click] with body: {"element":"9771142d-75ea-4385-a9c5-7cc6e445fce9"}
[debug] &amp#27;[35m[WD Proxy]&amp#27;[39m Got response with status 200: {"sessionId":"136acf6a-0576-4e68-ac4f-909dfaef9592","value":null}
[debug] &amp#27;[35m[W3C (ff74bb2a)]&amp#27;[39m Responding to client with driver.click() result: null
&amp#27;[35m[HTTP]&amp#27;[39m &amp#27;[37m<-- POST /wd/hub/session/ff74bb2a-aef6-426f-929d-7e4633800f8c/element/9771142d-75ea-4385-a9c5-7cc6e445fce9/click &amp#27;[39m&amp#27;[32m200&amp#27;[39m &amp#27;[90m24 ms - 14&amp#27;[39m
&amp#27;[35m[HTTP]&amp#27;[39m &amp#27;[90m&amp#27;[39m
]]></system-out>
    <system-err><![CDATA[Jun 22, 2020 10:37:02 PM io.appium.java_client.remote.AppiumCommandExecutor$1 lambda$0
INFO: Detected dialect: W3C
]]></system-err>
  </testcase>
  <testcase name="PageObjectMain[(#@*](2)" classname="Project.ApiDemoTest" time="20.317">
    <system-out><![CDATA[&amp#27;[35m[Appium]&amp#27;[39m Welcome to Appium v1.17.1
&amp#27;[35m[Appium]&amp#27;[39m Appium REST http interface listener started on 0.0.0.0:4723
&amp#27;[35m[HTTP]&amp#27;[39m &amp#27;[37m-->&amp#27;[39m &amp#27;[37mGET&amp#27;[39m &amp#27;[37m/wd/hub/status&amp#27;[39m
&amp#27;[35m[HTTP]&amp#27;[39m &amp#27;[90m{}&amp#27;[39m
[debug] &amp#27;[35m[GENERIC]&amp#27;[39m Calling AppiumDriver.getStatus() with args: []
[debug] &amp#27;[35m[GENERIC]&amp#27;[39m Responding to client with driver.getStatus() result: {"build":{"version":"1.17.1"}}
&amp#27;[35m[HTTP]&amp#27;[39m &amp#27;[37m<-- GET /wd/hub/status &amp#27;[39m&amp#27;[32m200&amp#27;[39m &amp#27;[90m5 ms - 68&amp#27;[39m
&amp#27;[35m[HTTP]&amp#27;[39m &amp#27;[90m&amp#27;[39m
&amp#27;[35m[HTTP]&amp#27;[39m &amp#27;[37m-->&amp#27;[39m &amp#27;[37mPOST&amp#27;[39m &amp#27;[37m/wd/hub/session&amp#27;[39m
&amp#27;[35m[HTTP]&amp#27;[39m &amp#27;[90m{"desiredCapabilities":{"app":"D:\\AppiumTutorial\\Projects\\AppiumFramework\\src\\original.apk","chromedriverExecutable":"D:\\AppiumTutorial\\Projects\\Introduction\\BrowserDriver\\Google\\chromedriver.exe","newCommandTimeout":15,"automationName":"Uiautomator2","platformName":"Android","deviceName":"Nexus5XPie9Emulator"},"capabilities":{"alwaysMatch":{"appium:app":"D:\\AppiumTutorial\\Projects\\AppiumFramework\\src\\original.apk","appium:automationName":"Uiautomator2","appium:chromedriverExecutable":"D:\\AppiumTutorial\\Projects\\Introduction\\BrowserDriver\\Google\\chromedriver.exe","appium:deviceName":"Nexus5XPie9Emulator","appium:newCommandTimeout":15,"platformName":"android"},"firstMatch":[{}]}}&amp#27;[39m
[debug] &amp#27;[35m[W3C]&amp#27;[39m Calling AppiumDriver.createSession() with args: [{"app":"D:\\AppiumTutorial\\Projects\\AppiumFramework\\src\\original.apk","chromedriverExecutable":"D:\\AppiumTutorial\\Projects\\Introduction\\BrowserDriver\\Google\\chromedriver.exe","newCommandTimeout":15,"automationName":"Uiautomator2","platformName":"Android","deviceName":"Nexus5XPie9Emulator"},null,{"alwaysMatch":{"appium:app":"D:\\AppiumTutorial\\Projects\\AppiumFramework\\src\\original.apk","appium:automationName":"Uiautomator2","appium:chromedriverExecutable":"D:\\AppiumTutorial\\Projects\\Introduction\\BrowserDriver\\Google\\chromedriver.exe","appium:deviceName":"Nexus5XPie9Emulator","appium:newCommandTimeout":15,"platformName":"android"},"firstMatch":[{}]}]
[debug] &amp#27;[35m[BaseDriver]&amp#27;[39m Event 'newSessionRequested' logged at 1592836632988 (22:37:12 GMT+0800 (Malaysia Time))
&amp#27;[35m[Appium]&amp#27;[39m Appium v1.17.1 creating new AndroidUiautomator2Driver (v1.44.2) session
[debug] &amp#27;[35m[BaseDriver]&amp#27;[39m W3C capabilities and MJSONWP desired capabilities were provided
[debug] &amp#27;[35m[BaseDriver]&amp#27;[39m Creating session with W3C capabilities: {
[debug] &amp#27;[35m[BaseDriver]&amp#27;[39m   "alwaysMatch": {
[debug] &amp#27;[35m[BaseDriver]&amp#27;[39m     "platformName": "android",
[debug] &amp#27;[35m[BaseDriver]&amp#27;[39m     "appium:app": "D:\\AppiumTutorial\\Projects\\AppiumFramework\\src\\original.apk",
[debug] &amp#27;[35m[BaseDriver]&amp#27;[39m     "appium:automationName": "Uiautomator2",
[debug] &amp#27;[35m[BaseDriver]&amp#27;[39m     "appium:chromedriverExecutable": "D:\\AppiumTutorial\\Projects\\Introduction\\BrowserDriver\\Google\\chromedriver.exe",
[debug] &amp#27;[35m[BaseDriver]&amp#27;[39m     "appium:deviceName": "Nexus5XPie9Emulator",
[debug] &amp#27;[35m[BaseDriver]&amp#27;[39m     "appium:newCommandTimeout": 15
[debug] &amp#27;[35m[BaseDriver]&amp#27;[39m   },
[debug] &amp#27;[35m[BaseDriver]&amp#27;[39m   "firstMatch": [
[debug] &amp#27;[35m[BaseDriver]&amp#27;[39m     {}
[debug] &amp#27;[35m[BaseDriver]&amp#27;[39m   ]
[debug] &amp#27;[35m[BaseDriver]&amp#27;[39m }
&amp#27;[35m[BaseDriver]&amp#27;[39m Session created with session id: e97454c4-ecde-472d-9cc5-c650c1cc54d8
&amp#27;[35m[BaseDriver]&amp#27;[39m Using local app 'D:\AppiumTutorial\Projects\AppiumFramework\src\original.apk'
[debug] &amp#27;[35m[UiAutomator2]&amp#27;[39m Checking whether app is actually present
&amp#27;[35m[ADB]&amp#27;[39m Found 1 'build-tools' folders under 'C:\Users\ANANTHAROOBAN\AppData\Local\Android\Sdk' (newest first):
&amp#27;[35m[ADB]&amp#27;[39m     C:/Users/ANANTHAROOBAN/AppData/Local/Android/Sdk/build-tools/29.0.3
&amp#27;[35m[ADB]&amp#27;[39m Using 'adb.exe' from 'C:\Users\ANANTHAROOBAN\AppData\Local\Android\Sdk\platform-tools\adb.exe'
&amp#27;[35m[AndroidDriver]&amp#27;[39m Retrieving device list
[debug] &amp#27;[35m[ADB]&amp#27;[39m Trying to find a connected android device
[debug] &amp#27;[35m[ADB]&amp#27;[39m Getting connected devices...
[debug] &amp#27;[35m[ADB]&amp#27;[39m Connected devices: [{"udid":"emulator-5554","state":"device"}]
&amp#27;[35m[AndroidDriver]&amp#27;[39m Using device: emulator-5554
&amp#27;[35m[ADB]&amp#27;[39m Using 'adb.exe' from 'C:\Users\ANANTHAROOBAN\AppData\Local\Android\Sdk\platform-tools\adb.exe'
[debug] &amp#27;[35m[ADB]&amp#27;[39m Setting device id to emulator-5554
[debug] &amp#27;[35m[ADB]&amp#27;[39m Running 'C:\Users\ANANTHAROOBAN\AppData\Local\Android\Sdk\platform-tools\adb.exe -P 5037 -s emulator-5554 shell getprop ro.build.version.sdk'
[debug] &amp#27;[35m[ADB]&amp#27;[39m Current device property 'ro.build.version.sdk': 28
&amp#27;[35m[ADB]&amp#27;[39m Getting device platform version
[debug] &amp#27;[35m[ADB]&amp#27;[39m Running 'C:\Users\ANANTHAROOBAN\AppData\Local\Android\Sdk\platform-tools\adb.exe -P 5037 -s emulator-5554 shell getprop ro.build.version.release'
[debug] &amp#27;[35m[ADB]&amp#27;[39m Current device property 'ro.build.version.release': 9
[debug] &amp#27;[35m[ADB]&amp#27;[39m Device API level: 28
&amp#27;[35m[UiAutomator2]&amp#27;[39m Relaxing hidden api policy
[debug] &amp#27;[35m[ADB]&amp#27;[39m Running 'C:\Users\ANANTHAROOBAN\AppData\Local\Android\Sdk\platform-tools\adb.exe -P 5037 -s emulator-5554 shell settings put global hidden_api_policy_pre_p_apps 1'
[debug] &amp#27;[35m[ADB]&amp#27;[39m Running 'C:\Users\ANANTHAROOBAN\AppData\Local\Android\Sdk\platform-tools\adb.exe -P 5037 -s emulator-5554 shell settings put global hidden_api_policy_p_apps 1'
[debug] &amp#27;[35m[ADB]&amp#27;[39m Running 'C:\Users\ANANTHAROOBAN\AppData\Local\Android\Sdk\platform-tools\adb.exe -P 5037 -s emulator-5554 shell settings put global hidden_api_policy 1'
[debug] &amp#27;[35m[AndroidDriver]&amp#27;[39m Parsing package and activity from app manifest
&amp#27;[35m[ADB]&amp#27;[39m Package name: 'io.appium.android.apis'
&amp#27;[35m[ADB]&amp#27;[39m Main activity name: 'ApiDemos'
[debug] &amp#27;[35m[AndroidDriver]&amp#27;[39m Parsed package and activity are: io.appium.android.apis/ApiDemos
[debug] &amp#27;[35m[ADB]&amp#27;[39m Running 'C:\Users\ANANTHAROOBAN\AppData\Local\Android\Sdk\platform-tools\adb.exe -P 5037 -s emulator-5554 wait-for-device'
[debug] &amp#27;[35m[ADB]&amp#27;[39m Running 'C:\Users\ANANTHAROOBAN\AppData\Local\Android\Sdk\platform-tools\adb.exe -P 5037 -s emulator-5554 shell echo ping'
[debug] &amp#27;[35m[AndroidDriver]&amp#27;[39m Pushing settings apk to device...
[debug] &amp#27;[35m[ADB]&amp#27;[39m Getting install status for io.appium.settings
[debug] &amp#27;[35m[ADB]&amp#27;[39m Running 'C:\Users\ANANTHAROOBAN\AppData\Local\Android\Sdk\platform-tools\adb.exe -P 5037 -s emulator-5554 shell dumpsys package io.appium.settings'
[debug] &amp#27;[35m[ADB]&amp#27;[39m 'io.appium.settings' is installed
[debug] &amp#27;[35m[ADB]&amp#27;[39m Getting package info for 'io.appium.settings'
[debug] &amp#27;[35m[ADB]&amp#27;[39m Running 'C:\Users\ANANTHAROOBAN\AppData\Local\Android\Sdk\platform-tools\adb.exe -P 5037 -s emulator-5554 shell dumpsys package io.appium.settings'
[debug] &amp#27;[35m[ADB]&amp#27;[39m The version name of the installed 'io.appium.settings' is greater or equal to the application version name ('3.1.0' >= '3.1.0')
[debug] &amp#27;[35m[ADB]&amp#27;[39m There is no need to install/upgrade 'C:\Users\ANANTHAROOBAN\AppData\Roaming\npm\node_modules\appium\node_modules\io.appium.settings\apks\settings_apk-debug.apk'
[debug] &amp#27;[35m[ADB]&amp#27;[39m Getting IDs of all 'io.appium.settings' processes
[debug] &amp#27;[35m[ADB]&amp#27;[39m Running 'C:\Users\ANANTHAROOBAN\AppData\Local\Android\Sdk\platform-tools\adb.exe -P 5037 -s emulator-5554 shell 'pgrep --help; echo $?''
[debug] &amp#27;[35m[ADB]&amp#27;[39m Running 'C:\Users\ANANTHAROOBAN\AppData\Local\Android\Sdk\platform-tools\adb.exe -P 5037 -s emulator-5554 shell pgrep -f io\\.appium\\.settings'
[debug] &amp#27;[35m[AndroidDriver]&amp#27;[39m io.appium.settings is already running. There is no need to reset its permissions.
[debug] &amp#27;[35m[ADB]&amp#27;[39m Running 'C:\Users\ANANTHAROOBAN\AppData\Local\Android\Sdk\platform-tools\adb.exe -P 5037 -s emulator-5554 shell appops set io.appium.settings android\:mock_location allow'
[debug] &amp#27;[35m[Logcat]&amp#27;[39m Starting logcat capture
[debug] &amp#27;[35m[UiAutomator2]&amp#27;[39m Forwarding UiAutomator2 Server port 6790 to 8217
[debug] &amp#27;[35m[ADB]&amp#27;[39m Forwarding system: 8217 to device: 6790
[debug] &amp#27;[35m[ADB]&amp#27;[39m Running 'C:\Users\ANANTHAROOBAN\AppData\Local\Android\Sdk\platform-tools\adb.exe -P 5037 -s emulator-5554 forward tcp\:8217 tcp\:6790'
[debug] &amp#27;[35m[ADB]&amp#27;[39m Getting install status for io.appium.uiautomator2.server
[debug] &amp#27;[35m[ADB]&amp#27;[39m Running 'C:\Users\ANANTHAROOBAN\AppData\Local\Android\Sdk\platform-tools\adb.exe -P 5037 -s emulator-5554 shell dumpsys package io.appium.uiautomator2.server'
[debug] &amp#27;[35m[ADB]&amp#27;[39m 'io.appium.uiautomator2.server' is installed
[debug] &amp#27;[35m[ADB]&amp#27;[39m Getting package info for 'io.appium.uiautomator2.server'
[debug] &amp#27;[35m[ADB]&amp#27;[39m Running 'C:\Users\ANANTHAROOBAN\AppData\Local\Android\Sdk\platform-tools\adb.exe -P 5037 -s emulator-5554 shell dumpsys package io.appium.uiautomator2.server'
[debug] &amp#27;[35m[ADB]&amp#27;[39m The version name of the installed 'io.appium.uiautomator2.server' is greater or equal to the application version name ('4.5.5' >= '4.5.5')
[debug] &amp#27;[35m[UiAutomator2]&amp#27;[39m io.appium.uiautomator2.server installation state: sameVersionInstalled
[debug] &amp#27;[35m[ADB]&amp#27;[39m Checking app cert for C:\Users\ANANTHAROOBAN\AppData\Roaming\npm\node_modules\appium\node_modules\appium-uiautomator2-server\apks\appium-uiautomator2-server-v4.5.5.apk
&amp#27;[35m[ADB]&amp#27;[39m Using 'apksigner.jar' from 'C:\Users\ANANTHAROOBAN\AppData\Local\Android\Sdk\build-tools\29.0.3\lib\apksigner.jar'
[debug] &amp#27;[35m[ADB]&amp#27;[39m Starting apksigner: 'C:\\Program Files\\Java\\jdk1.8.0_241\\bin\\java.exe' -Xmx1024M -Xss1m -jar C:\\Users\\ANANTHAROOBAN\\AppData\\Local\\Android\\Sdk\\build-tools\\29.0.3\\lib\\apksigner.jar verify --print-certs C:\\Users\\ANANTHAROOBAN\\AppData\\Roaming\\npm\\node_modules\\appium\\node_modules\\appium-uiautomator2-server\\apks\\appium-uiautomator2-server-v4.5.5.apk
[debug] &amp#27;[35m[ADB]&amp#27;[39m apksigner stdout: Signer #1 certificate DN: EMAILADDRESS=android@android.com, CN=Android, OU=Android, O=Android, L=Mountain View, ST=California, C=US
[debug] &amp#27;[35m[ADB]&amp#27;[39m Signer #1 certificate SHA-256 digest: a40da80a59d170caa950cf15c18c454d47a39b26989d8b640ecd745ba71bf5dc
[debug] &amp#27;[35m[ADB]&amp#27;[39m Signer #1 certificate SHA-1 digest: 61ed377e85d386a8dfee6b864bd85b0bfaa5af81
[debug] &amp#27;[35m[ADB]&amp#27;[39m Signer #1 certificate MD5 digest: e89b158e4bcf988ebd09eb83f5378e87
[debug] &amp#27;[35m[ADB]&amp#27;[39m 
[debug] &amp#27;[35m[ADB]&amp#27;[39m 'C:\Users\ANANTHAROOBAN\AppData\Roaming\npm\node_modules\appium\node_modules\appium-uiautomator2-server\apks\appium-uiautomator2-server-v4.5.5.apk' is signed with the default certificate
[debug] &amp#27;[35m[ADB]&amp#27;[39m Getting install status for io.appium.uiautomator2.server.test
[debug] &amp#27;[35m[ADB]&amp#27;[39m Running 'C:\Users\ANANTHAROOBAN\AppData\Local\Android\Sdk\platform-tools\adb.exe -P 5037 -s emulator-5554 shell dumpsys package io.appium.uiautomator2.server.test'
[debug] &amp#27;[35m[ADB]&amp#27;[39m 'io.appium.uiautomator2.server.test' is installed
[debug] &amp#27;[35m[ADB]&amp#27;[39m Checking app cert for C:\Users\ANANTHAROOBAN\AppData\Roaming\npm\node_modules\appium\node_modules\appium-uiautomator2-server\apks\appium-uiautomator2-server-debug-androidTest.apk
[debug] &amp#27;[35m[ADB]&amp#27;[39m Starting apksigner: 'C:\\Program Files\\Java\\jdk1.8.0_241\\bin\\java.exe' -Xmx1024M -Xss1m -jar C:\\Users\\ANANTHAROOBAN\\AppData\\Local\\Android\\Sdk\\build-tools\\29.0.3\\lib\\apksigner.jar verify --print-certs C:\\Users\\ANANTHAROOBAN\\AppData\\Roaming\\npm\\node_modules\\appium\\node_modules\\appium-uiautomator2-server\\apks\\appium-uiautomator2-server-debug-androidTest.apk
[debug] &amp#27;[35m[ADB]&amp#27;[39m apksigner stdout: Signer #1 certificate DN: EMAILADDRESS=android@android.com, CN=Android, OU=Android, O=Android, L=Mountain View, ST=California, C=US
[debug] &amp#27;[35m[ADB]&amp#27;[39m Signer #1 certificate SHA-256 digest: a40da80a59d170caa950cf15c18c454d47a39b26989d8b640ecd745ba71bf5dc
[debug] &amp#27;[35m[ADB]&amp#27;[39m Signer #1 certificate SHA-1 digest: 61ed377e85d386a8dfee6b864bd85b0bfaa5af81
[debug] &amp#27;[35m[ADB]&amp#27;[39m Signer #1 certificate MD5 digest: e89b158e4bcf988ebd09eb83f5378e87
[debug] &amp#27;[35m[ADB]&amp#27;[39m 
[debug] &amp#27;[35m[ADB]&amp#27;[39m 'C:\Users\ANANTHAROOBAN\AppData\Roaming\npm\node_modules\appium\node_modules\appium-uiautomator2-server\apks\appium-uiautomator2-server-debug-androidTest.apk' is signed with the default certificate
&amp#27;[35m[UiAutomator2]&amp#27;[39m Server packages are not going to be (re)installed
[debug] &amp#27;[35m[UiAutomator2]&amp#27;[39m Waiting up to 30000ms for services to be available
[debug] &amp#27;[35m[ADB]&amp#27;[39m Running 'C:\Users\ANANTHAROOBAN\AppData\Local\Android\Sdk\platform-tools\adb.exe -P 5037 -s emulator-5554 shell pm list instrumentation'
[debug] &amp#27;[35m[UiAutomator2]&amp#27;[39m Instrumentation target 'io.appium.uiautomator2.server.test/androidx.test.runner.AndroidJUnitRunner' is available
[debug] &amp#27;[35m[ADB]&amp#27;[39m Checking app cert for D:\AppiumTutorial\Projects\AppiumFramework\src\original.apk
[debug] &amp#27;[35m[ADB]&amp#27;[39m Starting apksigner: 'C:\\Program Files\\Java\\jdk1.8.0_241\\bin\\java.exe' -Xmx1024M -Xss1m -jar C:\\Users\\ANANTHAROOBAN\\AppData\\Local\\Android\\Sdk\\build-tools\\29.0.3\\lib\\apksigner.jar verify --print-certs D:\\AppiumTutorial\\Projects\\AppiumFramework\\src\\original.apk
[debug] &amp#27;[35m[ADB]&amp#27;[39m apksigner stdout: Signer #1 certificate DN: EMAILADDRESS=android@android.com, CN=Android, OU=Android, O=Android, L=Mountain View, ST=California, C=US
[debug] &amp#27;[35m[ADB]&amp#27;[39m Signer #1 certificate SHA-256 digest: a40da80a59d170caa950cf15c18c454d47a39b26989d8b640ecd745ba71bf5dc
[debug] &amp#27;[35m[ADB]&amp#27;[39m Signer #1 certificate SHA-1 digest: 61ed377e85d386a8dfee6b864bd85b0bfaa5af81
[debug] &amp#27;[35m[ADB]&amp#27;[39m Signer #1 certificate MD5 digest: e89b158e4bcf988ebd09eb83f5378e87
[debug] &amp#27;[35m[ADB]&amp#27;[39m 
[debug] &amp#27;[35m[ADB]&amp#27;[39m 'D:\AppiumTutorial\Projects\AppiumFramework\src\original.apk' is signed with the default certificate
[debug] &amp#27;[35m[ADB]&amp#27;[39m Getting install status for io.appium.android.apis
[debug] &amp#27;[35m[ADB]&amp#27;[39m Running 'C:\Users\ANANTHAROOBAN\AppData\Local\Android\Sdk\platform-tools\adb.exe -P 5037 -s emulator-5554 shell dumpsys package io.appium.android.apis'
[debug] &amp#27;[35m[ADB]&amp#27;[39m 'io.appium.android.apis' is installed
[debug] &amp#27;[35m[ADB]&amp#27;[39m Getting package info for 'io.appium.android.apis'
[debug] &amp#27;[35m[ADB]&amp#27;[39m Running 'C:\Users\ANANTHAROOBAN\AppData\Local\Android\Sdk\platform-tools\adb.exe -P 5037 -s emulator-5554 shell dumpsys package io.appium.android.apis'
&amp#27;[35m[ADB]&amp#27;[39m Cannot read version codes of 'D:\AppiumTutorial\Projects\AppiumFramework\src\original.apk' and/or 'io.appium.android.apis'
&amp#27;[35m[ADB]&amp#27;[39m Cannot read version names of 'D:\AppiumTutorial\Projects\AppiumFramework\src\original.apk' and/or 'io.appium.android.apis'
[debug] &amp#27;[35m[ADB]&amp#27;[39m The current install state of 'D:\AppiumTutorial\Projects\AppiumFramework\src\original.apk' is unknown. Installing anyway
[debug] &amp#27;[35m[ADB]&amp#27;[39m Running 'C:\Users\ANANTHAROOBAN\AppData\Local\Android\Sdk\platform-tools\adb.exe -P 5037 -s emulator-5554 help'
[debug] &amp#27;[35m[ADB]&amp#27;[39m Running 'C:\Users\ANANTHAROOBAN\AppData\Local\Android\Sdk\platform-tools\adb.exe -P 5037 -s emulator-5554 features'
&amp#27;[35m[ADB]&amp#27;[39m The application at 'D:\AppiumTutorial\Projects\AppiumFramework\src\original.apk' will not be cached, because the device under test has confirmed the support of streamed installs
[debug] &amp#27;[35m[ADB]&amp#27;[39m Running 'C:\Users\ANANTHAROOBAN\AppData\Local\Android\Sdk\platform-tools\adb.exe -P 5037 -s emulator-5554 install -r D:\\AppiumTutorial\\Projects\\AppiumFramework\\src\\original.apk'
&amp#27;[35m[ADB]&amp#27;[39m The installation of 'original.apk' took 677ms
[debug] &amp#27;[35m[ADB]&amp#27;[39m Install command stdout: Performing Streamed Install
[debug] &amp#27;[35m[ADB]&amp#27;[39m Success
&amp#27;[35m[AndroidDriver]&amp#27;[39m Performing fast reset on 'io.appium.android.apis'
[debug] &amp#27;[35m[ADB]&amp#27;[39m Getting install status for io.appium.android.apis
[debug] &amp#27;[35m[ADB]&amp#27;[39m Running 'C:\Users\ANANTHAROOBAN\AppData\Local\Android\Sdk\platform-tools\adb.exe -P 5037 -s emulator-5554 shell dumpsys package io.appium.android.apis'
[debug] &amp#27;[35m[ADB]&amp#27;[39m 'io.appium.android.apis' is installed
[debug] &amp#27;[35m[ADB]&amp#27;[39m Running 'C:\Users\ANANTHAROOBAN\AppData\Local\Android\Sdk\platform-tools\adb.exe -P 5037 -s emulator-5554 shell am force-stop io.appium.android.apis'
[debug] &amp#27;[35m[ADB]&amp#27;[39m Running 'C:\Users\ANANTHAROOBAN\AppData\Local\Android\Sdk\platform-tools\adb.exe -P 5037 -s emulator-5554 shell pm clear io.appium.android.apis'
[debug] &amp#27;[35m[AndroidDriver]&amp#27;[39m Performed fast reset on the installed 'io.appium.android.apis' application (stop and clear)
[debug] &amp#27;[35m[UiAutomator2]&amp#27;[39m Performing shallow cleanup of automation leftovers
[debug] &amp#27;[35m[UiAutomator2]&amp#27;[39m The following obsolete sessions are still running: ["136acf6a-0576-4e68-ac4f-909dfaef9592"]
[debug] &amp#27;[35m[UiAutomator2]&amp#27;[39m Cleaning up the obsolete sessions
[debug] &amp#27;[35m[ADB]&amp#27;[39m Running 'C:\Users\ANANTHAROOBAN\AppData\Local\Android\Sdk\platform-tools\adb.exe -P 5037 -s emulator-5554 shell am force-stop io.appium.uiautomator2.server.test'
&amp#27;[35m[UiAutomator2]&amp#27;[39m Starting UIAutomator2 server 4.5.5
&amp#27;[35m[UiAutomator2]&amp#27;[39m Using UIAutomator2 server from 'C:\Users\ANANTHAROOBAN\AppData\Roaming\npm\node_modules\appium\node_modules\appium-uiautomator2-server\apks\appium-uiautomator2-server-v4.5.5.apk' and test from 'C:\Users\ANANTHAROOBAN\AppData\Roaming\npm\node_modules\appium\node_modules\appium-uiautomator2-server\apks\appium-uiautomator2-server-debug-androidTest.apk'
&amp#27;[35m[UiAutomator2]&amp#27;[39m Waiting up to 30000ms for UiAutomator2 to be online...
[debug] &amp#27;[35m[ADB]&amp#27;[39m Creating ADB subprocess with args: ["-P",5037,"-s","emulator-5554","shell","am","instrument","-w","io.appium.uiautomator2.server.test/androidx.test.runner.AndroidJUnitRunner"]
[debug] &amp#27;[35m[WD Proxy]&amp#27;[39m Matched '/status' to command name 'getStatus'
[debug] &amp#27;[35m[WD Proxy]&amp#27;[39m Proxying [GET /status] to [GET http://127.0.0.1:8217/wd/hub/status] with no body
&amp#27;[35m[WD Proxy]&amp#27;[39m Got response with unknown status: {"code":"ECONNRESET"}
[debug] &amp#27;[35m[Instrumentation]&amp#27;[39m io.appium.uiautomator2.server.test.AppiumUiAutomator2Server:
[debug] &amp#27;[35m[WD Proxy]&amp#27;[39m Matched '/status' to command name 'getStatus'
[debug] &amp#27;[35m[WD Proxy]&amp#27;[39m Proxying [GET /status] to [GET http://127.0.0.1:8217/wd/hub/status] with no body
&amp#27;[35m[WD Proxy]&amp#27;[39m Got response with unknown status: {"code":"ECONNRESET"}
[debug] &amp#27;[35m[WD Proxy]&amp#27;[39m Matched '/status' to command name 'getStatus'
[debug] &amp#27;[35m[WD Proxy]&amp#27;[39m Proxying [GET /status] to [GET http://127.0.0.1:8217/wd/hub/status] with no body
[debug] &amp#27;[35m[WD Proxy]&amp#27;[39m Got response with status 200: {"sessionId":"None","value":{"ready":true,"message":"UiAutomator2 Server is ready to accept commands"}}
[debug] &amp#27;[35m[UiAutomator2]&amp#27;[39m The initialization of the instrumentation process took 3129ms
[debug] &amp#27;[35m[WD Proxy]&amp#27;[39m Matched '/session' to command name 'createSession'
[debug] &amp#27;[35m[WD Proxy]&amp#27;[39m Proxying [POST /session] to [POST http://127.0.0.1:8217/wd/hub/session] with body: {"capabilities":{"firstMatch":[{"platform":"LINUX","webStorageEnabled":false,"takesScreenshot":true,"javascriptEnabled":true,"databaseEnabled":false,"networkConnectionEnabled":true,"locationContextEnabled":false,"warnings":{},"desired":{"platformName":"android","app":"D:\\AppiumTutorial\\Projects\\AppiumFramework\\src\\original.apk","automationName":"Uiautomator2","chromedriverExecutable":"D:\\AppiumTutorial\\Projects\\Introduction\\BrowserDriver\\Google\\chromedriver.exe","deviceName":"Nexus5XPie9Emulator","newCommandTimeout":15},"platformName":"android","app":"D:\\AppiumTutorial\\Projects\\AppiumFramework\\src\\original.apk","automationName":"Uiautomator2","chromedriverExecutable":"D:\\AppiumTutorial\\Projects\\Introduction\\BrowserDriver\\Google\\chromedriver.exe","deviceName":"emulator-5554","newCommandTimeout":15,"deviceUDID":"emulator-5554","appPackage":"io.appium.android.apis"}],"alwaysMatch":{}}}
[debug] &amp#27;[35m[WD Proxy]&amp#27;[39m Got response with status 200: {"sessionId":"7035d78d-a1d5-4f8b-b159-0bc429a2c240","value":{"sessionId":"7035d78d-a1d5-4f8b-b159-0bc429a2c240","capabilities":{"firstMatch":[{"platform":"LINUX","webStorageEnabled":false,"takesScreenshot":true,"javascriptEnabled":true,"databaseEnabled":false,"networkConnectionEnabled":true,"locationContextEnabled":false,"warnings":{},"desired":{"platformName":"android","app":"D:\\AppiumTutorial\\Projects\\AppiumFramework\\src\\original.apk","automationName":"Uiautomator2","chromedriverExecutable":"D:\\AppiumTutorial\\Projects\\Introduction\\BrowserDriver\\Google\\chromedriver.exe","deviceName":"Nexus5XPie9Emulator","newCommandTimeout":15},"platformName":"android","app":"D:\\AppiumTutorial\\Projects\\AppiumFramework\\src\\original.apk","automationName":"Uiautomator2","chromedriverExecutable":"D:\\AppiumTutorial\\Projects\\Introduction\\BrowserDriver\\Google\\chromedriver.exe","deviceName":"emulator-5554","newCommandTimeout":15,"deviceUDID":"emulator-5554","appPackage":"io.appium.android.apis"}],"alwaysMatc...
&amp#27;[35m[WD Proxy]&amp#27;[39m Determined the downstream protocol as 'W3C'
[debug] &amp#27;[35m[WD Proxy]&amp#27;[39m Proxying [GET /appium/device/info] to [GET http://127.0.0.1:8217/wd/hub/session/7035d78d-a1d5-4f8b-b159-0bc429a2c240/appium/device/info] with no body
[debug] &amp#27;[35m[WD Proxy]&amp#27;[39m Got response with status 200: {"sessionId":"7035d78d-a1d5-4f8b-b159-0bc429a2c240","value":{"androidId":"bd81ae029876c0c2","manufacturer":"Google","model":"AOSP on IA Emulator","brand":"google","apiVersion":"28","platformVersion":"9","carrierName":"Android","realDisplaySize":"1080x1920","displayDensity":420,"networks":[{"type":1,"typeName":"WIFI","subtype":0,"subtypeName":"","isConnected":true,"detailedState":"CONNECTED","state":"CONNECTED","extraInfo":null,"isAvailable":true,"isFailover":false,"isRoaming":false,"capabilities":{"transportTypes":"TRANSPORT_WIFI","networkCapabilities":"NET_CAPABILITY_NOT_METERED,NET_CAPABILITY_INTERNET,NET_CAPABILITY_NOT_RESTRICTED,NET_CAPABILITY_TRUSTED,NET_CAPABILITY_NOT_VPN,NET_CAPABILITY_VALIDATED,NET_CAPABILITY_NOT_ROAMING,NET_CAPABILITY_FOREGROUND,NET_CAPABILITY_NOT_CONGESTED,NET_CAPABILITY_NOT_SUSPENDED","linkUpstreamBandwidthKbps":1048576,"linkDownBandwidthKbps":1048576,"signalStrength":-50,"networkSpecifier":null,"SSID":null}},{"type":0,"typeName":"MOBILE","subtype":13,"subtypeName":"LTE","isConn...
[debug] &amp#27;[35m[ADB]&amp#27;[39m Running 'C:\Users\ANANTHAROOBAN\AppData\Local\Android\Sdk\platform-tools\adb.exe -P 5037 -s emulator-5554 shell dumpsys window'
&amp#27;[35m[AndroidDriver]&amp#27;[39m Screen already unlocked, doing nothing
&amp#27;[35m[UiAutomator2]&amp#27;[39m Starting 'io.appium.android.apis/ApiDemos and waiting for 'io.appium.android.apis/ApiDemos'
[debug] &amp#27;[35m[ADB]&amp#27;[39m Running 'C:\Users\ANANTHAROOBAN\AppData\Local\Android\Sdk\platform-tools\adb.exe -P 5037 -s emulator-5554 shell am start -W -n io.appium.android.apis/ApiDemos -S -a android.intent.action.MAIN -c android.intent.category.LAUNCHER -f 0x10200000'
[debug] &amp#27;[35m[ADB]&amp#27;[39m We tried to start an activity that doesn't exist, retrying with '.ApiDemos' activity name
[debug] &amp#27;[35m[ADB]&amp#27;[39m Running 'C:\Users\ANANTHAROOBAN\AppData\Local\Android\Sdk\platform-tools\adb.exe -P 5037 -s emulator-5554 shell am start -W -n io.appium.android.apis/.ApiDemos -S -a android.intent.action.MAIN -c android.intent.category.LAUNCHER -f 0x10200000'
[debug] &amp#27;[35m[ADB]&amp#27;[39m Waiting up to 20000ms for activity matching pkg: 'io.appium.android.apis' and activity: 'ApiDemos' to be focused
[debug] &amp#27;[35m[ADB]&amp#27;[39m Possible activities, to be checked: 'ApiDemos', 'io.appium.android.apis.ApiDemos'
[debug] &amp#27;[35m[ADB]&amp#27;[39m Getting focused package and activity
[debug] &amp#27;[35m[ADB]&amp#27;[39m Running 'C:\Users\ANANTHAROOBAN\AppData\Local\Android\Sdk\platform-tools\adb.exe -P 5037 -s emulator-5554 shell dumpsys window windows'
[debug] &amp#27;[35m[ADB]&amp#27;[39m Found package: 'io.appium.android.apis' and fully qualified activity name : 'io.appium.android.apis.ApiDemos'
[debug] &amp#27;[35m[WD Proxy]&amp#27;[39m Proxying [GET /appium/device/pixel_ratio] to [GET http://127.0.0.1:8217/wd/hub/session/7035d78d-a1d5-4f8b-b159-0bc429a2c240/appium/device/pixel_ratio] with body: {}
[debug] &amp#27;[35m[WD Proxy]&amp#27;[39m Got response with status 200: {"sessionId":"7035d78d-a1d5-4f8b-b159-0bc429a2c240","value":2.625}
[debug] &amp#27;[35m[WD Proxy]&amp#27;[39m Matched '/appium/device/system_bars' to command name 'getSystemBars'
[debug] &amp#27;[35m[WD Proxy]&amp#27;[39m Proxying [GET /appium/device/system_bars] to [GET http://127.0.0.1:8217/wd/hub/session/7035d78d-a1d5-4f8b-b159-0bc429a2c240/appium/device/system_bars] with body: {}
[debug] &amp#27;[35m[WD Proxy]&amp#27;[39m Got response with status 200: {"sessionId":"7035d78d-a1d5-4f8b-b159-0bc429a2c240","value":{"statusBar":63}}
[debug] &amp#27;[35m[WD Proxy]&amp#27;[39m Matched '/window/current/size' to command name 'getWindowSize'
[debug] &amp#27;[35m[WD Proxy]&amp#27;[39m Proxying [GET /window/current/size] to [GET http://127.0.0.1:8217/wd/hub/session/7035d78d-a1d5-4f8b-b159-0bc429a2c240/window/current/size] with body: {}
[debug] &amp#27;[35m[WD Proxy]&amp#27;[39m Got response with status 200: {"sessionId":"7035d78d-a1d5-4f8b-b159-0bc429a2c240","value":{"height":1794,"width":1080}}
&amp#27;[35m[Appium]&amp#27;[39m New AndroidUiautomator2Driver session created successfully, session e97454c4-ecde-472d-9cc5-c650c1cc54d8 added to master session list
[debug] &amp#27;[35m[BaseDriver]&amp#27;[39m Event 'newSessionStarted' logged at 1592836643591 (22:37:23 GMT+0800 (Malaysia Time))
[debug] &amp#27;[35m[W3C (e97454c4)]&amp#27;[39m Cached the protocol value 'W3C' for the new session e97454c4-ecde-472d-9cc5-c650c1cc54d8
[debug] &amp#27;[35m[W3C (e97454c4)]&amp#27;[39m Responding to client with driver.createSession() result: {"capabilities":{"platform":"LINUX","webStorageEnabled":false,"takesScreenshot":true,"javascriptEnabled":true,"databaseEnabled":false,"networkConnectionEnabled":true,"locationContextEnabled":false,"warnings":{},"desired":{"platformName":"android","app":"D:\\AppiumTutorial\\Projects\\AppiumFramework\\src\\original.apk","automationName":"Uiautomator2","chromedriverExecutable":"D:\\AppiumTutorial\\Projects\\Introduction\\BrowserDriver\\Google\\chromedriver.exe","deviceName":"Nexus5XPie9Emulator","newCommandTimeout":15},"platformName":"android","app":"D:\\AppiumTutorial\\Projects\\AppiumFramework\\src\\original.apk","automationName":"Uiautomator2","chromedriverExecutable":"D:\\AppiumTutorial\\Projects\\Introduction\\BrowserDriver\\Google\\chromedriver.exe","deviceName":"emulator-5554","newCommandTimeout":15,"deviceUDID":"emulator-5554","appPackage":"io.appium.android.apis","deviceApiLevel":28,"platformVersion":"9","deviceScreenSize":"1080x1920","deviceScreenDensity":420,"deviceModel":"AOSP on IA Emulator","dev...
&amp#27;[35m[HTTP]&amp#27;[39m &amp#27;[37m<-- POST /wd/hub/session &amp#27;[39m&amp#27;[32m200&amp#27;[39m &amp#27;[90m10606 ms - 1209&amp#27;[39m
&amp#27;[35m[HTTP]&amp#27;[39m &amp#27;[90m&amp#27;[39m
&amp#27;[35m[HTTP]&amp#27;[39m &amp#27;[37m-->&amp#27;[39m &amp#27;[37mGET&amp#27;[39m &amp#27;[37m/wd/hub/session/e97454c4-ecde-472d-9cc5-c650c1cc54d8&amp#27;[39m
&amp#27;[35m[HTTP]&amp#27;[39m &amp#27;[90m{}&amp#27;[39m
[debug] &amp#27;[35m[W3C (e97454c4)]&amp#27;[39m Calling AppiumDriver.getSession() with args: ["e97454c4-ecde-472d-9cc5-c650c1cc54d8"]
[debug] &amp#27;[35m[UiAutomator2]&amp#27;[39m Getting session details from server to mix in
[debug] &amp#27;[35m[WD Proxy]&amp#27;[39m Matched '/' to command name 'getSession'
[debug] &amp#27;[35m[WD Proxy]&amp#27;[39m Proxying [GET /] to [GET http://127.0.0.1:8217/wd/hub/session/7035d78d-a1d5-4f8b-b159-0bc429a2c240] with body: {}
[debug] &amp#27;[35m[WD Proxy]&amp#27;[39m Got response with status 200: {"sessionId":"7035d78d-a1d5-4f8b-b159-0bc429a2c240","value":{}}
[debug] &amp#27;[35m[W3C (e97454c4)]&amp#27;[39m Responding to client with driver.getSession() result: {"platform":"LINUX","webStorageEnabled":false,"takesScreenshot":true,"javascriptEnabled":true,"databaseEnabled":false,"networkConnectionEnabled":true,"locationContextEnabled":false,"warnings":{},"desired":{"platformName":"android","app":"D:\\AppiumTutorial\\Projects\\AppiumFramework\\src\\original.apk","automationName":"Uiautomator2","chromedriverExecutable":"D:\\AppiumTutorial\\Projects\\Introduction\\BrowserDriver\\Google\\chromedriver.exe","deviceName":"Nexus5XPie9Emulator","newCommandTimeout":15},"platformName":"android","app":"D:\\AppiumTutorial\\Projects\\AppiumFramework\\src\\original.apk","automationName":"Uiautomator2","chromedriverExecutable":"D:\\AppiumTutorial\\Projects\\Introduction\\BrowserDriver\\Google\\chromedriver.exe","deviceName":"emulator-5554","newCommandTimeout":15,"deviceUDID":"emulator-5554","appPackage":"io.appium.android.apis","deviceApiLevel":28,"platformVersion":"9","deviceScreenSize":"1080x1920","deviceScreenDensity":420,"deviceModel":"AOSP on IA Emulator","deviceManufacturer"...
&amp#27;[35m[HTTP]&amp#27;[39m &amp#27;[37m<-- GET /wd/hub/session/e97454c4-ecde-472d-9cc5-c650c1cc54d8 &amp#27;[39m&amp#27;[32m200&amp#27;[39m &amp#27;[90m20 ms - 1141&amp#27;[39m
&amp#27;[35m[HTTP]&amp#27;[39m &amp#27;[90m&amp#27;[39m
&amp#27;[35m[HTTP]&amp#27;[39m &amp#27;[37m-->&amp#27;[39m &amp#27;[37mGET&amp#27;[39m &amp#27;[37m/wd/hub/session/e97454c4-ecde-472d-9cc5-c650c1cc54d8&amp#27;[39m
&amp#27;[35m[HTTP]&amp#27;[39m &amp#27;[90m{}&amp#27;[39m
[debug] &amp#27;[35m[W3C (e97454c4)]&amp#27;[39m Calling AppiumDriver.getSession() with args: ["e97454c4-ecde-472d-9cc5-c650c1cc54d8"]
[debug] &amp#27;[35m[UiAutomator2]&amp#27;[39m Getting session details from server to mix in
[debug] &amp#27;[35m[WD Proxy]&amp#27;[39m Matched '/' to command name 'getSession'
[debug] &amp#27;[35m[WD Proxy]&amp#27;[39m Proxying [GET /] to [GET http://127.0.0.1:8217/wd/hub/session/7035d78d-a1d5-4f8b-b159-0bc429a2c240] with body: {}
[debug] &amp#27;[35m[WD Proxy]&amp#27;[39m Got response with status 200: {"sessionId":"7035d78d-a1d5-4f8b-b159-0bc429a2c240","value":{}}
[debug] &amp#27;[35m[W3C (e97454c4)]&amp#27;[39m Responding to client with driver.getSession() result: {"platform":"LINUX","webStorageEnabled":false,"takesScreenshot":true,"javascriptEnabled":true,"databaseEnabled":false,"networkConnectionEnabled":true,"locationContextEnabled":false,"warnings":{},"desired":{"platformName":"android","app":"D:\\AppiumTutorial\\Projects\\AppiumFramework\\src\\original.apk","automationName":"Uiautomator2","chromedriverExecutable":"D:\\AppiumTutorial\\Projects\\Introduction\\BrowserDriver\\Google\\chromedriver.exe","deviceName":"Nexus5XPie9Emulator","newCommandTimeout":15},"platformName":"android","app":"D:\\AppiumTutorial\\Projects\\AppiumFramework\\src\\original.apk","automationName":"Uiautomator2","chromedriverExecutable":"D:\\AppiumTutorial\\Projects\\Introduction\\BrowserDriver\\Google\\chromedriver.exe","deviceName":"emulator-5554","newCommandTimeout":15,"deviceUDID":"emulator-5554","appPackage":"io.appium.android.apis","deviceApiLevel":28,"platformVersion":"9","deviceScreenSize":"1080x1920","deviceScreenDensity":420,"deviceModel":"AOSP on IA Emulator","deviceManufacturer"...
&amp#27;[35m[HTTP]&amp#27;[39m &amp#27;[37m<-- GET /wd/hub/session/e97454c4-ecde-472d-9cc5-c650c1cc54d8 &amp#27;[39m&amp#27;[32m200&amp#27;[39m &amp#27;[90m24 ms - 1141&amp#27;[39m
&amp#27;[35m[HTTP]&amp#27;[39m &amp#27;[90m&amp#27;[39m
&amp#27;[35m[HTTP]&amp#27;[39m &amp#27;[37m-->&amp#27;[39m &amp#27;[37mPOST&amp#27;[39m &amp#27;[37m/wd/hub/session/e97454c4-ecde-472d-9cc5-c650c1cc54d8/timeouts&amp#27;[39m
&amp#27;[35m[HTTP]&amp#27;[39m &amp#27;[90m{"implicit":10000}&amp#27;[39m
[debug] &amp#27;[35m[W3C (e97454c4)]&amp#27;[39m Calling AppiumDriver.timeouts() with args: [null,null,null,null,10000,"e97454c4-ecde-472d-9cc5-c650c1cc54d8"]
[debug] &amp#27;[35m[BaseDriver]&amp#27;[39m W3C timeout argument: {"implicit":10000}}
[debug] &amp#27;[35m[BaseDriver]&amp#27;[39m Set implicit wait to 10000ms
[debug] &amp#27;[35m[W3C (e97454c4)]&amp#27;[39m Responding to client with driver.timeouts() result: null
&amp#27;[35m[HTTP]&amp#27;[39m &amp#27;[37m<-- POST /wd/hub/session/e97454c4-ecde-472d-9cc5-c650c1cc54d8/timeouts &amp#27;[39m&amp#27;[32m200&amp#27;[39m &amp#27;[90m7 ms - 14&amp#27;[39m
&amp#27;[35m[HTTP]&amp#27;[39m &amp#27;[90m&amp#27;[39m
&amp#27;[35m[HTTP]&amp#27;[39m &amp#27;[37m-->&amp#27;[39m &amp#27;[37mGET&amp#27;[39m &amp#27;[37m/wd/hub/session/e97454c4-ecde-472d-9cc5-c650c1cc54d8&amp#27;[39m
&amp#27;[35m[HTTP]&amp#27;[39m &amp#27;[90m{}&amp#27;[39m
[debug] &amp#27;[35m[W3C (e97454c4)]&amp#27;[39m Calling AppiumDriver.getSession() with args: ["e97454c4-ecde-472d-9cc5-c650c1cc54d8"]
[debug] &amp#27;[35m[UiAutomator2]&amp#27;[39m Getting session details from server to mix in
[debug] &amp#27;[35m[WD Proxy]&amp#27;[39m Matched '/' to command name 'getSession'
[debug] &amp#27;[35m[WD Proxy]&amp#27;[39m Proxying [GET /] to [GET http://127.0.0.1:8217/wd/hub/session/7035d78d-a1d5-4f8b-b159-0bc429a2c240] with body: {}
[debug] &amp#27;[35m[WD Proxy]&amp#27;[39m Got response with status 200: {"sessionId":"7035d78d-a1d5-4f8b-b159-0bc429a2c240","value":{}}
[debug] &amp#27;[35m[W3C (e97454c4)]&amp#27;[39m Responding to client with driver.getSession() result: {"platform":"LINUX","webStorageEnabled":false,"takesScreenshot":true,"javascriptEnabled":true,"databaseEnabled":false,"networkConnectionEnabled":true,"locationContextEnabled":false,"warnings":{},"desired":{"platformName":"android","app":"D:\\AppiumTutorial\\Projects\\AppiumFramework\\src\\original.apk","automationName":"Uiautomator2","chromedriverExecutable":"D:\\AppiumTutorial\\Projects\\Introduction\\BrowserDriver\\Google\\chromedriver.exe","deviceName":"Nexus5XPie9Emulator","newCommandTimeout":15},"platformName":"android","app":"D:\\AppiumTutorial\\Projects\\AppiumFramework\\src\\original.apk","automationName":"Uiautomator2","chromedriverExecutable":"D:\\AppiumTutorial\\Projects\\Introduction\\BrowserDriver\\Google\\chromedriver.exe","deviceName":"emulator-5554","newCommandTimeout":15,"deviceUDID":"emulator-5554","appPackage":"io.appium.android.apis","deviceApiLevel":28,"platformVersion":"9","deviceScreenSize":"1080x1920","deviceScreenDensity":420,"deviceModel":"AOSP on IA Emulator","deviceManufacturer"...
&amp#27;[35m[HTTP]&amp#27;[39m &amp#27;[37m<-- GET /wd/hub/session/e97454c4-ecde-472d-9cc5-c650c1cc54d8 &amp#27;[39m&amp#27;[32m200&amp#27;[39m &amp#27;[90m19 ms - 1141&amp#27;[39m
&amp#27;[35m[HTTP]&amp#27;[39m &amp#27;[90m&amp#27;[39m
&amp#27;[35m[HTTP]&amp#27;[39m &amp#27;[37m-->&amp#27;[39m &amp#27;[37mGET&amp#27;[39m &amp#27;[37m/wd/hub/session/e97454c4-ecde-472d-9cc5-c650c1cc54d8&amp#27;[39m
&amp#27;[35m[HTTP]&amp#27;[39m &amp#27;[90m{}&amp#27;[39m
[debug] &amp#27;[35m[W3C (e97454c4)]&amp#27;[39m Calling AppiumDriver.getSession() with args: ["e97454c4-ecde-472d-9cc5-c650c1cc54d8"]
[debug] &amp#27;[35m[UiAutomator2]&amp#27;[39m Getting session details from server to mix in
[debug] &amp#27;[35m[WD Proxy]&amp#27;[39m Matched '/' to command name 'getSession'
[debug] &amp#27;[35m[WD Proxy]&amp#27;[39m Proxying [GET /] to [GET http://127.0.0.1:8217/wd/hub/session/7035d78d-a1d5-4f8b-b159-0bc429a2c240] with body: {}
[debug] &amp#27;[35m[WD Proxy]&amp#27;[39m Got response with status 200: {"sessionId":"7035d78d-a1d5-4f8b-b159-0bc429a2c240","value":{}}
[debug] &amp#27;[35m[W3C (e97454c4)]&amp#27;[39m Responding to client with driver.getSession() result: {"platform":"LINUX","webStorageEnabled":false,"takesScreenshot":true,"javascriptEnabled":true,"databaseEnabled":false,"networkConnectionEnabled":true,"locationContextEnabled":false,"warnings":{},"desired":{"platformName":"android","app":"D:\\AppiumTutorial\\Projects\\AppiumFramework\\src\\original.apk","automationName":"Uiautomator2","chromedriverExecutable":"D:\\AppiumTutorial\\Projects\\Introduction\\BrowserDriver\\Google\\chromedriver.exe","deviceName":"Nexus5XPie9Emulator","newCommandTimeout":15},"platformName":"android","app":"D:\\AppiumTutorial\\Projects\\AppiumFramework\\src\\original.apk","automationName":"Uiautomator2","chromedriverExecutable":"D:\\AppiumTutorial\\Projects\\Introduction\\BrowserDriver\\Google\\chromedriver.exe","deviceName":"emulator-5554","newCommandTimeout":15,"deviceUDID":"emulator-5554","appPackage":"io.appium.android.apis","deviceApiLevel":28,"platformVersion":"9","deviceScreenSize":"1080x1920","deviceScreenDensity":420,"deviceModel":"AOSP on IA Emulator","deviceManufacturer"...
&amp#27;[35m[HTTP]&amp#27;[39m &amp#27;[37m<-- GET /wd/hub/session/e97454c4-ecde-472d-9cc5-c650c1cc54d8 &amp#27;[39m&amp#27;[32m200&amp#27;[39m &amp#27;[90m20 ms - 1141&amp#27;[39m
&amp#27;[35m[HTTP]&amp#27;[39m &amp#27;[90m&amp#27;[39m
&amp#27;[35m[HTTP]&amp#27;[39m &amp#27;[37m-->&amp#27;[39m &amp#27;[37mGET&amp#27;[39m &amp#27;[37m/wd/hub/session/e97454c4-ecde-472d-9cc5-c650c1cc54d8&amp#27;[39m
&amp#27;[35m[HTTP]&amp#27;[39m &amp#27;[90m{}&amp#27;[39m
[debug] &amp#27;[35m[W3C (e97454c4)]&amp#27;[39m Calling AppiumDriver.getSession() with args: ["e97454c4-ecde-472d-9cc5-c650c1cc54d8"]
[debug] &amp#27;[35m[UiAutomator2]&amp#27;[39m Getting session details from server to mix in
[debug] &amp#27;[35m[WD Proxy]&amp#27;[39m Matched '/' to command name 'getSession'
[debug] &amp#27;[35m[WD Proxy]&amp#27;[39m Proxying [GET /] to [GET http://127.0.0.1:8217/wd/hub/session/7035d78d-a1d5-4f8b-b159-0bc429a2c240] with body: {}
[debug] &amp#27;[35m[WD Proxy]&amp#27;[39m Got response with status 200: {"sessionId":"7035d78d-a1d5-4f8b-b159-0bc429a2c240","value":{}}
[debug] &amp#27;[35m[W3C (e97454c4)]&amp#27;[39m Responding to client with driver.getSession() result: {"platform":"LINUX","webStorageEnabled":false,"takesScreenshot":true,"javascriptEnabled":true,"databaseEnabled":false,"networkConnectionEnabled":true,"locationContextEnabled":false,"warnings":{},"desired":{"platformName":"android","app":"D:\\AppiumTutorial\\Projects\\AppiumFramework\\src\\original.apk","automationName":"Uiautomator2","chromedriverExecutable":"D:\\AppiumTutorial\\Projects\\Introduction\\BrowserDriver\\Google\\chromedriver.exe","deviceName":"Nexus5XPie9Emulator","newCommandTimeout":15},"platformName":"android","app":"D:\\AppiumTutorial\\Projects\\AppiumFramework\\src\\original.apk","automationName":"Uiautomator2","chromedriverExecutable":"D:\\AppiumTutorial\\Projects\\Introduction\\BrowserDriver\\Google\\chromedriver.exe","deviceName":"emulator-5554","newCommandTimeout":15,"deviceUDID":"emulator-5554","appPackage":"io.appium.android.apis","deviceApiLevel":28,"platformVersion":"9","deviceScreenSize":"1080x1920","deviceScreenDensity":420,"deviceModel":"AOSP on IA Emulator","deviceManufacturer"...
&amp#27;[35m[HTTP]&amp#27;[39m &amp#27;[37m<-- GET /wd/hub/session/e97454c4-ecde-472d-9cc5-c650c1cc54d8 &amp#27;[39m&amp#27;[32m200&amp#27;[39m &amp#27;[90m18 ms - 1141&amp#27;[39m
&amp#27;[35m[HTTP]&amp#27;[39m &amp#27;[90m&amp#27;[39m
&amp#27;[35m[HTTP]&amp#27;[39m &amp#27;[37m-->&amp#27;[39m &amp#27;[37mGET&amp#27;[39m &amp#27;[37m/wd/hub/session/e97454c4-ecde-472d-9cc5-c650c1cc54d8&amp#27;[39m
&amp#27;[35m[HTTP]&amp#27;[39m &amp#27;[90m{}&amp#27;[39m
[debug] &amp#27;[35m[W3C (e97454c4)]&amp#27;[39m Calling AppiumDriver.getSession() with args: ["e97454c4-ecde-472d-9cc5-c650c1cc54d8"]
[debug] &amp#27;[35m[UiAutomator2]&amp#27;[39m Getting session details from server to mix in
[debug] &amp#27;[35m[WD Proxy]&amp#27;[39m Matched '/' to command name 'getSession'
[debug] &amp#27;[35m[WD Proxy]&amp#27;[39m Proxying [GET /] to [GET http://127.0.0.1:8217/wd/hub/session/7035d78d-a1d5-4f8b-b159-0bc429a2c240] with body: {}
[debug] &amp#27;[35m[WD Proxy]&amp#27;[39m Got response with status 200: {"sessionId":"7035d78d-a1d5-4f8b-b159-0bc429a2c240","value":{}}
[debug] &amp#27;[35m[W3C (e97454c4)]&amp#27;[39m Responding to client with driver.getSession() result: {"platform":"LINUX","webStorageEnabled":false,"takesScreenshot":true,"javascriptEnabled":true,"databaseEnabled":false,"networkConnectionEnabled":true,"locationContextEnabled":false,"warnings":{},"desired":{"platformName":"android","app":"D:\\AppiumTutorial\\Projects\\AppiumFramework\\src\\original.apk","automationName":"Uiautomator2","chromedriverExecutable":"D:\\AppiumTutorial\\Projects\\Introduction\\BrowserDriver\\Google\\chromedriver.exe","deviceName":"Nexus5XPie9Emulator","newCommandTimeout":15},"platformName":"android","app":"D:\\AppiumTutorial\\Projects\\AppiumFramework\\src\\original.apk","automationName":"Uiautomator2","chromedriverExecutable":"D:\\AppiumTutorial\\Projects\\Introduction\\BrowserDriver\\Google\\chromedriver.exe","deviceName":"emulator-5554","newCommandTimeout":15,"deviceUDID":"emulator-5554","appPackage":"io.appium.android.apis","deviceApiLevel":28,"platformVersion":"9","deviceScreenSize":"1080x1920","deviceScreenDensity":420,"deviceModel":"AOSP on IA Emulator","deviceManufacturer"...
&amp#27;[35m[HTTP]&amp#27;[39m &amp#27;[37m<-- GET /wd/hub/session/e97454c4-ecde-472d-9cc5-c650c1cc54d8 &amp#27;[39m&amp#27;[32m200&amp#27;[39m &amp#27;[90m18 ms - 1141&amp#27;[39m
&amp#27;[35m[HTTP]&amp#27;[39m &amp#27;[90m&amp#27;[39m
&amp#27;[35m[HTTP]&amp#27;[39m &amp#27;[37m-->&amp#27;[39m &amp#27;[37mGET&amp#27;[39m &amp#27;[37m/wd/hub/session/e97454c4-ecde-472d-9cc5-c650c1cc54d8&amp#27;[39m
&amp#27;[35m[HTTP]&amp#27;[39m &amp#27;[90m{}&amp#27;[39m
[debug] &amp#27;[35m[W3C (e97454c4)]&amp#27;[39m Calling AppiumDriver.getSession() with args: ["e97454c4-ecde-472d-9cc5-c650c1cc54d8"]
[debug] &amp#27;[35m[UiAutomator2]&amp#27;[39m Getting session details from server to mix in
[debug] &amp#27;[35m[WD Proxy]&amp#27;[39m Matched '/' to command name 'getSession'
[debug] &amp#27;[35m[WD Proxy]&amp#27;[39m Proxying [GET /] to [GET http://127.0.0.1:8217/wd/hub/session/7035d78d-a1d5-4f8b-b159-0bc429a2c240] with body: {}
[debug] &amp#27;[35m[WD Proxy]&amp#27;[39m Got response with status 200: {"sessionId":"7035d78d-a1d5-4f8b-b159-0bc429a2c240","value":{}}
[debug] &amp#27;[35m[W3C (e97454c4)]&amp#27;[39m Responding to client with driver.getSession() result: {"platform":"LINUX","webStorageEnabled":false,"takesScreenshot":true,"javascriptEnabled":true,"databaseEnabled":false,"networkConnectionEnabled":true,"locationContextEnabled":false,"warnings":{},"desired":{"platformName":"android","app":"D:\\AppiumTutorial\\Projects\\AppiumFramework\\src\\original.apk","automationName":"Uiautomator2","chromedriverExecutable":"D:\\AppiumTutorial\\Projects\\Introduction\\BrowserDriver\\Google\\chromedriver.exe","deviceName":"Nexus5XPie9Emulator","newCommandTimeout":15},"platformName":"android","app":"D:\\AppiumTutorial\\Projects\\AppiumFramework\\src\\original.apk","automationName":"Uiautomator2","chromedriverExecutable":"D:\\AppiumTutorial\\Projects\\Introduction\\BrowserDriver\\Google\\chromedriver.exe","deviceName":"emulator-5554","newCommandTimeout":15,"deviceUDID":"emulator-5554","appPackage":"io.appium.android.apis","deviceApiLevel":28,"platformVersion":"9","deviceScreenSize":"1080x1920","deviceScreenDensity":420,"deviceModel":"AOSP on IA Emulator","deviceManufacturer"...
&amp#27;[35m[HTTP]&amp#27;[39m &amp#27;[37m<-- GET /wd/hub/session/e97454c4-ecde-472d-9cc5-c650c1cc54d8 &amp#27;[39m&amp#27;[32m200&amp#27;[39m &amp#27;[90m18 ms - 1141&amp#27;[39m
&amp#27;[35m[HTTP]&amp#27;[39m &amp#27;[90m&amp#27;[39m
&amp#27;[35m[HTTP]&amp#27;[39m &amp#27;[37m-->&amp#27;[39m &amp#27;[37mPOST&amp#27;[39m &amp#27;[37m/wd/hub/session/e97454c4-ecde-472d-9cc5-c650c1cc54d8/element&amp#27;[39m
&amp#27;[35m[HTTP]&amp#27;[39m &amp#27;[90m{"using":"xpath","value":"//android.widget.TextView[@content-desc='Preference']"}&amp#27;[39m
[debug] &amp#27;[35m[W3C (e97454c4)]&amp#27;[39m Calling AppiumDriver.findElement() with args: ["xpath","//android.widget.TextView[@content-desc='Preference']","e97454c4-ecde-472d-9cc5-c650c1cc54d8"]
[debug] &amp#27;[35m[BaseDriver]&amp#27;[39m Valid locator strategies for this request: xpath, id, class name, accessibility id, -android uiautomator
[debug] &amp#27;[35m[BaseDriver]&amp#27;[39m Waiting up to 10000 ms for condition
[debug] &amp#27;[35m[WD Proxy]&amp#27;[39m Matched '/element' to command name 'findElement'
[debug] &amp#27;[35m[WD Proxy]&amp#27;[39m Proxying [POST /element] to [POST http://127.0.0.1:8217/wd/hub/session/7035d78d-a1d5-4f8b-b159-0bc429a2c240/element] with body: {"strategy":"xpath","selector":"//android.widget.TextView[@content-desc='Preference']","context":"","multiple":false}
[debug] &amp#27;[35m[WD Proxy]&amp#27;[39m Got response with status 200: {"sessionId":"7035d78d-a1d5-4f8b-b159-0bc429a2c240","value":{"ELEMENT":"6411100c-03fd-4e7c-9179-584967b3a1f7","element-6066-11e4-a52e-4f735466cecf":"6411100c-03fd-4e7c-9179-584967b3a1f7"}}
[debug] &amp#27;[35m[W3C (e97454c4)]&amp#27;[39m Responding to client with driver.findElement() result: {"element-6066-11e4-a52e-4f735466cecf":"6411100c-03fd-4e7c-9179-584967b3a1f7","ELEMENT":"6411100c-03fd-4e7c-9179-584967b3a1f7"}
&amp#27;[35m[HTTP]&amp#27;[39m &amp#27;[37m<-- POST /wd/hub/session/e97454c4-ecde-472d-9cc5-c650c1cc54d8/element &amp#27;[39m&amp#27;[32m200&amp#27;[39m &amp#27;[90m541 ms - 137&amp#27;[39m
&amp#27;[35m[HTTP]&amp#27;[39m &amp#27;[90m&amp#27;[39m
&amp#27;[35m[HTTP]&amp#27;[39m &amp#27;[37m-->&amp#27;[39m &amp#27;[37mPOST&amp#27;[39m &amp#27;[37m/wd/hub/session/e97454c4-ecde-472d-9cc5-c650c1cc54d8/element/6411100c-03fd-4e7c-9179-584967b3a1f7/click&amp#27;[39m
&amp#27;[35m[HTTP]&amp#27;[39m &amp#27;[90m{"id":"6411100c-03fd-4e7c-9179-584967b3a1f7"}&amp#27;[39m
[debug] &amp#27;[35m[W3C (e97454c4)]&amp#27;[39m Calling AppiumDriver.click() with args: ["6411100c-03fd-4e7c-9179-584967b3a1f7","e97454c4-ecde-472d-9cc5-c650c1cc54d8"]
[debug] &amp#27;[35m[WD Proxy]&amp#27;[39m Matched '/element/6411100c-03fd-4e7c-9179-584967b3a1f7/click' to command name 'click'
[debug] &amp#27;[35m[WD Proxy]&amp#27;[39m Proxying [POST /element/6411100c-03fd-4e7c-9179-584967b3a1f7/click] to [POST http://127.0.0.1:8217/wd/hub/session/7035d78d-a1d5-4f8b-b159-0bc429a2c240/element/6411100c-03fd-4e7c-9179-584967b3a1f7/click] with body: {"element":"6411100c-03fd-4e7c-9179-584967b3a1f7"}
[debug] &amp#27;[35m[WD Proxy]&amp#27;[39m Got response with status 200: {"sessionId":"7035d78d-a1d5-4f8b-b159-0bc429a2c240","value":null}
[debug] &amp#27;[35m[W3C (e97454c4)]&amp#27;[39m Responding to client with driver.click() result: null
&amp#27;[35m[HTTP]&amp#27;[39m &amp#27;[37m<-- POST /wd/hub/session/e97454c4-ecde-472d-9cc5-c650c1cc54d8/element/6411100c-03fd-4e7c-9179-584967b3a1f7/click &amp#27;[39m&amp#27;[32m200&amp#27;[39m &amp#27;[90m1323 ms - 14&amp#27;[39m
&amp#27;[35m[HTTP]&amp#27;[39m &amp#27;[90m&amp#27;[39m
&amp#27;[35m[HTTP]&amp#27;[39m &amp#27;[37m-->&amp#27;[39m &amp#27;[37mGET&amp#27;[39m &amp#27;[37m/wd/hub/session/e97454c4-ecde-472d-9cc5-c650c1cc54d8&amp#27;[39m
&amp#27;[35m[HTTP]&amp#27;[39m &amp#27;[90m{}&amp#27;[39m
[debug] &amp#27;[35m[W3C (e97454c4)]&amp#27;[39m Calling AppiumDriver.getSession() with args: ["e97454c4-ecde-472d-9cc5-c650c1cc54d8"]
[debug] &amp#27;[35m[UiAutomator2]&amp#27;[39m Getting session details from server to mix in
[debug] &amp#27;[35m[WD Proxy]&amp#27;[39m Matched '/' to command name 'getSession'
[debug] &amp#27;[35m[WD Proxy]&amp#27;[39m Proxying [GET /] to [GET http://127.0.0.1:8217/wd/hub/session/7035d78d-a1d5-4f8b-b159-0bc429a2c240] with body: {}
[debug] &amp#27;[35m[WD Proxy]&amp#27;[39m Got response with status 200: {"sessionId":"7035d78d-a1d5-4f8b-b159-0bc429a2c240","value":{}}
[debug] &amp#27;[35m[W3C (e97454c4)]&amp#27;[39m Responding to client with driver.getSession() result: {"platform":"LINUX","webStorageEnabled":false,"takesScreenshot":true,"javascriptEnabled":true,"databaseEnabled":false,"networkConnectionEnabled":true,"locationContextEnabled":false,"warnings":{},"desired":{"platformName":"android","app":"D:\\AppiumTutorial\\Projects\\AppiumFramework\\src\\original.apk","automationName":"Uiautomator2","chromedriverExecutable":"D:\\AppiumTutorial\\Projects\\Introduction\\BrowserDriver\\Google\\chromedriver.exe","deviceName":"Nexus5XPie9Emulator","newCommandTimeout":15},"platformName":"android","app":"D:\\AppiumTutorial\\Projects\\AppiumFramework\\src\\original.apk","automationName":"Uiautomator2","chromedriverExecutable":"D:\\AppiumTutorial\\Projects\\Introduction\\BrowserDriver\\Google\\chromedriver.exe","deviceName":"emulator-5554","newCommandTimeout":15,"deviceUDID":"emulator-5554","appPackage":"io.appium.android.apis","deviceApiLevel":28,"platformVersion":"9","deviceScreenSize":"1080x1920","deviceScreenDensity":420,"deviceModel":"AOSP on IA Emulator","deviceManufacturer"...
&amp#27;[35m[HTTP]&amp#27;[39m &amp#27;[37m<-- GET /wd/hub/session/e97454c4-ecde-472d-9cc5-c650c1cc54d8 &amp#27;[39m&amp#27;[32m200&amp#27;[39m &amp#27;[90m9 ms - 1141&amp#27;[39m
&amp#27;[35m[HTTP]&amp#27;[39m &amp#27;[90m&amp#27;[39m
&amp#27;[35m[HTTP]&amp#27;[39m &amp#27;[37m-->&amp#27;[39m &amp#27;[37mPOST&amp#27;[39m &amp#27;[37m/wd/hub/session/e97454c4-ecde-472d-9cc5-c650c1cc54d8/element&amp#27;[39m
&amp#27;[35m[HTTP]&amp#27;[39m &amp#27;[90m{"using":"xpath","value":"//android.widget.TextView[@content-desc='3. Preference dependencies']"}&amp#27;[39m
[debug] &amp#27;[35m[W3C (e97454c4)]&amp#27;[39m Calling AppiumDriver.findElement() with args: ["xpath","//android.widget.TextView[@content-desc='3. Preference dependencies']","e97454c4-ecde-472d-9cc5-c650c1cc54d8"]
[debug] &amp#27;[35m[BaseDriver]&amp#27;[39m Valid locator strategies for this request: xpath, id, class name, accessibility id, -android uiautomator
[debug] &amp#27;[35m[BaseDriver]&amp#27;[39m Waiting up to 10000 ms for condition
[debug] &amp#27;[35m[WD Proxy]&amp#27;[39m Matched '/element' to command name 'findElement'
[debug] &amp#27;[35m[WD Proxy]&amp#27;[39m Proxying [POST /element] to [POST http://127.0.0.1:8217/wd/hub/session/7035d78d-a1d5-4f8b-b159-0bc429a2c240/element] with body: {"strategy":"xpath","selector":"//android.widget.TextView[@content-desc='3. Preference dependencies']","context":"","multiple":false}
[debug] &amp#27;[35m[WD Proxy]&amp#27;[39m Got response with status 200: {"sessionId":"7035d78d-a1d5-4f8b-b159-0bc429a2c240","value":{"ELEMENT":"82fab8c7-71c3-4aef-91ea-794c4a15558d","element-6066-11e4-a52e-4f735466cecf":"82fab8c7-71c3-4aef-91ea-794c4a15558d"}}
[debug] &amp#27;[35m[W3C (e97454c4)]&amp#27;[39m Responding to client with driver.findElement() result: {"element-6066-11e4-a52e-4f735466cecf":"82fab8c7-71c3-4aef-91ea-794c4a15558d","ELEMENT":"82fab8c7-71c3-4aef-91ea-794c4a15558d"}
&amp#27;[35m[HTTP]&amp#27;[39m &amp#27;[37m<-- POST /wd/hub/session/e97454c4-ecde-472d-9cc5-c650c1cc54d8/element &amp#27;[39m&amp#27;[32m200&amp#27;[39m &amp#27;[90m158 ms - 137&amp#27;[39m
&amp#27;[35m[HTTP]&amp#27;[39m &amp#27;[90m&amp#27;[39m
&amp#27;[35m[HTTP]&amp#27;[39m &amp#27;[37m-->&amp#27;[39m &amp#27;[37mPOST&amp#27;[39m &amp#27;[37m/wd/hub/session/e97454c4-ecde-472d-9cc5-c650c1cc54d8/element/82fab8c7-71c3-4aef-91ea-794c4a15558d/click&amp#27;[39m
&amp#27;[35m[HTTP]&amp#27;[39m &amp#27;[90m{"id":"82fab8c7-71c3-4aef-91ea-794c4a15558d"}&amp#27;[39m
[debug] &amp#27;[35m[W3C (e97454c4)]&amp#27;[39m Calling AppiumDriver.click() with args: ["82fab8c7-71c3-4aef-91ea-794c4a15558d","e97454c4-ecde-472d-9cc5-c650c1cc54d8"]
[debug] &amp#27;[35m[WD Proxy]&amp#27;[39m Matched '/element/82fab8c7-71c3-4aef-91ea-794c4a15558d/click' to command name 'click'
[debug] &amp#27;[35m[WD Proxy]&amp#27;[39m Proxying [POST /element/82fab8c7-71c3-4aef-91ea-794c4a15558d/click] to [POST http://127.0.0.1:8217/wd/hub/session/7035d78d-a1d5-4f8b-b159-0bc429a2c240/element/82fab8c7-71c3-4aef-91ea-794c4a15558d/click] with body: {"element":"82fab8c7-71c3-4aef-91ea-794c4a15558d"}
[debug] &amp#27;[35m[WD Proxy]&amp#27;[39m Got response with status 200: {"sessionId":"7035d78d-a1d5-4f8b-b159-0bc429a2c240","value":null}
[debug] &amp#27;[35m[W3C (e97454c4)]&amp#27;[39m Responding to client with driver.click() result: null
&amp#27;[35m[HTTP]&amp#27;[39m &amp#27;[37m<-- POST /wd/hub/session/e97454c4-ecde-472d-9cc5-c650c1cc54d8/element/82fab8c7-71c3-4aef-91ea-794c4a15558d/click &amp#27;[39m&amp#27;[32m200&amp#27;[39m &amp#27;[90m1238 ms - 14&amp#27;[39m
&amp#27;[35m[HTTP]&amp#27;[39m &amp#27;[90m&amp#27;[39m
&amp#27;[35m[HTTP]&amp#27;[39m &amp#27;[37m-->&amp#27;[39m &amp#27;[37mPOST&amp#27;[39m &amp#27;[37m/wd/hub/session/e97454c4-ecde-472d-9cc5-c650c1cc54d8/element&amp#27;[39m
&amp#27;[35m[HTTP]&amp#27;[39m &amp#27;[90m{"using":"id","value":"android:id/checkbox"}&amp#27;[39m
[debug] &amp#27;[35m[W3C (e97454c4)]&amp#27;[39m Calling AppiumDriver.findElement() with args: ["id","android:id/checkbox","e97454c4-ecde-472d-9cc5-c650c1cc54d8"]
[debug] &amp#27;[35m[BaseDriver]&amp#27;[39m Valid locator strategies for this request: xpath, id, class name, accessibility id, -android uiautomator
[debug] &amp#27;[35m[BaseDriver]&amp#27;[39m Waiting up to 10000 ms for condition
[debug] &amp#27;[35m[WD Proxy]&amp#27;[39m Matched '/element' to command name 'findElement'
[debug] &amp#27;[35m[WD Proxy]&amp#27;[39m Proxying [POST /element] to [POST http://127.0.0.1:8217/wd/hub/session/7035d78d-a1d5-4f8b-b159-0bc429a2c240/element] with body: {"strategy":"id","selector":"android:id/checkbox","context":"","multiple":false}
[debug] &amp#27;[35m[WD Proxy]&amp#27;[39m Got response with status 200: {"sessionId":"7035d78d-a1d5-4f8b-b159-0bc429a2c240","value":{"ELEMENT":"24879b85-bda3-4ecb-84b5-3eebfa371151","element-6066-11e4-a52e-4f735466cecf":"24879b85-bda3-4ecb-84b5-3eebfa371151"}}
[debug] &amp#27;[35m[W3C (e97454c4)]&amp#27;[39m Responding to client with driver.findElement() result: {"element-6066-11e4-a52e-4f735466cecf":"24879b85-bda3-4ecb-84b5-3eebfa371151","ELEMENT":"24879b85-bda3-4ecb-84b5-3eebfa371151"}
&amp#27;[35m[HTTP]&amp#27;[39m &amp#27;[37m<-- POST /wd/hub/session/e97454c4-ecde-472d-9cc5-c650c1cc54d8/element &amp#27;[39m&amp#27;[32m200&amp#27;[39m &amp#27;[90m49 ms - 137&amp#27;[39m
&amp#27;[35m[HTTP]&amp#27;[39m &amp#27;[90m&amp#27;[39m
&amp#27;[35m[HTTP]&amp#27;[39m &amp#27;[37m-->&amp#27;[39m &amp#27;[37mPOST&amp#27;[39m &amp#27;[37m/wd/hub/session/e97454c4-ecde-472d-9cc5-c650c1cc54d8/element/24879b85-bda3-4ecb-84b5-3eebfa371151/click&amp#27;[39m
&amp#27;[35m[HTTP]&amp#27;[39m &amp#27;[90m{"id":"24879b85-bda3-4ecb-84b5-3eebfa371151"}&amp#27;[39m
[debug] &amp#27;[35m[W3C (e97454c4)]&amp#27;[39m Calling AppiumDriver.click() with args: ["24879b85-bda3-4ecb-84b5-3eebfa371151","e97454c4-ecde-472d-9cc5-c650c1cc54d8"]
[debug] &amp#27;[35m[WD Proxy]&amp#27;[39m Matched '/element/24879b85-bda3-4ecb-84b5-3eebfa371151/click' to command name 'click'
[debug] &amp#27;[35m[WD Proxy]&amp#27;[39m Proxying [POST /element/24879b85-bda3-4ecb-84b5-3eebfa371151/click] to [POST http://127.0.0.1:8217/wd/hub/session/7035d78d-a1d5-4f8b-b159-0bc429a2c240/element/24879b85-bda3-4ecb-84b5-3eebfa371151/click] with body: {"element":"24879b85-bda3-4ecb-84b5-3eebfa371151"}
[debug] &amp#27;[35m[WD Proxy]&amp#27;[39m Got response with status 200: {"sessionId":"7035d78d-a1d5-4f8b-b159-0bc429a2c240","value":null}
[debug] &amp#27;[35m[W3C (e97454c4)]&amp#27;[39m Responding to client with driver.click() result: null
&amp#27;[35m[HTTP]&amp#27;[39m &amp#27;[37m<-- POST /wd/hub/session/e97454c4-ecde-472d-9cc5-c650c1cc54d8/element/24879b85-bda3-4ecb-84b5-3eebfa371151/click &amp#27;[39m&amp#27;[32m200&amp#27;[39m &amp#27;[90m41 ms - 14&amp#27;[39m
&amp#27;[35m[HTTP]&amp#27;[39m &amp#27;[90m&amp#27;[39m
&amp#27;[35m[HTTP]&amp#27;[39m &amp#27;[37m-->&amp#27;[39m &amp#27;[37mPOST&amp#27;[39m &amp#27;[37m/wd/hub/session/e97454c4-ecde-472d-9cc5-c650c1cc54d8/element&amp#27;[39m
&amp#27;[35m[HTTP]&amp#27;[39m &amp#27;[90m{"using":"xpath","value":"(//android.widget.RelativeLayout)[2]"}&amp#27;[39m
[debug] &amp#27;[35m[W3C (e97454c4)]&amp#27;[39m Calling AppiumDriver.findElement() with args: ["xpath","(//android.widget.RelativeLayout)[2]","e97454c4-ecde-472d-9cc5-c650c1cc54d8"]
[debug] &amp#27;[35m[BaseDriver]&amp#27;[39m Valid locator strategies for this request: xpath, id, class name, accessibility id, -android uiautomator
[debug] &amp#27;[35m[BaseDriver]&amp#27;[39m Waiting up to 10000 ms for condition
[debug] &amp#27;[35m[WD Proxy]&amp#27;[39m Matched '/element' to command name 'findElement'
[debug] &amp#27;[35m[WD Proxy]&amp#27;[39m Proxying [POST /element] to [POST http://127.0.0.1:8217/wd/hub/session/7035d78d-a1d5-4f8b-b159-0bc429a2c240/element] with body: {"strategy":"xpath","selector":"(//android.widget.RelativeLayout)[2]","context":"","multiple":false}
[debug] &amp#27;[35m[WD Proxy]&amp#27;[39m Got response with status 200: {"sessionId":"7035d78d-a1d5-4f8b-b159-0bc429a2c240","value":{"ELEMENT":"e7fc6ff2-32b9-4820-97d1-a920c8af3874","element-6066-11e4-a52e-4f735466cecf":"e7fc6ff2-32b9-4820-97d1-a920c8af3874"}}
[debug] &amp#27;[35m[W3C (e97454c4)]&amp#27;[39m Responding to client with driver.findElement() result: {"element-6066-11e4-a52e-4f735466cecf":"e7fc6ff2-32b9-4820-97d1-a920c8af3874","ELEMENT":"e7fc6ff2-32b9-4820-97d1-a920c8af3874"}
&amp#27;[35m[HTTP]&amp#27;[39m &amp#27;[37m<-- POST /wd/hub/session/e97454c4-ecde-472d-9cc5-c650c1cc54d8/element &amp#27;[39m&amp#27;[32m200&amp#27;[39m &amp#27;[90m114 ms - 137&amp#27;[39m
&amp#27;[35m[HTTP]&amp#27;[39m &amp#27;[90m&amp#27;[39m
&amp#27;[35m[HTTP]&amp#27;[39m &amp#27;[37m-->&amp#27;[39m &amp#27;[37mPOST&amp#27;[39m &amp#27;[37m/wd/hub/session/e97454c4-ecde-472d-9cc5-c650c1cc54d8/element/e7fc6ff2-32b9-4820-97d1-a920c8af3874/click&amp#27;[39m
&amp#27;[35m[HTTP]&amp#27;[39m &amp#27;[90m{"id":"e7fc6ff2-32b9-4820-97d1-a920c8af3874"}&amp#27;[39m
[debug] &amp#27;[35m[W3C (e97454c4)]&amp#27;[39m Calling AppiumDriver.click() with args: ["e7fc6ff2-32b9-4820-97d1-a920c8af3874","e97454c4-ecde-472d-9cc5-c650c1cc54d8"]
[debug] &amp#27;[35m[WD Proxy]&amp#27;[39m Matched '/element/e7fc6ff2-32b9-4820-97d1-a920c8af3874/click' to command name 'click'
[debug] &amp#27;[35m[WD Proxy]&amp#27;[39m Proxying [POST /element/e7fc6ff2-32b9-4820-97d1-a920c8af3874/click] to [POST http://127.0.0.1:8217/wd/hub/session/7035d78d-a1d5-4f8b-b159-0bc429a2c240/element/e7fc6ff2-32b9-4820-97d1-a920c8af3874/click] with body: {"element":"e7fc6ff2-32b9-4820-97d1-a920c8af3874"}
[debug] &amp#27;[35m[WD Proxy]&amp#27;[39m Got response with status 200: {"sessionId":"7035d78d-a1d5-4f8b-b159-0bc429a2c240","value":null}
[debug] &amp#27;[35m[W3C (e97454c4)]&amp#27;[39m Responding to client with driver.click() result: null
&amp#27;[35m[HTTP]&amp#27;[39m &amp#27;[37m<-- POST /wd/hub/session/e97454c4-ecde-472d-9cc5-c650c1cc54d8/element/e7fc6ff2-32b9-4820-97d1-a920c8af3874/click &amp#27;[39m&amp#27;[32m200&amp#27;[39m &amp#27;[90m1187 ms - 14&amp#27;[39m
&amp#27;[35m[HTTP]&amp#27;[39m &amp#27;[90m&amp#27;[39m
&amp#27;[35m[HTTP]&amp#27;[39m &amp#27;[37m-->&amp#27;[39m &amp#27;[37mPOST&amp#27;[39m &amp#27;[37m/wd/hub/session/e97454c4-ecde-472d-9cc5-c650c1cc54d8/element&amp#27;[39m
&amp#27;[35m[HTTP]&amp#27;[39m &amp#27;[90m{"using":"class name","value":"android.widget.EditText"}&amp#27;[39m
[debug] &amp#27;[35m[W3C (e97454c4)]&amp#27;[39m Calling AppiumDriver.findElement() with args: ["class name","android.widget.EditText","e97454c4-ecde-472d-9cc5-c650c1cc54d8"]
[debug] &amp#27;[35m[BaseDriver]&amp#27;[39m Valid locator strategies for this request: xpath, id, class name, accessibility id, -android uiautomator
[debug] &amp#27;[35m[BaseDriver]&amp#27;[39m Waiting up to 10000 ms for condition
[debug] &amp#27;[35m[WD Proxy]&amp#27;[39m Matched '/element' to command name 'findElement'
[debug] &amp#27;[35m[WD Proxy]&amp#27;[39m Proxying [POST /element] to [POST http://127.0.0.1:8217/wd/hub/session/7035d78d-a1d5-4f8b-b159-0bc429a2c240/element] with body: {"strategy":"class name","selector":"android.widget.EditText","context":"","multiple":false}
[debug] &amp#27;[35m[WD Proxy]&amp#27;[39m Got response with status 200: {"sessionId":"7035d78d-a1d5-4f8b-b159-0bc429a2c240","value":{"ELEMENT":"ae48e84b-f152-47c0-959b-494e399c22b5","element-6066-11e4-a52e-4f735466cecf":"ae48e84b-f152-47c0-959b-494e399c22b5"}}
[debug] &amp#27;[35m[W3C (e97454c4)]&amp#27;[39m Responding to client with driver.findElement() result: {"element-6066-11e4-a52e-4f735466cecf":"ae48e84b-f152-47c0-959b-494e399c22b5","ELEMENT":"ae48e84b-f152-47c0-959b-494e399c22b5"}
&amp#27;[35m[HTTP]&amp#27;[39m &amp#27;[37m<-- POST /wd/hub/session/e97454c4-ecde-472d-9cc5-c650c1cc54d8/element &amp#27;[39m&amp#27;[32m200&amp#27;[39m &amp#27;[90m55 ms - 137&amp#27;[39m
&amp#27;[35m[HTTP]&amp#27;[39m &amp#27;[90m&amp#27;[39m
&amp#27;[35m[HTTP]&amp#27;[39m &amp#27;[37m-->&amp#27;[39m &amp#27;[37mPOST&amp#27;[39m &amp#27;[37m/wd/hub/session/e97454c4-ecde-472d-9cc5-c650c1cc54d8/element/ae48e84b-f152-47c0-959b-494e399c22b5/value&amp#27;[39m
&amp#27;[35m[HTTP]&amp#27;[39m &amp#27;[90m{"id":"ae48e84b-f152-47c0-959b-494e399c22b5","text":"(#@*","value":["(","#","@","*"]}&amp#27;[39m
[debug] &amp#27;[35m[W3C (e97454c4)]&amp#27;[39m Calling AppiumDriver.setValue() with args: [["(","#","@","*"],"ae48e84b-f152-47c0-959b-494e399c22b5","e97454c4-ecde-472d-9cc5-c650c1cc54d8"]
[debug] &amp#27;[35m[WD Proxy]&amp#27;[39m Matched '/element/ae48e84b-f152-47c0-959b-494e399c22b5/value' to command name 'setValue'
[debug] &amp#27;[35m[Protocol Converter]&amp#27;[39m Added 'value' property ["(","#","@","*"] to 'setValue' request body
[debug] &amp#27;[35m[WD Proxy]&amp#27;[39m Proxying [POST /element/ae48e84b-f152-47c0-959b-494e399c22b5/value] to [POST http://127.0.0.1:8217/wd/hub/session/7035d78d-a1d5-4f8b-b159-0bc429a2c240/element/ae48e84b-f152-47c0-959b-494e399c22b5/value] with body: {"elementId":"ae48e84b-f152-47c0-959b-494e399c22b5","text":"(#@*","replace":false,"value":["(","#","@","*"]}
[debug] &amp#27;[35m[WD Proxy]&amp#27;[39m Got response with status 200: {"sessionId":"7035d78d-a1d5-4f8b-b159-0bc429a2c240","value":null}
[debug] &amp#27;[35m[W3C (e97454c4)]&amp#27;[39m Responding to client with driver.setValue() result: null
&amp#27;[35m[HTTP]&amp#27;[39m &amp#27;[37m<-- POST /wd/hub/session/e97454c4-ecde-472d-9cc5-c650c1cc54d8/element/ae48e84b-f152-47c0-959b-494e399c22b5/value &amp#27;[39m&amp#27;[32m200&amp#27;[39m &amp#27;[90m52 ms - 14&amp#27;[39m
&amp#27;[35m[HTTP]&amp#27;[39m &amp#27;[90m&amp#27;[39m
&amp#27;[35m[HTTP]&amp#27;[39m &amp#27;[37m-->&amp#27;[39m &amp#27;[37mPOST&amp#27;[39m &amp#27;[37m/wd/hub/session/e97454c4-ecde-472d-9cc5-c650c1cc54d8/element&amp#27;[39m
&amp#27;[35m[HTTP]&amp#27;[39m &amp#27;[90m{"using":"id","value":"android:id/button1"}&amp#27;[39m
[debug] &amp#27;[35m[W3C (e97454c4)]&amp#27;[39m Calling AppiumDriver.findElement() with args: ["id","android:id/button1","e97454c4-ecde-472d-9cc5-c650c1cc54d8"]
[debug] &amp#27;[35m[BaseDriver]&amp#27;[39m Valid locator strategies for this request: xpath, id, class name, accessibility id, -android uiautomator
[debug] &amp#27;[35m[BaseDriver]&amp#27;[39m Waiting up to 10000 ms for condition
[debug] &amp#27;[35m[WD Proxy]&amp#27;[39m Matched '/element' to command name 'findElement'
[debug] &amp#27;[35m[WD Proxy]&amp#27;[39m Proxying [POST /element] to [POST http://127.0.0.1:8217/wd/hub/session/7035d78d-a1d5-4f8b-b159-0bc429a2c240/element] with body: {"strategy":"id","selector":"android:id/button1","context":"","multiple":false}
[debug] &amp#27;[35m[WD Proxy]&amp#27;[39m Got response with status 200: {"sessionId":"7035d78d-a1d5-4f8b-b159-0bc429a2c240","value":{"ELEMENT":"a8148357-3fb0-47af-a658-ad684121baa6","element-6066-11e4-a52e-4f735466cecf":"a8148357-3fb0-47af-a658-ad684121baa6"}}
[debug] &amp#27;[35m[W3C (e97454c4)]&amp#27;[39m Responding to client with driver.findElement() result: {"element-6066-11e4-a52e-4f735466cecf":"a8148357-3fb0-47af-a658-ad684121baa6","ELEMENT":"a8148357-3fb0-47af-a658-ad684121baa6"}
&amp#27;[35m[HTTP]&amp#27;[39m &amp#27;[37m<-- POST /wd/hub/session/e97454c4-ecde-472d-9cc5-c650c1cc54d8/element &amp#27;[39m&amp#27;[32m200&amp#27;[39m &amp#27;[90m730 ms - 137&amp#27;[39m
&amp#27;[35m[HTTP]&amp#27;[39m &amp#27;[90m&amp#27;[39m
&amp#27;[35m[HTTP]&amp#27;[39m &amp#27;[37m-->&amp#27;[39m &amp#27;[37mPOST&amp#27;[39m &amp#27;[37m/wd/hub/session/e97454c4-ecde-472d-9cc5-c650c1cc54d8/element/a8148357-3fb0-47af-a658-ad684121baa6/click&amp#27;[39m
&amp#27;[35m[HTTP]&amp#27;[39m &amp#27;[90m{"id":"a8148357-3fb0-47af-a658-ad684121baa6"}&amp#27;[39m
[debug] &amp#27;[35m[W3C (e97454c4)]&amp#27;[39m Calling AppiumDriver.click() with args: ["a8148357-3fb0-47af-a658-ad684121baa6","e97454c4-ecde-472d-9cc5-c650c1cc54d8"]
[debug] &amp#27;[35m[WD Proxy]&amp#27;[39m Matched '/element/a8148357-3fb0-47af-a658-ad684121baa6/click' to command name 'click'
[debug] &amp#27;[35m[WD Proxy]&amp#27;[39m Proxying [POST /element/a8148357-3fb0-47af-a658-ad684121baa6/click] to [POST http://127.0.0.1:8217/wd/hub/session/7035d78d-a1d5-4f8b-b159-0bc429a2c240/element/a8148357-3fb0-47af-a658-ad684121baa6/click] with body: {"element":"a8148357-3fb0-47af-a658-ad684121baa6"}
[debug] &amp#27;[35m[WD Proxy]&amp#27;[39m Got response with status 200: {"sessionId":"7035d78d-a1d5-4f8b-b159-0bc429a2c240","value":null}
[debug] &amp#27;[35m[W3C (e97454c4)]&amp#27;[39m Responding to client with driver.click() result: null
&amp#27;[35m[HTTP]&amp#27;[39m &amp#27;[37m<-- POST /wd/hub/session/e97454c4-ecde-472d-9cc5-c650c1cc54d8/element/a8148357-3fb0-47af-a658-ad684121baa6/click &amp#27;[39m&amp#27;[32m200&amp#27;[39m &amp#27;[90m24 ms - 14&amp#27;[39m
&amp#27;[35m[HTTP]&amp#27;[39m &amp#27;[90m&amp#27;[39m
]]></system-out>
    <system-err><![CDATA[Jun 22, 2020 10:37:23 PM io.appium.java_client.remote.AppiumCommandExecutor$1 lambda$0
INFO: Detected dialect: W3C
]]></system-err>
  </testcase>
</testsuite>