<?xml version="1.0" encoding="UTF-8"?>
<!-- Generated by org.testng.reporters.JUnitReportReporter -->
<testsuite hostname="LAPTOP-NM5D28JI" name="Project.ApiDemoTest" tests="2" failures="0" timestamp="22 Jun 2020 14:37:31 GMT" time="41.075" errors="0">
  <testcase name="PageObjectMain" time="20.751" classname="Project.ApiDemoTest"/>
  <testcase name="PageObjectMain" time="20.324" classname="Project.ApiDemoTest"/>
</testsuite> <!-- Project.ApiDemoTest -->
