<?xml version="1.0" encoding="UTF-8"?>
<!-- Generated by org.testng.reporters.JUnitReportReporter -->
<testsuite hostname="LAPTOP-NM5D28JI" name="Project.Ecommerce" tests="1" failures="0" timestamp="22 Jun 2020 14:37:31 GMT" time="39.330" errors="0">
  <testcase name="ValidateTotal" time="39.330" classname="Project.Ecommerce"/>
</testsuite> <!-- Project.Ecommerce -->
